Using pre-set license
Built from '2021.3/release' branch; Version is '2021.3.12f1 (8af3c3e441b1) revision 9106371'; Using compiler version '192829333'; Build Type 'Release'
OS: 'Windows 11  (10.0.22000) 64bit Core' Language: 'en' Physical Memory: 15776 MB
BatchMode: 1, IsHumanControllingUs: 0, StartBugReporterOnCrash: 0, Is64bit: 1, IsPro: 1

COMMAND LINE ARGUMENTS:
C:\Program Files\Unity\Hub\Editor\2021.3.12f1\Editor\Unity.exe
-adb2
-batchMode
-noUpm
-name
AssetImportWorker2
-projectPath
C:/Users/chess/Documents/TEC/Semestre5/Graficos/CarTrackSimulation/CarTrackSimulation
-logFile
Logs/AssetImportWorker2.log
-srvPort
61526
Successfully changed project path to: C:/Users/chess/Documents/TEC/Semestre5/Graficos/CarTrackSimulation/CarTrackSimulation
C:/Users/chess/Documents/TEC/Semestre5/Graficos/CarTrackSimulation/CarTrackSimulation
[UnityMemory] Configuration Parameters - Can be set up in boot.config
    "memorysetup-bucket-allocator-granularity=16"
    "memorysetup-bucket-allocator-bucket-count=8"
    "memorysetup-bucket-allocator-block-size=33554432"
    "memorysetup-bucket-allocator-block-count=8"
    "memorysetup-main-allocator-block-size=16777216"
    "memorysetup-thread-allocator-block-size=16777216"
    "memorysetup-gfx-main-allocator-block-size=16777216"
    "memorysetup-gfx-thread-allocator-block-size=16777216"
    "memorysetup-cache-allocator-block-size=4194304"
    "memorysetup-typetree-allocator-block-size=2097152"
    "memorysetup-profiler-bucket-allocator-granularity=16"
    "memorysetup-profiler-bucket-allocator-bucket-count=8"
    "memorysetup-profiler-bucket-allocator-block-size=33554432"
    "memorysetup-profiler-bucket-allocator-block-count=8"
    "memorysetup-profiler-allocator-block-size=16777216"
    "memorysetup-profiler-editor-allocator-block-size=1048576"
    "memorysetup-temp-allocator-size-main=16777216"
    "memorysetup-job-temp-allocator-block-size=2097152"
    "memorysetup-job-temp-allocator-block-size-background=1048576"
    "memorysetup-job-temp-allocator-reduction-small-platforms=262144"
    "memorysetup-temp-allocator-size-background-worker=32768"
    "memorysetup-temp-allocator-size-job-worker=262144"
    "memorysetup-temp-allocator-size-preload-manager=33554432"
    "memorysetup-temp-allocator-size-nav-mesh-worker=65536"
    "memorysetup-temp-allocator-size-audio-worker=65536"
    "memorysetup-temp-allocator-size-cloud-worker=32768"
    "memorysetup-temp-allocator-size-gi-baking-worker=262144"
    "memorysetup-temp-allocator-size-gfx=262144"
Refreshing native plugins compatible for Editor in 92.22 ms, found 3 plugins.
Preloading 0 native plugins for Editor in 0.00 ms.
Initialize engine version: 2021.3.12f1 (8af3c3e441b1)
[Subsystems] Discovering subsystems at path C:/Program Files/Unity/Hub/Editor/2021.3.12f1/Editor/Data/Resources/UnitySubsystems
[Subsystems] Discovering subsystems at path C:/Users/chess/Documents/TEC/Semestre5/Graficos/CarTrackSimulation/CarTrackSimulation/Assets
GfxDevice: creating device client; threaded=0; jobified=0
Direct3D:
    Version:  Direct3D 11.0 [level 11.1]
    Renderer: NVIDIA GeForce RTX 3070 Laptop GPU (ID=0x249d)
    Vendor:   NVIDIA
    VRAM:     8044 MB
    Driver:   31.0.15.2225
Initialize mono
Mono path[0] = 'C:/Program Files/Unity/Hub/Editor/2021.3.12f1/Editor/Data/Managed'
Mono path[1] = 'C:/Program Files/Unity/Hub/Editor/2021.3.12f1/Editor/Data/MonoBleedingEdge/lib/mono/unityjit-win32'
Mono config path = 'C:/Program Files/Unity/Hub/Editor/2021.3.12f1/Editor/Data/MonoBleedingEdge/etc'
Using monoOptions --debugger-agent=transport=dt_socket,embedding=1,server=y,suspend=n,address=127.0.0.1:56996
Begin MonoManager ReloadAssembly
Registering precompiled unity dll's ...
Register platform support module: C:/Program Files/Unity/Hub/Editor/2021.3.12f1/Editor/Data/PlaybackEngines/WebGLSupport/UnityEditor.WebGL.Extensions.dll
Register platform support module: C:/Program Files/Unity/Hub/Editor/2021.3.12f1/Editor/Data/PlaybackEngines/WindowsStandaloneSupport/UnityEditor.WindowsStandalone.Extensions.dll
Registered in 0.005223 seconds.
Native extension for WindowsStandalone target not found
Native extension for WebGL target not found
Refreshing native plugins compatible for Editor in 72.06 ms, found 3 plugins.
Preloading 0 native plugins for Editor in 0.00 ms.
Mono: successfully reloaded assembly
- Completed reload, in  0.685 seconds
Domain Reload Profiling:
	ReloadAssembly (685ms)
		BeginReloadAssembly (89ms)
			ExecutionOrderSort (0ms)
			DisableScriptedObjects (0ms)
			BackupInstance (0ms)
			ReleaseScriptingObjects (0ms)
			CreateAndSetChildDomain (1ms)
		EndReloadAssembly (470ms)
			LoadAssemblies (87ms)
			RebuildTransferFunctionScriptingTraits (0ms)
			SetupTypeCache (141ms)
			ReleaseScriptCaches (0ms)
			RebuildScriptCaches (26ms)
			SetupLoadedEditorAssemblies (252ms)
				LogAssemblyErrors (0ms)
				InitializePlatformSupportModulesInManaged (8ms)
				SetLoadedEditorAssemblies (0ms)
				RefreshPlugins (72ms)
				BeforeProcessingInitializeOnLoad (1ms)
				ProcessInitializeOnLoadAttributes (129ms)
				ProcessInitializeOnLoadMethodAttributes (41ms)
				AfterProcessingInitializeOnLoad (0ms)
				EditorAssembliesLoaded (0ms)
			ExecutionOrderSort2 (0ms)
			AwakeInstancesAfterBackupRestoration (0ms)
Platform modules already initialized, skipping
Registering precompiled user dll's ...
Registered in 0.005277 seconds.
Begin MonoManager ReloadAssembly
Symbol file LoadedFromMemory doesn't match image C:\Users\chess\Documents\TEC\Semestre5\Graficos\CarTrackSimulation\CarTrackSimulation\Library\PackageCache\com.unity.visualscripting@1.7.8\Editor\VisualScripting.Core\Dependencies\YamlDotNet\Unity.VisualScripting.YamlDotNet.dll
Symbol file LoadedFromMemory doesn't match image C:\Users\chess\Documents\TEC\Semestre5\Graficos\CarTrackSimulation\CarTrackSimulation\Library\PackageCache\com.unity.visualscripting@1.7.8\Editor\VisualScripting.Core\Dependencies\DotNetZip\Unity.VisualScripting.IonicZip.dll
Native extension for WindowsStandalone target not found
Native extension for WebGL target not found
Refreshing native plugins compatible for Editor in 1.23 ms, found 3 plugins.
Preloading 0 native plugins for Editor in 0.00 ms.
Mono: successfully reloaded assembly
- Completed reload, in  1.010 seconds
Domain Reload Profiling:
	ReloadAssembly (1010ms)
		BeginReloadAssembly (99ms)
			ExecutionOrderSort (0ms)
			DisableScriptedObjects (5ms)
			BackupInstance (0ms)
			ReleaseScriptingObjects (0ms)
			CreateAndSetChildDomain (23ms)
		EndReloadAssembly (796ms)
			LoadAssemblies (86ms)
			RebuildTransferFunctionScriptingTraits (0ms)
			SetupTypeCache (296ms)
			ReleaseScriptCaches (1ms)
			RebuildScriptCaches (47ms)
			SetupLoadedEditorAssemblies (331ms)
				LogAssemblyErrors (0ms)
				InitializePlatformSupportModulesInManaged (5ms)
				SetLoadedEditorAssemblies (0ms)
				RefreshPlugins (1ms)
				BeforeProcessingInitializeOnLoad (76ms)
				ProcessInitializeOnLoadAttributes (217ms)
				ProcessInitializeOnLoadMethodAttributes (26ms)
				AfterProcessingInitializeOnLoad (5ms)
				EditorAssembliesLoaded (0ms)
			ExecutionOrderSort2 (0ms)
			AwakeInstancesAfterBackupRestoration (6ms)
Platform modules already initialized, skipping
========================================================================
Worker process is ready to serve import requests
Launched and connected shader compiler UnityShaderCompiler.exe after 0.05 seconds
Refreshing native plugins compatible for Editor in 0.81 ms, found 3 plugins.
Preloading 0 native plugins for Editor in 0.00 ms.
Unloading 3386 Unused Serialized files (Serialized files now loaded: 0)
Unloading 27 unused Assets / (113.3 KB). Loaded Objects now: 3843.
Memory consumption went from 119.7 MB to 119.6 MB.
Total: 2.931600 ms (FindLiveObjects: 0.350200 ms CreateObjectMapping: 0.112000 ms MarkObjects: 2.367100 ms  DeleteObjects: 0.101000 ms)

AssetImportParameters requested are different than current active one (requested -> active):
  custom:video-decoder-ogg-theora: a1e56fd34408186e4bbccfd4996cb3dc -> 
  custom:container-muxer-webm: aa71ff27fc2769a1b78a27578f13a17b -> 
  custom:container-demuxer-webm: 4f35f7cbe854078d1ac9338744f61a02 -> 
  custom:video-encoder-webm-vp8: eb34c28f22e8b96e1ab97ce403110664 -> 
  custom:video-codec-MediaFoundation-h265: 746d11721c4dcdbdad8f713fa42b33f4 -> 
  custom:audio-encoder-webm-vorbis: bf7c407c2cedff20999df2af8eb42d56 -> 
  custom:framework-win-MediaFoundation: 216162199b28c13a410421893ffa2e32 -> 
  custom:container-demuxer-ogg: 62fdf1f143b41e24485cea50d1cbac27 -> 
  custom:video-decoder-webm-vp8: 9c59270c3fd7afecdb556c50c9e8de78 -> 
  custom:audio-decoder-ogg-vorbis: bf7c407c2cedff20999df2af8eb42d56 -> 
========================================================================
Received Import Request.
  Time since last request: 38941.645816 seconds.
  path: Assets/Models/Environment/bridge_pillar.fbx
  artifactKey: Guid(ff15d653c4cf2ec4db782f2a5cc1555c) Importer(815301076,1909f56bfc062723c751e8b465ee728b)
Start importing Assets/Models/Environment/bridge_pillar.fbx using Guid(ff15d653c4cf2ec4db782f2a5cc1555c) Importer(815301076,1909f56bfc062723c751e8b465ee728b)  -> (artifact id: '14764b44e9829565aac01d9304ec0a3b') in 0.192582 seconds 
========================================================================
Received Import Request.
  Time since last request: 0.000039 seconds.
  path: Assets/Models/Environment/light_square.fbx
  artifactKey: Guid(978580b449e339842bce1faf3474865e) Importer(815301076,1909f56bfc062723c751e8b465ee728b)
Start importing Assets/Models/Environment/light_square.fbx using Guid(978580b449e339842bce1faf3474865e) Importer(815301076,1909f56bfc062723c751e8b465ee728b)  -> (artifact id: '1d56f7458de749b5b494741b73f7feb7') in 0.035975 seconds 
========================================================================
Received Import Request.
  Time since last request: 0.000036 seconds.
  path: Assets/Models/Environment/road_endBarrier.fbx
  artifactKey: Guid(7d8cf1a9c358a254f98a8e221e0e3573) Importer(815301076,1909f56bfc062723c751e8b465ee728b)
Start importing Assets/Models/Environment/road_endBarrier.fbx using Guid(7d8cf1a9c358a254f98a8e221e0e3573) Importer(815301076,1909f56bfc062723c751e8b465ee728b)  -> (artifact id: '1f4227aaf280a9495b05135f909f183b') in 0.025188 seconds 
========================================================================
Received Import Request.
  Time since last request: 0.000025 seconds.
  path: Assets/Models/Environment/road_curve.fbx
  artifactKey: Guid(7512a67ef72e4864d9d3a4700a3df039) Importer(815301076,1909f56bfc062723c751e8b465ee728b)
Start importing Assets/Models/Environment/road_curve.fbx using Guid(7512a67ef72e4864d9d3a4700a3df039) Importer(815301076,1909f56bfc062723c751e8b465ee728b)  -> (artifact id: '9b5ab7a6300dd3f4b2dbdf0067e02cbc') in 0.038532 seconds 
========================================================================
Received Import Request.
  Time since last request: 0.000030 seconds.
  path: Assets/Models/Environment/road_bendBarrier.fbx
  artifactKey: Guid(0ad71ca59f84ab94dbe08d664d4599be) Importer(815301076,1909f56bfc062723c751e8b465ee728b)
Start importing Assets/Models/Environment/road_bendBarrier.fbx using Guid(0ad71ca59f84ab94dbe08d664d4599be) Importer(815301076,1909f56bfc062723c751e8b465ee728b)  -> (artifact id: '1d331fdd23929a002bcd0af6e5be70a0') in 0.024245 seconds 
========================================================================
Received Import Request.
  Time since last request: 0.000022 seconds.
  path: Assets/Models/Environment/road_endRoundBarrier.fbx
  artifactKey: Guid(56253d3a1671080438b4c31f76bc54c3) Importer(815301076,1909f56bfc062723c751e8b465ee728b)
Start importing Assets/Models/Environment/road_endRoundBarrier.fbx using Guid(56253d3a1671080438b4c31f76bc54c3) Importer(815301076,1909f56bfc062723c751e8b465ee728b)  -> (artifact id: '9eabd623257ba9f0bdfa606b4408b21c') in 0.020757 seconds 
========================================================================
Received Import Request.
  Time since last request: 0.000036 seconds.
  path: Assets/Models/Environment/road_intersection.fbx
  artifactKey: Guid(bfa194602a96c3643bb3c6f581abe2b7) Importer(815301076,1909f56bfc062723c751e8b465ee728b)
Start importing Assets/Models/Environment/road_intersection.fbx using Guid(bfa194602a96c3643bb3c6f581abe2b7) Importer(815301076,1909f56bfc062723c751e8b465ee728b)  -> (artifact id: '2cb8ae1dd9625ebcbb31d87ba9735d51') in 0.040573 seconds 
========================================================================
Received Import Request.
  Time since last request: 0.000034 seconds.
  path: Assets/Models/Environment/road_drivewaySingleBarrier.fbx
  artifactKey: Guid(f31495603bbe89b4ebbf70862b5e9bf7) Importer(815301076,1909f56bfc062723c751e8b465ee728b)
Start importing Assets/Models/Environment/road_drivewaySingleBarrier.fbx using Guid(f31495603bbe89b4ebbf70862b5e9bf7) Importer(815301076,1909f56bfc062723c751e8b465ee728b)  -> (artifact id: '0bf4075b076ade235ce1748b18017b34') in 0.023111 seconds 
========================================================================
Received Import Request.
  Time since last request: 0.000078 seconds.
  path: Assets/Models/Environment/road_crossroadPath.fbx
  artifactKey: Guid(fc2bb89b823699646adfadb37edeb76c) Importer(815301076,1909f56bfc062723c751e8b465ee728b)
Start importing Assets/Models/Environment/road_crossroadPath.fbx using Guid(fc2bb89b823699646adfadb37edeb76c) Importer(815301076,1909f56bfc062723c751e8b465ee728b)  -> (artifact id: '37d061a8573fb652782b8d9d40ae6e4c') in 0.037516 seconds 
========================================================================
Received Import Request.
  Time since last request: 0.000037 seconds.
  path: Assets/Models/Environment/road_intersectionBarrier.fbx
  artifactKey: Guid(c41f22a0419cc784f81a22c92faa9a76) Importer(815301076,1909f56bfc062723c751e8b465ee728b)
Start importing Assets/Models/Environment/road_intersectionBarrier.fbx using Guid(c41f22a0419cc784f81a22c92faa9a76) Importer(815301076,1909f56bfc062723c751e8b465ee728b)  -> (artifact id: '4c0b838cf927fe3d1bb4ad0b650c224a') in 0.025767 seconds 
========================================================================
Received Import Request.
  Time since last request: 2.990715 seconds.
  path: Assets/Models/Environment/road_intersectionLine.fbx
  artifactKey: Guid(c3edad5412f3ce347957f803ef2f2409) Importer(815301076,1909f56bfc062723c751e8b465ee728b)
Start importing Assets/Models/Environment/road_intersectionLine.fbx using Guid(c3edad5412f3ce347957f803ef2f2409) Importer(815301076,1909f56bfc062723c751e8b465ee728b)  -> (artifact id: 'e29b7c2c846ae287946698006277f08b') in 0.037484 seconds 
========================================================================
Received Import Request.
  Time since last request: 0.000055 seconds.
  path: Assets/Models/Environment/road_side.fbx
  artifactKey: Guid(c498a3cda843f414e9bb6def947215f9) Importer(815301076,1909f56bfc062723c751e8b465ee728b)
Start importing Assets/Models/Environment/road_side.fbx using Guid(c498a3cda843f414e9bb6def947215f9) Importer(815301076,1909f56bfc062723c751e8b465ee728b)  -> (artifact id: '6e85d5a1e5b81814a3ea2c56ba205b9d') in 0.043261 seconds 
========================================================================
Received Import Request.
  Time since last request: 78.717688 seconds.
  path: Assets/Models/Environment/road_sideEntry.fbx
  artifactKey: Guid(180ccb5cc45d70d449313cb42f10cddb) Importer(815301076,1909f56bfc062723c751e8b465ee728b)
Start importing Assets/Models/Environment/road_sideEntry.fbx using Guid(180ccb5cc45d70d449313cb42f10cddb) Importer(815301076,1909f56bfc062723c751e8b465ee728b)  -> (artifact id: 'fb48efd5ee5cba95b4df2180b0444d0e') in 0.038844 seconds 
========================================================================
Received Import Request.
  Time since last request: 2.895584 seconds.
  path: Assets/Models/Environment/road_sideExitBarrier.fbx
  artifactKey: Guid(1927bda70db8bd543abf6b233cad2942) Importer(815301076,1909f56bfc062723c751e8b465ee728b)
Start importing Assets/Models/Environment/road_sideExitBarrier.fbx using Guid(1927bda70db8bd543abf6b233cad2942) Importer(815301076,1909f56bfc062723c751e8b465ee728b)  -> (artifact id: '83964410d2b3ef698013014a929794e0') in 0.021096 seconds 
========================================================================
Received Import Request.
  Time since last request: 0.000029 seconds.
  path: Assets/Models/Environment/road_slantCurveBarrier.fbx
  artifactKey: Guid(bb33fe7b148444c41ae94909b0a50202) Importer(815301076,1909f56bfc062723c751e8b465ee728b)
Start importing Assets/Models/Environment/road_slantCurveBarrier.fbx using Guid(bb33fe7b148444c41ae94909b0a50202) Importer(815301076,1909f56bfc062723c751e8b465ee728b)  -> (artifact id: '758510e3f3ace01d19923880393aa8be') in 0.036853 seconds 
========================================================================
Received Import Request.
  Time since last request: 0.000033 seconds.
  path: Assets/Models/Environment/road_slantCurve.fbx
  artifactKey: Guid(4f5bb15c1f482d648bc01860265676e3) Importer(815301076,1909f56bfc062723c751e8b465ee728b)
Start importing Assets/Models/Environment/road_slantCurve.fbx using Guid(4f5bb15c1f482d648bc01860265676e3) Importer(815301076,1909f56bfc062723c751e8b465ee728b)  -> (artifact id: '8a9963e9355f5a8334230fffe0361a5e') in 0.046562 seconds 
========================================================================
Received Import Request.
  Time since last request: 0.868996 seconds.
  path: Assets/Models/Environment/road_slantFlat.fbx
  artifactKey: Guid(d7725e86e60c7b84789fd2be1faa1d5e) Importer(815301076,1909f56bfc062723c751e8b465ee728b)
Start importing Assets/Models/Environment/road_slantFlat.fbx using Guid(d7725e86e60c7b84789fd2be1faa1d5e) Importer(815301076,1909f56bfc062723c751e8b465ee728b)  -> (artifact id: 'db25765ca341fe7364807210ef086fa1') in 0.028841 seconds 
========================================================================
Received Import Request.
  Time since last request: 0.000139 seconds.
  path: Assets/Models/Environment/road_slantHighBarrier.fbx
  artifactKey: Guid(523b47dc4c3cb8a4a896e3d1fc7a7111) Importer(815301076,1909f56bfc062723c751e8b465ee728b)
Start importing Assets/Models/Environment/road_slantHighBarrier.fbx using Guid(523b47dc4c3cb8a4a896e3d1fc7a7111) Importer(815301076,1909f56bfc062723c751e8b465ee728b)  -> (artifact id: 'abd88e9918196dd954b5838fbb5b13ce') in 0.019424 seconds 
========================================================================
Received Import Request.
  Time since last request: 0.000043 seconds.
  path: Assets/Models/Environment/road_slantFlatHigh.fbx
  artifactKey: Guid(dd8a1392cb5165e44b42e811196cd1d7) Importer(815301076,1909f56bfc062723c751e8b465ee728b)
Start importing Assets/Models/Environment/road_slantFlatHigh.fbx using Guid(dd8a1392cb5165e44b42e811196cd1d7) Importer(815301076,1909f56bfc062723c751e8b465ee728b)  -> (artifact id: '630462d76d4d9b2540729e727dbc8763') in 0.034737 seconds 
========================================================================
Received Import Request.
  Time since last request: 1.352981 seconds.
  path: Assets/Models/Environment/road_split.fbx
  artifactKey: Guid(bb47243a19d947540812804c27596678) Importer(815301076,1909f56bfc062723c751e8b465ee728b)
Start importing Assets/Models/Environment/road_split.fbx using Guid(bb47243a19d947540812804c27596678) Importer(815301076,1909f56bfc062723c751e8b465ee728b)  -> (artifact id: 'abd35bb9913151217860be07a613f22b') in 0.033431 seconds 
========================================================================
Received Import Request.
  Time since last request: 0.000045 seconds.
  path: Assets/Models/Environment/road_straightBarrierEnd.fbx
  artifactKey: Guid(5330ca40cbc4f6e49a37e6865c218d5d) Importer(815301076,1909f56bfc062723c751e8b465ee728b)
Start importing Assets/Models/Environment/road_straightBarrierEnd.fbx using Guid(5330ca40cbc4f6e49a37e6865c218d5d) Importer(815301076,1909f56bfc062723c751e8b465ee728b)  -> (artifact id: '9b9164ff6e0ace77148d8db1e8c7ecb5') in 0.026643 seconds 
========================================================================
Received Import Request.
  Time since last request: 0.000233 seconds.
  path: Assets/Models/Environment/road_straight.fbx
  artifactKey: Guid(d9aaff1e83da94e4a9d4cb2116d98995) Importer(815301076,1909f56bfc062723c751e8b465ee728b)
Start importing Assets/Models/Environment/road_straight.fbx using Guid(d9aaff1e83da94e4a9d4cb2116d98995) Importer(815301076,1909f56bfc062723c751e8b465ee728b)  -> (artifact id: 'f4624d7040b7d077253ddaf67b626882') in 0.038612 seconds 
========================================================================
Received Import Request.
  Time since last request: 0.000037 seconds.
  path: Assets/Models/Environment/road_straightBarrier.fbx
  artifactKey: Guid(2d139b5acc309644f9c96b1c557d350e) Importer(815301076,1909f56bfc062723c751e8b465ee728b)
Start importing Assets/Models/Environment/road_straightBarrier.fbx using Guid(2d139b5acc309644f9c96b1c557d350e) Importer(815301076,1909f56bfc062723c751e8b465ee728b)  -> (artifact id: 'bb06295edbd351ff9d155f6abdb5d60f') in 0.023304 seconds 
========================================================================
Received Import Request.
  Time since last request: 0.000034 seconds.
  path: Assets/Models/Environment/road_square.fbx
  artifactKey: Guid(b7188341b57280140b2653106435d084) Importer(815301076,1909f56bfc062723c751e8b465ee728b)
Start importing Assets/Models/Environment/road_square.fbx using Guid(b7188341b57280140b2653106435d084) Importer(815301076,1909f56bfc062723c751e8b465ee728b)  -> (artifact id: '7e4ce16f923df1a4dd07539b0284a75d') in 0.031064 seconds 
========================================================================
Received Import Request.
  Time since last request: 1.172549 seconds.
  path: Assets/Models/Environment/tile_slantHigh.fbx
  artifactKey: Guid(c12a38c333b4f7b4682de8d8d72ad1cb) Importer(815301076,1909f56bfc062723c751e8b465ee728b)
Start importing Assets/Models/Environment/tile_slantHigh.fbx using Guid(c12a38c333b4f7b4682de8d8d72ad1cb) Importer(815301076,1909f56bfc062723c751e8b465ee728b)  -> (artifact id: 'cf1a5d80e85745df0f3e056a535aa3e8') in 0.021299 seconds 
========================================================================
Received Import Request.
  Time since last request: 1521.203910 seconds.
  path: Assets/Models/Environment/Roads
  artifactKey: Guid(a58fb3b0e11952543963965e8d091089) Importer(815301076,1909f56bfc062723c751e8b465ee728b)
Start importing Assets/Models/Environment/Roads using Guid(a58fb3b0e11952543963965e8d091089) Importer(815301076,1909f56bfc062723c751e8b465ee728b)  -> (artifact id: '466dda9830188540891762d19c2bc162') in 0.008511 seconds 
========================================================================
Received Import Request.
  Time since last request: 13.178910 seconds.
  path: Assets/Models/Environment/Buildings
  artifactKey: Guid(26cc317ec64b54c45b347ca47b7dd178) Importer(815301076,1909f56bfc062723c751e8b465ee728b)
Start importing Assets/Models/Environment/Buildings using Guid(26cc317ec64b54c45b347ca47b7dd178) Importer(815301076,1909f56bfc062723c751e8b465ee728b)  -> (artifact id: 'e1476ad7cc3e96dfb7a37dfea9d1c57f') in 0.007712 seconds 
========================================================================
Received Import Request.
  Time since last request: 8.732857 seconds.
  path: Assets/Models/Environment/Buildings/detail_awning.fbx
  artifactKey: Guid(d6938c02ac64d5a46b0c44127cffea36) Importer(815301076,1909f56bfc062723c751e8b465ee728b)
Start importing Assets/Models/Environment/Buildings/detail_awning.fbx using Guid(d6938c02ac64d5a46b0c44127cffea36) Importer(815301076,1909f56bfc062723c751e8b465ee728b)  -> (artifact id: '95e6b82f793e2f0acdd4b6d50d1a986e') in 0.047956 seconds 
========================================================================
Received Import Request.
  Time since last request: 0.000032 seconds.
  path: Assets/Models/Environment/Buildings/large_buildingF.fbx
  artifactKey: Guid(7a4cd8fec149ce34999bb2f7c23c7c3b) Importer(815301076,1909f56bfc062723c751e8b465ee728b)
Start importing Assets/Models/Environment/Buildings/large_buildingF.fbx using Guid(7a4cd8fec149ce34999bb2f7c23c7c3b) Importer(815301076,1909f56bfc062723c751e8b465ee728b)  -> (artifact id: '2857c9e2e0f507fd5e2088ca1fe9ffec') in 0.049332 seconds 
========================================================================
Received Import Request.
  Time since last request: 0.000067 seconds.
  path: Assets/Models/Environment/Buildings/detail_umbrellaDetailed.fbx
  artifactKey: Guid(b078e32b9014ede46ab1a9f33abbf3e0) Importer(815301076,1909f56bfc062723c751e8b465ee728b)
Start importing Assets/Models/Environment/Buildings/detail_umbrellaDetailed.fbx using Guid(b078e32b9014ede46ab1a9f33abbf3e0) Importer(815301076,1909f56bfc062723c751e8b465ee728b)  -> (artifact id: 'f914ea24f4847d9ee68e866a0b1f4ab1') in 0.037174 seconds 
========================================================================
Received Import Request.
  Time since last request: 0.000035 seconds.
  path: Assets/Models/Environment/Buildings/large_buildingB.fbx
  artifactKey: Guid(af8213eb089bca649895310447ea400f) Importer(815301076,1909f56bfc062723c751e8b465ee728b)
Start importing Assets/Models/Environment/Buildings/large_buildingB.fbx using Guid(af8213eb089bca649895310447ea400f) Importer(815301076,1909f56bfc062723c751e8b465ee728b)  -> (artifact id: '0211d7cf38e578f388e4195b91591811') in 0.052098 seconds 
========================================================================
Received Import Request.
  Time since last request: 0.000031 seconds.
  path: Assets/Models/Environment/Buildings/low_buildingD.fbx
  artifactKey: Guid(74f8ea6b7d1a1804c8674f5b319cf73b) Importer(815301076,1909f56bfc062723c751e8b465ee728b)
Start importing Assets/Models/Environment/Buildings/low_buildingD.fbx using Guid(74f8ea6b7d1a1804c8674f5b319cf73b) Importer(815301076,1909f56bfc062723c751e8b465ee728b)  -> (artifact id: '95901d7f040264957f57169b178dc84e') in 0.033652 seconds 
========================================================================
Received Import Request.
  Time since last request: 0.000040 seconds.
  path: Assets/Models/Environment/Buildings/low_buildingL.fbx
  artifactKey: Guid(325ba8fb3dd76ce47ab449ef523df6cc) Importer(815301076,1909f56bfc062723c751e8b465ee728b)
Start importing Assets/Models/Environment/Buildings/low_buildingL.fbx using Guid(325ba8fb3dd76ce47ab449ef523df6cc) Importer(815301076,1909f56bfc062723c751e8b465ee728b)  -> (artifact id: '79e6b6101ef32f28aaf4c5a80ce7c9cf') in 0.031424 seconds 
========================================================================
Received Import Request.
  Time since last request: 0.000030 seconds.
  path: Assets/Models/Environment/Buildings/low_buildingH.fbx
  artifactKey: Guid(660cc0b144f1f1a4c862526ecb642a66) Importer(815301076,1909f56bfc062723c751e8b465ee728b)
Start importing Assets/Models/Environment/Buildings/low_buildingH.fbx using Guid(660cc0b144f1f1a4c862526ecb642a66) Importer(815301076,1909f56bfc062723c751e8b465ee728b)  -> (artifact id: 'fcc1f8c503bd4eb55bd7e3513fec076c') in 0.027776 seconds 
========================================================================
Received Import Request.
  Time since last request: 0.000071 seconds.
  path: Assets/Models/Environment/Buildings/large_buildingE.fbx
  artifactKey: Guid(9f5b78a35bcba6147bab922701da87aa) Importer(815301076,1909f56bfc062723c751e8b465ee728b)
Start importing Assets/Models/Environment/Buildings/large_buildingE.fbx using Guid(9f5b78a35bcba6147bab922701da87aa) Importer(815301076,1909f56bfc062723c751e8b465ee728b)  -> (artifact id: '2af46e053df3745d8acd0f4a9a7825c9') in 0.046679 seconds 
========================================================================
Received Import Request.
  Time since last request: 0.000036 seconds.
  path: Assets/Models/Environment/Buildings/large_buildingG.fbx
  artifactKey: Guid(166c02b19e9540448b6d4fe93617cc37) Importer(815301076,1909f56bfc062723c751e8b465ee728b)
Start importing Assets/Models/Environment/Buildings/large_buildingG.fbx using Guid(166c02b19e9540448b6d4fe93617cc37) Importer(815301076,1909f56bfc062723c751e8b465ee728b)  -> (artifact id: 'f17e60870a674eb4ddc4a9636b8c6a74') in 0.050562 seconds 
========================================================================
Received Import Request.
  Time since last request: 0.000030 seconds.
  path: Assets/Models/Environment/Buildings/detail_overhangWide.fbx
  artifactKey: Guid(b363bcf876e26af41ab788a91d392f06) Importer(815301076,1909f56bfc062723c751e8b465ee728b)
Start importing Assets/Models/Environment/Buildings/detail_overhangWide.fbx using Guid(b363bcf876e26af41ab788a91d392f06) Importer(815301076,1909f56bfc062723c751e8b465ee728b)  -> (artifact id: '7f9c4b87f67293f92e7c0b48d1c8fd6b') in 0.032027 seconds 
========================================================================
Received Import Request.
  Time since last request: 0.000026 seconds.
  path: Assets/Models/Environment/Buildings/detail_umbrella.fbx
  artifactKey: Guid(5242a6ef8730d624387bdcc120aac937) Importer(815301076,1909f56bfc062723c751e8b465ee728b)
Start importing Assets/Models/Environment/Buildings/detail_umbrella.fbx using Guid(5242a6ef8730d624387bdcc120aac937) Importer(815301076,1909f56bfc062723c751e8b465ee728b)  -> (artifact id: '989112ce76091cc1fb7ece18f460b5c1') in 0.037370 seconds 
========================================================================
Received Import Request.
  Time since last request: 0.000049 seconds.
  path: Assets/Models/Environment/Buildings/low_buildingI.fbx
  artifactKey: Guid(5835794e4b25991478671c1e07b59aa1) Importer(815301076,1909f56bfc062723c751e8b465ee728b)
Start importing Assets/Models/Environment/Buildings/low_buildingI.fbx using Guid(5835794e4b25991478671c1e07b59aa1) Importer(815301076,1909f56bfc062723c751e8b465ee728b)  -> (artifact id: 'e5b39477ced873313c854535087175d2') in 0.029033 seconds 
========================================================================
Received Import Request.
  Time since last request: 0.000032 seconds.
  path: Assets/Models/Environment/Buildings/low_buildingA.fbx
  artifactKey: Guid(222a15147f778d646a351c80e3c778cc) Importer(815301076,1909f56bfc062723c751e8b465ee728b)
Start importing Assets/Models/Environment/Buildings/low_buildingA.fbx using Guid(222a15147f778d646a351c80e3c778cc) Importer(815301076,1909f56bfc062723c751e8b465ee728b)  -> (artifact id: 'c1867b45132bfac15667e0ee285b955d') in 0.034978 seconds 
========================================================================
Received Import Request.
  Time since last request: 0.000048 seconds.
  path: Assets/Models/Environment/Buildings/large_buildingD.fbx
  artifactKey: Guid(653f2fa4f8221d543be42b934456fc1f) Importer(815301076,1909f56bfc062723c751e8b465ee728b)
Start importing Assets/Models/Environment/Buildings/large_buildingD.fbx using Guid(653f2fa4f8221d543be42b934456fc1f) Importer(815301076,1909f56bfc062723c751e8b465ee728b)  -> (artifact id: '5f74442b0645691abc1568a86f77df74') in 0.049411 seconds 
========================================================================
Received Import Request.
  Time since last request: 21.276178 seconds.
  path: Assets/Models/Environment/Buildings/low_wideA.fbx
  artifactKey: Guid(5a276a7e042380a459c8f186faa2dbcd) Importer(815301076,1909f56bfc062723c751e8b465ee728b)
Start importing Assets/Models/Environment/Buildings/low_wideA.fbx using Guid(5a276a7e042380a459c8f186faa2dbcd) Importer(815301076,1909f56bfc062723c751e8b465ee728b)  -> (artifact id: '4bce5fc9d6edd83e084453ec9970f3b2') in 0.029595 seconds 
========================================================================
Received Import Request.
  Time since last request: 0.000067 seconds.
  path: Assets/Models/Environment/Buildings/roof_overhang.fbx
  artifactKey: Guid(e9176dcbbd270284fb26d9dcc469d4d7) Importer(815301076,1909f56bfc062723c751e8b465ee728b)
Start importing Assets/Models/Environment/Buildings/roof_overhang.fbx using Guid(e9176dcbbd270284fb26d9dcc469d4d7) Importer(815301076,1909f56bfc062723c751e8b465ee728b)  -> (artifact id: '7ebea3a95cf176816552b853c5b66d50') in 0.033847 seconds 
========================================================================
Received Import Request.
  Time since last request: 0.000022 seconds.
  path: Assets/Models/Environment/Buildings/sign_billboard.fbx
  artifactKey: Guid(7b2ea9a23b50dc14b9366587b57035be) Importer(815301076,1909f56bfc062723c751e8b465ee728b)
Start importing Assets/Models/Environment/Buildings/sign_billboard.fbx using Guid(7b2ea9a23b50dc14b9366587b57035be) Importer(815301076,1909f56bfc062723c751e8b465ee728b)  -> (artifact id: 'ceed34ed2d9ccb2584b8b8f9427bb123') in 0.039656 seconds 
========================================================================
Received Import Request.
  Time since last request: 0.000034 seconds.
  path: Assets/Models/Environment/Buildings/skyscraperD.fbx
  artifactKey: Guid(8bdfe4d0beeeb3f4699b0a84d8875b3a) Importer(815301076,1909f56bfc062723c751e8b465ee728b)
Start importing Assets/Models/Environment/Buildings/skyscraperD.fbx using Guid(8bdfe4d0beeeb3f4699b0a84d8875b3a) Importer(815301076,1909f56bfc062723c751e8b465ee728b)  -> (artifact id: '9b50852d6a05963e80426c3f0d090033') in 0.057795 seconds 
========================================================================
Received Import Request.
  Time since last request: 0.000032 seconds.
  path: Assets/Models/Environment/Buildings/skyscraperB.fbx
  artifactKey: Guid(dc6ffb822aed98e45a22f0809ba8f732) Importer(815301076,1909f56bfc062723c751e8b465ee728b)
Start importing Assets/Models/Environment/Buildings/skyscraperB.fbx using Guid(dc6ffb822aed98e45a22f0809ba8f732) Importer(815301076,1909f56bfc062723c751e8b465ee728b)  -> (artifact id: 'a5cc92bf9666815361ed7627583a95f5') in 0.053177 seconds 
========================================================================
Received Import Request.
  Time since last request: 0.000068 seconds.
  path: Assets/Models/Environment/Buildings/skyscraperF.fbx
  artifactKey: Guid(f5b27209b42e7794d837f9b25bbbef99) Importer(815301076,1909f56bfc062723c751e8b465ee728b)
Start importing Assets/Models/Environment/Buildings/skyscraperF.fbx using Guid(f5b27209b42e7794d837f9b25bbbef99) Importer(815301076,1909f56bfc062723c751e8b465ee728b)  -> (artifact id: 'b1044af4dc660af6c8fcab4582747513') in 0.038823 seconds 
========================================================================
Received Import Request.
  Time since last request: 0.367907 seconds.
  path: Assets/Models/Environment/Buildings/small_buildingB.fbx
  artifactKey: Guid(a362629921472d14f86f4e2150043c95) Importer(815301076,1909f56bfc062723c751e8b465ee728b)
Start importing Assets/Models/Environment/Buildings/small_buildingB.fbx using Guid(a362629921472d14f86f4e2150043c95) Importer(815301076,1909f56bfc062723c751e8b465ee728b)  -> (artifact id: '6bbdef545a2e2a0e172c37e7ca949525') in 0.039588 seconds 
========================================================================
Received Import Request.
  Time since last request: 0.000060 seconds.
  path: Assets/Models/Environment/Buildings/small_buildingF.fbx
  artifactKey: Guid(e9bc0b5057e8e884a95b6023afebab96) Importer(815301076,1909f56bfc062723c751e8b465ee728b)
Start importing Assets/Models/Environment/Buildings/small_buildingF.fbx using Guid(e9bc0b5057e8e884a95b6023afebab96) Importer(815301076,1909f56bfc062723c751e8b465ee728b)  -> (artifact id: '3363a07222b17443c2bff7d6ae0d8058') in 0.036330 seconds 
========================================================================
Received Import Request.
  Time since last request: 0.000026 seconds.
  path: Assets/Models/Environment/Buildings/small_buildingD.fbx
  artifactKey: Guid(ed5161295471cec47b6ded4c6441b453) Importer(815301076,1909f56bfc062723c751e8b465ee728b)
Start importing Assets/Models/Environment/Buildings/small_buildingD.fbx using Guid(ed5161295471cec47b6ded4c6441b453) Importer(815301076,1909f56bfc062723c751e8b465ee728b)  -> (artifact id: '4670b49760de52e66cb6987b03c4bbe6') in 0.045211 seconds 
========================================================================
Received Import Request.
  Time since last request: 0.000031 seconds.
  path: Assets/Models/Environment/Buildings/wall_windowB.fbx
  artifactKey: Guid(077f5f5fb9e76484f96554902f72d1dc) Importer(815301076,1909f56bfc062723c751e8b465ee728b)
Start importing Assets/Models/Environment/Buildings/wall_windowB.fbx using Guid(077f5f5fb9e76484f96554902f72d1dc) Importer(815301076,1909f56bfc062723c751e8b465ee728b)  -> (artifact id: '91822254418fb50e0ba7328674d3ef29') in 0.033093 seconds 
========================================================================
Received Import Request.
  Time since last request: 0.000030 seconds.
  path: Assets/Models/Environment/Buildings/wall_windowF.fbx
  artifactKey: Guid(56353be5bec0400458091b2e737a2f8b) Importer(815301076,1909f56bfc062723c751e8b465ee728b)
Start importing Assets/Models/Environment/Buildings/wall_windowF.fbx using Guid(56353be5bec0400458091b2e737a2f8b) Importer(815301076,1909f56bfc062723c751e8b465ee728b)  -> (artifact id: '24da3db948dbf1ad05ae91fe7077bf1a') in 0.031835 seconds 
========================================================================
Received Import Request.
  Time since last request: 332.107495 seconds.
  path: Assets/Models/Environment/Nature/bed_floor.fbx
  artifactKey: Guid(a131fb65d134fae45a4033cc9683595b) Importer(815301076,1909f56bfc062723c751e8b465ee728b)
Start importing Assets/Models/Environment/Nature/bed_floor.fbx using Guid(a131fb65d134fae45a4033cc9683595b) Importer(815301076,1909f56bfc062723c751e8b465ee728b)  -> (artifact id: '002dae9f5095062f4e2cbb6be1ffa07e') in 0.043195 seconds 
========================================================================
Received Import Request.
  Time since last request: 0.000023 seconds.
  path: Assets/Models/Environment/Nature/bridge_side_stone.fbx
  artifactKey: Guid(ce6f95f70b9c96141bc6f66a455d98af) Importer(815301076,1909f56bfc062723c751e8b465ee728b)
Start importing Assets/Models/Environment/Nature/bridge_side_stone.fbx using Guid(ce6f95f70b9c96141bc6f66a455d98af) Importer(815301076,1909f56bfc062723c751e8b465ee728b)  -> (artifact id: '89a746e16ad9ac92c8512152596890d2') in 0.035137 seconds 
========================================================================
Received Import Request.
  Time since last request: 0.000054 seconds.
  path: Assets/Models/Environment/Nature/bridge_side_woodRound.fbx
  artifactKey: Guid(1c20acee7cc6af6459c2f12d583c35e6) Importer(815301076,1909f56bfc062723c751e8b465ee728b)
Start importing Assets/Models/Environment/Nature/bridge_side_woodRound.fbx using Guid(1c20acee7cc6af6459c2f12d583c35e6) Importer(815301076,1909f56bfc062723c751e8b465ee728b)  -> (artifact id: 'd0e7a7ca21b90451befd86db8da9f986') in 0.051095 seconds 
========================================================================
Received Import Request.
  Time since last request: 0.000057 seconds.
  path: Assets/Models/Environment/Nature/campfire_bricks.fbx
  artifactKey: Guid(042aa4369ad02a14a80ea0a49e8b5032) Importer(815301076,1909f56bfc062723c751e8b465ee728b)
Start importing Assets/Models/Environment/Nature/campfire_bricks.fbx using Guid(042aa4369ad02a14a80ea0a49e8b5032) Importer(815301076,1909f56bfc062723c751e8b465ee728b)  -> (artifact id: 'a6809a89e031aaf42ae3cf26baa8816b') in 0.039887 seconds 
========================================================================
Received Import Request.
  Time since last request: 0.000033 seconds.
  path: Assets/Models/Environment/Nature/cactus_short.fbx
  artifactKey: Guid(db8afa9a00c8ebe47aa93e203470eeeb) Importer(815301076,1909f56bfc062723c751e8b465ee728b)
Start importing Assets/Models/Environment/Nature/cactus_short.fbx using Guid(db8afa9a00c8ebe47aa93e203470eeeb) Importer(815301076,1909f56bfc062723c751e8b465ee728b)  -> (artifact id: '6ce14fe8081b592eb7d2f8e843035eec') in 0.032597 seconds 
========================================================================
Received Import Request.
  Time since last request: 0.000030 seconds.
  path: Assets/Models/Environment/Nature/bridge_woodRoundNarrow.fbx
  artifactKey: Guid(b0003bb1df853ca40bc6049c645c1332) Importer(815301076,1909f56bfc062723c751e8b465ee728b)
Start importing Assets/Models/Environment/Nature/bridge_woodRoundNarrow.fbx using Guid(b0003bb1df853ca40bc6049c645c1332) Importer(815301076,1909f56bfc062723c751e8b465ee728b)  -> (artifact id: 'cbeeab8b4d13f616fcf1c8ea27ada381') in 0.050034 seconds 
========================================================================
Received Import Request.
  Time since last request: 0.000056 seconds.
  path: Assets/Models/Environment/Nature/bridge_wood.fbx
  artifactKey: Guid(dc47fa0118d71e34ab10654da67df310) Importer(815301076,1909f56bfc062723c751e8b465ee728b)
Start importing Assets/Models/Environment/Nature/bridge_wood.fbx using Guid(dc47fa0118d71e34ab10654da67df310) Importer(815301076,1909f56bfc062723c751e8b465ee728b)  -> (artifact id: 'c7bbfd5a27c82b9df7c37cccec5067ad') in 0.034554 seconds 
========================================================================
Received Import Request.
  Time since last request: 0.000058 seconds.
  path: Assets/Models/Environment/Nature/bridge_side_stoneRound.fbx
  artifactKey: Guid(89dd11cfa6a548e42a43a90bec72eec9) Importer(815301076,1909f56bfc062723c751e8b465ee728b)
Start importing Assets/Models/Environment/Nature/bridge_side_stoneRound.fbx using Guid(89dd11cfa6a548e42a43a90bec72eec9) Importer(815301076,1909f56bfc062723c751e8b465ee728b)  -> (artifact id: '75133f33dae0cf33852634b2ed455b75') in 0.033909 seconds 
========================================================================
Received Import Request.
  Time since last request: 0.000074 seconds.
  path: Assets/Models/Environment/Nature/bridge_woodRound.fbx
  artifactKey: Guid(a87f837d5d303ca4b899d729c3d088cf) Importer(815301076,1909f56bfc062723c751e8b465ee728b)
Start importing Assets/Models/Environment/Nature/bridge_woodRound.fbx using Guid(a87f837d5d303ca4b899d729c3d088cf) Importer(815301076,1909f56bfc062723c751e8b465ee728b)  -> (artifact id: 'aba1b9c609eb4e4130f6079c1e11d5f5') in 0.046664 seconds 
========================================================================
Received Import Request.
  Time since last request: 0.000081 seconds.
  path: Assets/Models/Environment/Nature/campfire_logs.fbx
  artifactKey: Guid(39b4f6b0db1c7ae4ebae067bc52004f5) Importer(815301076,1909f56bfc062723c751e8b465ee728b)
Start importing Assets/Models/Environment/Nature/campfire_logs.fbx using Guid(39b4f6b0db1c7ae4ebae067bc52004f5) Importer(815301076,1909f56bfc062723c751e8b465ee728b)  -> (artifact id: 'd3e74be3db036246ea2db6d72a7a499d') in 0.032946 seconds 
========================================================================
Received Import Request.
  Time since last request: 0.000040 seconds.
  path: Assets/Models/Environment/Nature/bridge_side_wood.fbx
  artifactKey: Guid(9a9a217e662e49e48b9e2f79b59b17cb) Importer(815301076,1909f56bfc062723c751e8b465ee728b)
Start importing Assets/Models/Environment/Nature/bridge_side_wood.fbx using Guid(9a9a217e662e49e48b9e2f79b59b17cb) Importer(815301076,1909f56bfc062723c751e8b465ee728b)  -> (artifact id: '3cfe85ee71ea545556729559f499a24e') in 0.037858 seconds 
========================================================================
Received Import Request.
  Time since last request: 0.000032 seconds.
  path: Assets/Models/Environment/Nature/bridge_center_wood.fbx
  artifactKey: Guid(a3b01349024b50947a0c574a98f8cdaf) Importer(815301076,1909f56bfc062723c751e8b465ee728b)
Start importing Assets/Models/Environment/Nature/bridge_center_wood.fbx using Guid(a3b01349024b50947a0c574a98f8cdaf) Importer(815301076,1909f56bfc062723c751e8b465ee728b)  -> (artifact id: '2d3748f8c604f4cf769008838fdf5a7a') in 0.042159 seconds 
========================================================================
Received Import Request.
  Time since last request: 0.537462 seconds.
  path: Assets/Models/Environment/Nature/cliff_block_stone.fbx
  artifactKey: Guid(2aa629f8940ae5a498f50791d4751c82) Importer(815301076,1909f56bfc062723c751e8b465ee728b)
Start importing Assets/Models/Environment/Nature/cliff_block_stone.fbx using Guid(2aa629f8940ae5a498f50791d4751c82) Importer(815301076,1909f56bfc062723c751e8b465ee728b)  -> (artifact id: '6284c513c6500ef00de6ab08e19ac359') in 0.024325 seconds 
========================================================================
Received Import Request.
  Time since last request: 0.000031 seconds.
  path: Assets/Models/Environment/Nature/cliff_blockCave_rock.fbx
  artifactKey: Guid(13f6ec64297dfc14f8b082934561a58e) Importer(815301076,1909f56bfc062723c751e8b465ee728b)
Start importing Assets/Models/Environment/Nature/cliff_blockCave_rock.fbx using Guid(13f6ec64297dfc14f8b082934561a58e) Importer(815301076,1909f56bfc062723c751e8b465ee728b)  -> (artifact id: '8720b6dc30ce70714fff84338554a2b7') in 0.026402 seconds 
========================================================================
Received Import Request.
  Time since last request: 0.433479 seconds.
  path: Assets/Models/Environment/Nature/cliff_blockHalf_rock.fbx
  artifactKey: Guid(3ed3af719d8a7aa4a9a39459aef94fdd) Importer(815301076,1909f56bfc062723c751e8b465ee728b)
Start importing Assets/Models/Environment/Nature/cliff_blockHalf_rock.fbx using Guid(3ed3af719d8a7aa4a9a39459aef94fdd) Importer(815301076,1909f56bfc062723c751e8b465ee728b)  -> (artifact id: 'e3aae6833904dadf7a38b5c48e307b84') in 0.026998 seconds 
========================================================================
Received Import Request.
  Time since last request: 0.000026 seconds.
  path: Assets/Models/Environment/Nature/cliff_blockSlope_rock.fbx
  artifactKey: Guid(23b34a47ae86ab446b19557e354a1ced) Importer(815301076,1909f56bfc062723c751e8b465ee728b)
Start importing Assets/Models/Environment/Nature/cliff_blockSlope_rock.fbx using Guid(23b34a47ae86ab446b19557e354a1ced) Importer(815301076,1909f56bfc062723c751e8b465ee728b)  -> (artifact id: 'e90ae2dfd1d5cd44faebaf49b21a4936') in 0.030156 seconds 
========================================================================
Received Import Request.
  Time since last request: 0.000063 seconds.
  path: Assets/Models/Environment/Nature/cliff_blockHalf_stone.fbx
  artifactKey: Guid(8364cea596b428841945f9a16035fe30) Importer(815301076,1909f56bfc062723c751e8b465ee728b)
Start importing Assets/Models/Environment/Nature/cliff_blockHalf_stone.fbx using Guid(8364cea596b428841945f9a16035fe30) Importer(815301076,1909f56bfc062723c751e8b465ee728b)  -> (artifact id: '550ec03c1d072ee0bfdc0d9d8dce2ae9') in 0.029687 seconds 
========================================================================
Received Import Request.
  Time since last request: 0.000030 seconds.
  path: Assets/Models/Environment/Nature/cliff_blockSlopeWalls_rock.fbx
  artifactKey: Guid(6a57602dcadee584185353d5474725c6) Importer(815301076,1909f56bfc062723c751e8b465ee728b)
Start importing Assets/Models/Environment/Nature/cliff_blockSlopeWalls_rock.fbx using Guid(6a57602dcadee584185353d5474725c6) Importer(815301076,1909f56bfc062723c751e8b465ee728b)  -> (artifact id: '3a00024e96b219bfb0a914f3a825e6ae') in 0.041658 seconds 
========================================================================
Received Import Request.
  Time since last request: 0.000025 seconds.
  path: Assets/Models/Environment/Nature/cliff_blockSlope_stone.fbx
  artifactKey: Guid(c084b26c662774941b42f2a6a9e58ad6) Importer(815301076,1909f56bfc062723c751e8b465ee728b)
Start importing Assets/Models/Environment/Nature/cliff_blockSlope_stone.fbx using Guid(c084b26c662774941b42f2a6a9e58ad6) Importer(815301076,1909f56bfc062723c751e8b465ee728b)  -> (artifact id: '51163cd14017463e11ab8c06b4ca235d') in 0.033211 seconds 
========================================================================
Received Import Request.
  Time since last request: 1.980779 seconds.
  path: Assets/Models/Environment/Nature/cliff_cave_rock.fbx
  artifactKey: Guid(581e0f56cd533344f9656f7b3659c5b1) Importer(815301076,1909f56bfc062723c751e8b465ee728b)
Start importing Assets/Models/Environment/Nature/cliff_cave_rock.fbx using Guid(581e0f56cd533344f9656f7b3659c5b1) Importer(815301076,1909f56bfc062723c751e8b465ee728b)  -> (artifact id: 'fd519cec52b3b0174149f6cd380e606d') in 0.026785 seconds 
========================================================================
Received Import Request.
  Time since last request: 0.000028 seconds.
  path: Assets/Models/Environment/Nature/cliff_corner_rock.fbx
  artifactKey: Guid(4683d3667c65ca6458a0fea1576920f9) Importer(815301076,1909f56bfc062723c751e8b465ee728b)
Start importing Assets/Models/Environment/Nature/cliff_corner_rock.fbx using Guid(4683d3667c65ca6458a0fea1576920f9) Importer(815301076,1909f56bfc062723c751e8b465ee728b)  -> (artifact id: '9a63da72fc844b2a9bc6e8f57c3a24f3') in 0.025530 seconds 
========================================================================
Received Import Request.
  Time since last request: 0.000032 seconds.
  path: Assets/Models/Environment/Nature/cliff_cornerInnerLarge_rock.fbx
  artifactKey: Guid(73d845e464c5bc3428c7d3a263702a1e) Importer(815301076,1909f56bfc062723c751e8b465ee728b)
Start importing Assets/Models/Environment/Nature/cliff_cornerInnerLarge_rock.fbx using Guid(73d845e464c5bc3428c7d3a263702a1e) Importer(815301076,1909f56bfc062723c751e8b465ee728b)  -> (artifact id: '9765784ce74d383f0bde3658691c660b') in 0.035152 seconds 
========================================================================
Received Import Request.
  Time since last request: 0.000180 seconds.
  path: Assets/Models/Environment/Nature/cliff_corner_stone.fbx
  artifactKey: Guid(f03b0fe71f2f3da40b78b3862671f66b) Importer(815301076,1909f56bfc062723c751e8b465ee728b)
Start importing Assets/Models/Environment/Nature/cliff_corner_stone.fbx using Guid(f03b0fe71f2f3da40b78b3862671f66b) Importer(815301076,1909f56bfc062723c751e8b465ee728b)  -> (artifact id: 'fae6f8b7ae0e2d24291cbe40d1c0deeb') in 0.034751 seconds 
========================================================================
Received Import Request.
  Time since last request: 0.000040 seconds.
  path: Assets/Models/Environment/Nature/cliff_cornerInner_stone.fbx
  artifactKey: Guid(79a798d2731a16245ab9d4077066bc18) Importer(815301076,1909f56bfc062723c751e8b465ee728b)
Start importing Assets/Models/Environment/Nature/cliff_cornerInner_stone.fbx using Guid(79a798d2731a16245ab9d4077066bc18) Importer(815301076,1909f56bfc062723c751e8b465ee728b)  -> (artifact id: '3d48c201975939bc070d325a5fb5a74a') in 0.029780 seconds 
========================================================================
Received Import Request.
  Time since last request: 0.567573 seconds.
  path: Assets/Models/Environment/Nature/cliff_cornerLarge_rock.fbx
  artifactKey: Guid(4e776431c0ea18a42aa30db418253ebc) Importer(815301076,1909f56bfc062723c751e8b465ee728b)
Start importing Assets/Models/Environment/Nature/cliff_cornerLarge_rock.fbx using Guid(4e776431c0ea18a42aa30db418253ebc) Importer(815301076,1909f56bfc062723c751e8b465ee728b)  -> (artifact id: '8bc86f871d7764baa77702814bca4ea7') in 0.021363 seconds 
========================================================================
Received Import Request.
  Time since last request: 0.000063 seconds.
  path: Assets/Models/Environment/Nature/cliff_cornerTop_stone.fbx
  artifactKey: Guid(3919cb779b7db6e4d9b824620afaf3c2) Importer(815301076,1909f56bfc062723c751e8b465ee728b)
Start importing Assets/Models/Environment/Nature/cliff_cornerTop_stone.fbx using Guid(3919cb779b7db6e4d9b824620afaf3c2) Importer(815301076,1909f56bfc062723c751e8b465ee728b)  -> (artifact id: 'f7035c8bfc95511d32a8fea02a15bfb7') in 0.023355 seconds 
========================================================================
Received Import Request.
  Time since last request: 0.015695 seconds.
  path: Assets/Models/Environment/Nature/cliff_diagonal_stone.fbx
  artifactKey: Guid(7ae5fb8c4ccc064438927a4adf29066d) Importer(815301076,1909f56bfc062723c751e8b465ee728b)
Start importing Assets/Models/Environment/Nature/cliff_diagonal_stone.fbx using Guid(7ae5fb8c4ccc064438927a4adf29066d) Importer(815301076,1909f56bfc062723c751e8b465ee728b)  -> (artifact id: 'aba6663678f633b0067d554c624b14a2') in 0.022066 seconds 
========================================================================
Received Import Request.
  Time since last request: 0.000048 seconds.
  path: Assets/Models/Environment/Nature/cliff_halfCornerInner_stone.fbx
  artifactKey: Guid(3c2cbfa8b9224c14e914100ca81f2669) Importer(815301076,1909f56bfc062723c751e8b465ee728b)
Start importing Assets/Models/Environment/Nature/cliff_halfCornerInner_stone.fbx using Guid(3c2cbfa8b9224c14e914100ca81f2669) Importer(815301076,1909f56bfc062723c751e8b465ee728b)  -> (artifact id: '980e0044f433a8285f17fc4a66fd037c') in 0.052262 seconds 
========================================================================
Received Import Request.
  Time since last request: 0.000044 seconds.
  path: Assets/Models/Environment/Nature/cliff_steps_rock.fbx
  artifactKey: Guid(452bf2eb78deea94883433d828f3bd12) Importer(815301076,1909f56bfc062723c751e8b465ee728b)
Start importing Assets/Models/Environment/Nature/cliff_steps_rock.fbx using Guid(452bf2eb78deea94883433d828f3bd12) Importer(815301076,1909f56bfc062723c751e8b465ee728b)  -> (artifact id: '4f981a8dfca328bab1b99af9f98ef522') in 0.032259 seconds 
========================================================================
Received Import Request.
  Time since last request: 0.000106 seconds.
  path: Assets/Models/Environment/Nature/cliff_large_stone.fbx
  artifactKey: Guid(6674c242915a16b4a8b95b4cabe4e03c) Importer(815301076,1909f56bfc062723c751e8b465ee728b)
Start importing Assets/Models/Environment/Nature/cliff_large_stone.fbx using Guid(6674c242915a16b4a8b95b4cabe4e03c) Importer(815301076,1909f56bfc062723c751e8b465ee728b)  -> (artifact id: '95c6d1ed300cd51eb0a3355c7fae0930') in 0.025216 seconds 
========================================================================
Received Import Request.
  Time since last request: 0.000035 seconds.
  path: Assets/Models/Environment/Nature/cliff_half_stone.fbx
  artifactKey: Guid(e508c2590edc5e649b2baf45c2dcfe2b) Importer(815301076,1909f56bfc062723c751e8b465ee728b)
Start importing Assets/Models/Environment/Nature/cliff_half_stone.fbx using Guid(e508c2590edc5e649b2baf45c2dcfe2b) Importer(815301076,1909f56bfc062723c751e8b465ee728b)  -> (artifact id: '8af342ceff47d27dd0e25a5d7b45ab09') in 0.028611 seconds 
========================================================================
Received Import Request.
  Time since last request: 0.643378 seconds.
  path: Assets/Models/Environment/Nature/cliff_stepsCornerInner_stone.fbx
  artifactKey: Guid(f808c79b921d0474eae602d5f5e5fe28) Importer(815301076,1909f56bfc062723c751e8b465ee728b)
Start importing Assets/Models/Environment/Nature/cliff_stepsCornerInner_stone.fbx using Guid(f808c79b921d0474eae602d5f5e5fe28) Importer(815301076,1909f56bfc062723c751e8b465ee728b)  -> (artifact id: 'd4eadc9ffecb8455288d9aea3271083c') in 0.033120 seconds 
========================================================================
Received Import Request.
  Time since last request: 0.000029 seconds.
  path: Assets/Models/Environment/Nature/cliff_top_stone.fbx
  artifactKey: Guid(f0c12111b0d51de409a9d38903f4ab7c) Importer(815301076,1909f56bfc062723c751e8b465ee728b)
Start importing Assets/Models/Environment/Nature/cliff_top_stone.fbx using Guid(f0c12111b0d51de409a9d38903f4ab7c) Importer(815301076,1909f56bfc062723c751e8b465ee728b)  -> (artifact id: '606ab7b5b4cf6272c01a064ad7b826ac') in 0.028317 seconds 
========================================================================
Received Import Request.
  Time since last request: 0.489270 seconds.
  path: Assets/Models/Environment/Nature/cliff_topDiagonal_stone.fbx
  artifactKey: Guid(aafc75c406143894f86a2933a17580b3) Importer(815301076,1909f56bfc062723c751e8b465ee728b)
Start importing Assets/Models/Environment/Nature/cliff_topDiagonal_stone.fbx using Guid(aafc75c406143894f86a2933a17580b3) Importer(815301076,1909f56bfc062723c751e8b465ee728b)  -> (artifact id: 'e48bda8310e529ab618b4df94d3ded7f') in 0.035055 seconds 
========================================================================
Received Import Request.
  Time since last request: 0.000060 seconds.
  path: Assets/Models/Environment/Nature/cliff_waterfall_stone.fbx
  artifactKey: Guid(9dd775a59858e53449f447f44e065c5f) Importer(815301076,1909f56bfc062723c751e8b465ee728b)
Start importing Assets/Models/Environment/Nature/cliff_waterfall_stone.fbx using Guid(9dd775a59858e53449f447f44e065c5f) Importer(815301076,1909f56bfc062723c751e8b465ee728b)  -> (artifact id: '66eb92975af35fd47ea77e926f0c1e45') in 0.044814 seconds 
========================================================================
Received Import Request.
  Time since last request: 0.607579 seconds.
  path: Assets/Models/Environment/Nature/crop_carrot.fbx
  artifactKey: Guid(13a1ecd6cb1d170418c429bb3d935dca) Importer(815301076,1909f56bfc062723c751e8b465ee728b)
Start importing Assets/Models/Environment/Nature/crop_carrot.fbx using Guid(13a1ecd6cb1d170418c429bb3d935dca) Importer(815301076,1909f56bfc062723c751e8b465ee728b)  -> (artifact id: 'a538b1e2f72b409a3e4af6026e2a84fc') in 0.031400 seconds 
========================================================================
Received Import Request.
  Time since last request: 0.000070 seconds.
  path: Assets/Models/Environment/Nature/crop_turnip.fbx
  artifactKey: Guid(51757067b7471c349b822541362a1f36) Importer(815301076,1909f56bfc062723c751e8b465ee728b)
Start importing Assets/Models/Environment/Nature/crop_turnip.fbx using Guid(51757067b7471c349b822541362a1f36) Importer(815301076,1909f56bfc062723c751e8b465ee728b)  -> (artifact id: 'fa10cbe428f6b1d2277e3d585f9ef225') in 0.038562 seconds 
========================================================================
Received Import Request.
  Time since last request: 0.301902 seconds.
  path: Assets/Models/Environment/Nature/crops_bambooStageB.fbx
  artifactKey: Guid(e116fa128ff197d4a83d462dd225c2e3) Importer(815301076,1909f56bfc062723c751e8b465ee728b)
Start importing Assets/Models/Environment/Nature/crops_bambooStageB.fbx using Guid(e116fa128ff197d4a83d462dd225c2e3) Importer(815301076,1909f56bfc062723c751e8b465ee728b)  -> (artifact id: '766e67bc1944f79ac937ef31102e8b72') in 0.022756 seconds 
========================================================================
Received Import Request.
  Time since last request: 0.068740 seconds.
  path: Assets/Models/Environment/Nature/crops_dirtDoubleRow.fbx
  artifactKey: Guid(ae1b216d4eb6da4419e1107b6dd7a912) Importer(815301076,1909f56bfc062723c751e8b465ee728b)
Start importing Assets/Models/Environment/Nature/crops_dirtDoubleRow.fbx using Guid(ae1b216d4eb6da4419e1107b6dd7a912) Importer(815301076,1909f56bfc062723c751e8b465ee728b)  -> (artifact id: '6253bb3ffae8d43358a104a3defe0e74') in 0.024949 seconds 
========================================================================
Received Import Request.
  Time since last request: 0.000028 seconds.
  path: Assets/Models/Environment/Nature/crops_dirtDoubleRowEnd.fbx
  artifactKey: Guid(aed9e7562d94cf142812dd06184fd83a) Importer(815301076,1909f56bfc062723c751e8b465ee728b)
Start importing Assets/Models/Environment/Nature/crops_dirtDoubleRowEnd.fbx using Guid(aed9e7562d94cf142812dd06184fd83a) Importer(815301076,1909f56bfc062723c751e8b465ee728b)  -> (artifact id: 'de8a77d543fafa8979443392f96075be') in 0.037010 seconds 
========================================================================
Received Import Request.
  Time since last request: 1.584942 seconds.
  path: Assets/Models/Environment/Nature/crops_dirtRowEnd.fbx
  artifactKey: Guid(e97c034c1dd92c443bc97dfefc9a2020) Importer(815301076,1909f56bfc062723c751e8b465ee728b)
Start importing Assets/Models/Environment/Nature/crops_dirtRowEnd.fbx using Guid(e97c034c1dd92c443bc97dfefc9a2020) Importer(815301076,1909f56bfc062723c751e8b465ee728b)  -> (artifact id: '25e5bc5f3a592701eeb4c2e87673fb55') in 0.031010 seconds 
========================================================================
Received Import Request.
  Time since last request: 0.000053 seconds.
  path: Assets/Models/Environment/Nature/crops_wheatStageA.fbx
  artifactKey: Guid(b11d23d837e5a214c8a19804d5d40f52) Importer(815301076,1909f56bfc062723c751e8b465ee728b)
Start importing Assets/Models/Environment/Nature/crops_wheatStageA.fbx using Guid(b11d23d837e5a214c8a19804d5d40f52) Importer(815301076,1909f56bfc062723c751e8b465ee728b)  -> (artifact id: 'fafa551cfa1252d9c7390b85f1b8db55') in 0.032043 seconds 
========================================================================
Received Import Request.
  Time since last request: 0.000053 seconds.
  path: Assets/Models/Environment/Nature/fence_gate.fbx
  artifactKey: Guid(c452a4781c3524943970552b46168109) Importer(815301076,1909f56bfc062723c751e8b465ee728b)
Start importing Assets/Models/Environment/Nature/fence_gate.fbx using Guid(c452a4781c3524943970552b46168109) Importer(815301076,1909f56bfc062723c751e8b465ee728b)  -> (artifact id: 'b69ffe5365f3e385b89c8ea6bba759ad') in 0.058413 seconds 
========================================================================
Received Import Request.
  Time since last request: 0.000041 seconds.
  path: Assets/Models/Environment/Nature/fence_simpleLow.fbx
  artifactKey: Guid(f51385e076d22784d99dc4f3923f4982) Importer(815301076,1909f56bfc062723c751e8b465ee728b)
Start importing Assets/Models/Environment/Nature/fence_simpleLow.fbx using Guid(f51385e076d22784d99dc4f3923f4982) Importer(815301076,1909f56bfc062723c751e8b465ee728b)  -> (artifact id: 'fdd67b048d299c7b7aafbcb614bf3d9f') in 0.026296 seconds 
========================================================================
Received Import Request.
  Time since last request: 0.000035 seconds.
  path: Assets/Models/Environment/Nature/fence_simpleCenter.fbx
  artifactKey: Guid(437575aae265f6143b026633032a371f) Importer(815301076,1909f56bfc062723c751e8b465ee728b)
Start importing Assets/Models/Environment/Nature/fence_simpleCenter.fbx using Guid(437575aae265f6143b026633032a371f) Importer(815301076,1909f56bfc062723c751e8b465ee728b)  -> (artifact id: '06efbec9231c814f28d5b9feb2956f8f') in 0.032273 seconds 
========================================================================
Received Import Request.
  Time since last request: 0.000066 seconds.
  path: Assets/Models/Environment/Nature/fence_simpleDiagonal.fbx
  artifactKey: Guid(e391320e5850c924285ba1d785efcb31) Importer(815301076,1909f56bfc062723c751e8b465ee728b)
Start importing Assets/Models/Environment/Nature/fence_simpleDiagonal.fbx using Guid(e391320e5850c924285ba1d785efcb31) Importer(815301076,1909f56bfc062723c751e8b465ee728b)  -> (artifact id: '32155ba675567559ab1168f085981cf2') in 0.044428 seconds 
========================================================================
Received Import Request.
  Time since last request: 0.248721 seconds.
  path: Assets/Models/Environment/Nature/flower_purpleC.fbx
  artifactKey: Guid(ec590754f1126a441877493b19d3aff4) Importer(815301076,1909f56bfc062723c751e8b465ee728b)
Start importing Assets/Models/Environment/Nature/flower_purpleC.fbx using Guid(ec590754f1126a441877493b19d3aff4) Importer(815301076,1909f56bfc062723c751e8b465ee728b)  -> (artifact id: '700a112cdda7b59874331efd7de5e7ba') in 0.037398 seconds 
========================================================================
Received Import Request.
  Time since last request: 0.000057 seconds.
  path: Assets/Models/Environment/Nature/grass_large.fbx
  artifactKey: Guid(1845473253d80cb43ba046f8b86e7f4e) Importer(815301076,1909f56bfc062723c751e8b465ee728b)
Start importing Assets/Models/Environment/Nature/grass_large.fbx using Guid(1845473253d80cb43ba046f8b86e7f4e) Importer(815301076,1909f56bfc062723c751e8b465ee728b)  -> (artifact id: '604b850a20f7a360cc9ca81766f7da5e') in 0.025003 seconds 
========================================================================
Received Import Request.
  Time since last request: 0.000042 seconds.
  path: Assets/Models/Environment/Nature/grass.fbx
  artifactKey: Guid(533d1ebe0dbeb784482a741145d573d1) Importer(815301076,1909f56bfc062723c751e8b465ee728b)
Start importing Assets/Models/Environment/Nature/grass.fbx using Guid(533d1ebe0dbeb784482a741145d573d1) Importer(815301076,1909f56bfc062723c751e8b465ee728b)  -> (artifact id: '4d2e41316db5b0f990daac471b4786ba') in 0.024975 seconds 
========================================================================
Received Import Request.
  Time since last request: 0.000040 seconds.
  path: Assets/Models/Environment/Nature/flower_redC.fbx
  artifactKey: Guid(317a54ff57ff17345923d7f57e5552c4) Importer(815301076,1909f56bfc062723c751e8b465ee728b)
Start importing Assets/Models/Environment/Nature/flower_redC.fbx using Guid(317a54ff57ff17345923d7f57e5552c4) Importer(815301076,1909f56bfc062723c751e8b465ee728b)  -> (artifact id: '9d22a7200a09a95b9e1468d016122554') in 0.037557 seconds 
========================================================================
Received Import Request.
  Time since last request: 0.000028 seconds.
  path: Assets/Models/Environment/Nature/ground_pathBendBank.fbx
  artifactKey: Guid(daeeb4035733201479dfa85470c8f11e) Importer(815301076,1909f56bfc062723c751e8b465ee728b)
Start importing Assets/Models/Environment/Nature/ground_pathBendBank.fbx using Guid(daeeb4035733201479dfa85470c8f11e) Importer(815301076,1909f56bfc062723c751e8b465ee728b)  -> (artifact id: '75baadd175404b0f127db2baeb7c9a59') in 0.033951 seconds 
========================================================================
Received Import Request.
  Time since last request: 0.351431 seconds.
  path: Assets/Models/Environment/Nature/ground_pathCornerSmall.fbx
  artifactKey: Guid(8762e15c4248f5e40a36c944e0bacd2c) Importer(815301076,1909f56bfc062723c751e8b465ee728b)
Start importing Assets/Models/Environment/Nature/ground_pathCornerSmall.fbx using Guid(8762e15c4248f5e40a36c944e0bacd2c) Importer(815301076,1909f56bfc062723c751e8b465ee728b)  -> (artifact id: '3c930c491d518e81aa83c24bf8b65738') in 0.027304 seconds 
========================================================================
Received Import Request.
  Time since last request: 0.000035 seconds.
  path: Assets/Models/Environment/Nature/ground_pathEnd.fbx
  artifactKey: Guid(c0e278169e28ea940a2c9fc7ae13d64a) Importer(815301076,1909f56bfc062723c751e8b465ee728b)
Start importing Assets/Models/Environment/Nature/ground_pathEnd.fbx using Guid(c0e278169e28ea940a2c9fc7ae13d64a) Importer(815301076,1909f56bfc062723c751e8b465ee728b)  -> (artifact id: 'f50f12be53051510f7c0bf2249f4216e') in 0.026818 seconds 
========================================================================
Received Import Request.
  Time since last request: 0.000037 seconds.
  path: Assets/Models/Environment/Nature/ground_pathRocks.fbx
  artifactKey: Guid(27114739450a28e4da4cfaa3ec920977) Importer(815301076,1909f56bfc062723c751e8b465ee728b)
Start importing Assets/Models/Environment/Nature/ground_pathRocks.fbx using Guid(27114739450a28e4da4cfaa3ec920977) Importer(815301076,1909f56bfc062723c751e8b465ee728b)  -> (artifact id: '365452f872c3c3555dd0df98f51a702b') in 0.036861 seconds 
Editor requested this worker to shutdown with reason: Scaling down because of idle timeout
AssetImportWorker is now disconnected from the server
Process exiting
Exiting without the bug reporter. Application will terminate with return code 0