Using pre-set license
Built from '2021.3/release' branch; Version is '2021.3.12f1 (8af3c3e441b1) revision 9106371'; Using compiler version '192829333'; Build Type 'Release'
OS: 'Windows 11  (10.0.22000) 64bit Core' Language: 'en' Physical Memory: 15776 MB
BatchMode: 1, IsHumanControllingUs: 0, StartBugReporterOnCrash: 0, Is64bit: 1, IsPro: 1

COMMAND LINE ARGUMENTS:
C:\Program Files\Unity\Hub\Editor\2021.3.12f1\Editor\Unity.exe
-adb2
-batchMode
-noUpm
-name
AssetImportWorker9
-projectPath
C:/Users/chess/Documents/TEC/Semestre5/Graficos/CarTrackSimulation/CarTrackSimulation
-logFile
Logs/AssetImportWorker9.log
-srvPort
61526
Successfully changed project path to: C:/Users/chess/Documents/TEC/Semestre5/Graficos/CarTrackSimulation/CarTrackSimulation
C:/Users/chess/Documents/TEC/Semestre5/Graficos/CarTrackSimulation/CarTrackSimulation
[UnityMemory] Configuration Parameters - Can be set up in boot.config
    "memorysetup-bucket-allocator-granularity=16"
    "memorysetup-bucket-allocator-bucket-count=8"
    "memorysetup-bucket-allocator-block-size=33554432"
    "memorysetup-bucket-allocator-block-count=8"
    "memorysetup-main-allocator-block-size=16777216"
    "memorysetup-thread-allocator-block-size=16777216"
    "memorysetup-gfx-main-allocator-block-size=16777216"
    "memorysetup-gfx-thread-allocator-block-size=16777216"
    "memorysetup-cache-allocator-block-size=4194304"
    "memorysetup-typetree-allocator-block-size=2097152"
    "memorysetup-profiler-bucket-allocator-granularity=16"
    "memorysetup-profiler-bucket-allocator-bucket-count=8"
    "memorysetup-profiler-bucket-allocator-block-size=33554432"
    "memorysetup-profiler-bucket-allocator-block-count=8"
    "memorysetup-profiler-allocator-block-size=16777216"
    "memorysetup-profiler-editor-allocator-block-size=1048576"
    "memorysetup-temp-allocator-size-main=16777216"
    "memorysetup-job-temp-allocator-block-size=2097152"
    "memorysetup-job-temp-allocator-block-size-background=1048576"
    "memorysetup-job-temp-allocator-reduction-small-platforms=262144"
    "memorysetup-temp-allocator-size-background-worker=32768"
    "memorysetup-temp-allocator-size-job-worker=262144"
    "memorysetup-temp-allocator-size-preload-manager=33554432"
    "memorysetup-temp-allocator-size-nav-mesh-worker=65536"
    "memorysetup-temp-allocator-size-audio-worker=65536"
    "memorysetup-temp-allocator-size-cloud-worker=32768"
    "memorysetup-temp-allocator-size-gi-baking-worker=262144"
    "memorysetup-temp-allocator-size-gfx=262144"
Refreshing native plugins compatible for Editor in 73.80 ms, found 3 plugins.
Preloading 0 native plugins for Editor in 0.00 ms.
Initialize engine version: 2021.3.12f1 (8af3c3e441b1)
[Subsystems] Discovering subsystems at path C:/Program Files/Unity/Hub/Editor/2021.3.12f1/Editor/Data/Resources/UnitySubsystems
[Subsystems] Discovering subsystems at path C:/Users/chess/Documents/TEC/Semestre5/Graficos/CarTrackSimulation/CarTrackSimulation/Assets
GfxDevice: creating device client; threaded=0; jobified=0
Direct3D:
    Version:  Direct3D 11.0 [level 11.1]
    Renderer: NVIDIA GeForce RTX 3070 Laptop GPU (ID=0x249d)
    Vendor:   NVIDIA
    VRAM:     8044 MB
    Driver:   31.0.15.2225
Initialize mono
Mono path[0] = 'C:/Program Files/Unity/Hub/Editor/2021.3.12f1/Editor/Data/Managed'
Mono path[1] = 'C:/Program Files/Unity/Hub/Editor/2021.3.12f1/Editor/Data/MonoBleedingEdge/lib/mono/unityjit-win32'
Mono config path = 'C:/Program Files/Unity/Hub/Editor/2021.3.12f1/Editor/Data/MonoBleedingEdge/etc'
Using monoOptions --debugger-agent=transport=dt_socket,embedding=1,server=y,suspend=n,address=127.0.0.1:56788
Begin MonoManager ReloadAssembly
Registering precompiled unity dll's ...
Register platform support module: C:/Program Files/Unity/Hub/Editor/2021.3.12f1/Editor/Data/PlaybackEngines/WebGLSupport/UnityEditor.WebGL.Extensions.dll
Register platform support module: C:/Program Files/Unity/Hub/Editor/2021.3.12f1/Editor/Data/PlaybackEngines/WindowsStandaloneSupport/UnityEditor.WindowsStandalone.Extensions.dll
Registered in 0.003943 seconds.
Native extension for WindowsStandalone target not found
Native extension for WebGL target not found
Refreshing native plugins compatible for Editor in 70.39 ms, found 3 plugins.
Preloading 0 native plugins for Editor in 0.00 ms.
Mono: successfully reloaded assembly
- Completed reload, in  0.548 seconds
Domain Reload Profiling:
	ReloadAssembly (548ms)
		BeginReloadAssembly (61ms)
			ExecutionOrderSort (0ms)
			DisableScriptedObjects (0ms)
			BackupInstance (0ms)
			ReleaseScriptingObjects (0ms)
			CreateAndSetChildDomain (1ms)
		EndReloadAssembly (397ms)
			LoadAssemblies (59ms)
			RebuildTransferFunctionScriptingTraits (0ms)
			SetupTypeCache (84ms)
			ReleaseScriptCaches (0ms)
			RebuildScriptCaches (23ms)
			SetupLoadedEditorAssemblies (245ms)
				LogAssemblyErrors (0ms)
				InitializePlatformSupportModulesInManaged (7ms)
				SetLoadedEditorAssemblies (0ms)
				RefreshPlugins (71ms)
				BeforeProcessingInitializeOnLoad (1ms)
				ProcessInitializeOnLoadAttributes (121ms)
				ProcessInitializeOnLoadMethodAttributes (45ms)
				AfterProcessingInitializeOnLoad (0ms)
				EditorAssembliesLoaded (0ms)
			ExecutionOrderSort2 (0ms)
			AwakeInstancesAfterBackupRestoration (0ms)
Platform modules already initialized, skipping
Registering precompiled user dll's ...
Registered in 0.004456 seconds.
Begin MonoManager ReloadAssembly
Symbol file LoadedFromMemory doesn't match image C:\Users\chess\Documents\TEC\Semestre5\Graficos\CarTrackSimulation\CarTrackSimulation\Library\PackageCache\com.unity.visualscripting@1.7.8\Editor\VisualScripting.Core\Dependencies\YamlDotNet\Unity.VisualScripting.YamlDotNet.dll
Symbol file LoadedFromMemory doesn't match image C:\Users\chess\Documents\TEC\Semestre5\Graficos\CarTrackSimulation\CarTrackSimulation\Library\PackageCache\com.unity.visualscripting@1.7.8\Editor\VisualScripting.Core\Dependencies\DotNetZip\Unity.VisualScripting.IonicZip.dll
Native extension for WindowsStandalone target not found
Native extension for WebGL target not found
Refreshing native plugins compatible for Editor in 1.43 ms, found 3 plugins.
Preloading 0 native plugins for Editor in 0.00 ms.
Mono: successfully reloaded assembly
- Completed reload, in  0.901 seconds
Domain Reload Profiling:
	ReloadAssembly (902ms)
		BeginReloadAssembly (114ms)
			ExecutionOrderSort (0ms)
			DisableScriptedObjects (5ms)
			BackupInstance (0ms)
			ReleaseScriptingObjects (0ms)
			CreateAndSetChildDomain (33ms)
		EndReloadAssembly (692ms)
			LoadAssemblies (69ms)
			RebuildTransferFunctionScriptingTraits (0ms)
			SetupTypeCache (218ms)
			ReleaseScriptCaches (1ms)
			RebuildScriptCaches (44ms)
			SetupLoadedEditorAssemblies (326ms)
				LogAssemblyErrors (0ms)
				InitializePlatformSupportModulesInManaged (5ms)
				SetLoadedEditorAssemblies (0ms)
				RefreshPlugins (1ms)
				BeforeProcessingInitializeOnLoad (75ms)
				ProcessInitializeOnLoadAttributes (211ms)
				ProcessInitializeOnLoadMethodAttributes (27ms)
				AfterProcessingInitializeOnLoad (5ms)
				EditorAssembliesLoaded (0ms)
			ExecutionOrderSort2 (0ms)
			AwakeInstancesAfterBackupRestoration (6ms)
Platform modules already initialized, skipping
========================================================================
Worker process is ready to serve import requests
Launched and connected shader compiler UnityShaderCompiler.exe after 0.04 seconds
Refreshing native plugins compatible for Editor in 1.28 ms, found 3 plugins.
Preloading 0 native plugins for Editor in 0.00 ms.
Unloading 3386 Unused Serialized files (Serialized files now loaded: 0)
Unloading 27 unused Assets / (113.3 KB). Loaded Objects now: 3843.
Memory consumption went from 117.5 MB to 117.4 MB.
Total: 3.128800 ms (FindLiveObjects: 0.226800 ms CreateObjectMapping: 0.084500 ms MarkObjects: 2.713400 ms  DeleteObjects: 0.103300 ms)

AssetImportParameters requested are different than current active one (requested -> active):
  custom:video-decoder-ogg-theora: a1e56fd34408186e4bbccfd4996cb3dc -> 
  custom:container-muxer-webm: aa71ff27fc2769a1b78a27578f13a17b -> 
  custom:container-demuxer-webm: 4f35f7cbe854078d1ac9338744f61a02 -> 
  custom:video-encoder-webm-vp8: eb34c28f22e8b96e1ab97ce403110664 -> 
  custom:video-codec-MediaFoundation-h265: 746d11721c4dcdbdad8f713fa42b33f4 -> 
  custom:audio-encoder-webm-vorbis: bf7c407c2cedff20999df2af8eb42d56 -> 
  custom:framework-win-MediaFoundation: 216162199b28c13a410421893ffa2e32 -> 
  custom:container-demuxer-ogg: 62fdf1f143b41e24485cea50d1cbac27 -> 
  custom:video-decoder-webm-vp8: 9c59270c3fd7afecdb556c50c9e8de78 -> 
  custom:audio-decoder-ogg-vorbis: bf7c407c2cedff20999df2af8eb42d56 -> 
========================================================================
Received Import Request.
  Time since last request: 44109.096903 seconds.
  path: Assets/Models/Environment/Nature/stone_tallA.fbx
  artifactKey: Guid(b617686fc9b214f499c08ac0b0b16b5b) Importer(815301076,1909f56bfc062723c751e8b465ee728b)
Start importing Assets/Models/Environment/Nature/stone_tallA.fbx using Guid(b617686fc9b214f499c08ac0b0b16b5b) Importer(815301076,1909f56bfc062723c751e8b465ee728b)  -> (artifact id: 'c965f8a212001198cc70dd42115f2ceb') in 0.199835 seconds 
========================================================================
Received Import Request.
  Time since last request: 0.000029 seconds.
  path: Assets/Models/Environment/Nature/stone_tallD.fbx
  artifactKey: Guid(a0e0b65c17d732644ac193ae7490bda2) Importer(815301076,1909f56bfc062723c751e8b465ee728b)
Start importing Assets/Models/Environment/Nature/stone_tallD.fbx using Guid(a0e0b65c17d732644ac193ae7490bda2) Importer(815301076,1909f56bfc062723c751e8b465ee728b)  -> (artifact id: 'e06ff453be8088337755480d5d5a7c37') in 0.033791 seconds 
========================================================================
Received Import Request.
  Time since last request: 0.000043 seconds.
  path: Assets/Models/Environment/Nature/stone_tallH.fbx
  artifactKey: Guid(f01ff292a6edac7458e237f1bc87c009) Importer(815301076,1909f56bfc062723c751e8b465ee728b)
Start importing Assets/Models/Environment/Nature/stone_tallH.fbx using Guid(f01ff292a6edac7458e237f1bc87c009) Importer(815301076,1909f56bfc062723c751e8b465ee728b)  -> (artifact id: 'e2edb8910ffb423b24d69a8535a853c6') in 0.033457 seconds 
========================================================================
Received Import Request.
  Time since last request: 0.000029 seconds.
  path: Assets/Models/Environment/Nature/stump_old.fbx
  artifactKey: Guid(f571d938bd299cb4192f78c9cef09003) Importer(815301076,1909f56bfc062723c751e8b465ee728b)
Start importing Assets/Models/Environment/Nature/stump_old.fbx using Guid(f571d938bd299cb4192f78c9cef09003) Importer(815301076,1909f56bfc062723c751e8b465ee728b)  -> (artifact id: '8deb6bc1cff5217f9ed0ac96817bd5fe') in 0.026642 seconds 
========================================================================
Received Import Request.
  Time since last request: 0.000032 seconds.
  path: Assets/Models/Environment/Nature/stone_tallC.fbx
  artifactKey: Guid(aa689ccf3bc3b064e8c02ac540d29e36) Importer(815301076,1909f56bfc062723c751e8b465ee728b)
Start importing Assets/Models/Environment/Nature/stone_tallC.fbx using Guid(aa689ccf3bc3b064e8c02ac540d29e36) Importer(815301076,1909f56bfc062723c751e8b465ee728b)  -> (artifact id: 'cd53f497993b0640a7d9442f669efe7d') in 0.027403 seconds 
========================================================================
Received Import Request.
  Time since last request: 0.000034 seconds.
  path: Assets/Models/Environment/Nature/stone_tallE.fbx
  artifactKey: Guid(1d14cab69a691e74f862387b5a8b77ca) Importer(815301076,1909f56bfc062723c751e8b465ee728b)
Start importing Assets/Models/Environment/Nature/stone_tallE.fbx using Guid(1d14cab69a691e74f862387b5a8b77ca) Importer(815301076,1909f56bfc062723c751e8b465ee728b)  -> (artifact id: 'cef18dad840f362a1a2ad83a8c0d4b41') in 0.040090 seconds 
========================================================================
Received Import Request.
  Time since last request: 0.276835 seconds.
  path: Assets/Models/Environment/Nature/stump_squareDetailed.fbx
  artifactKey: Guid(a6874d4ad06a62049983bf3dd3fe6654) Importer(815301076,1909f56bfc062723c751e8b465ee728b)
Start importing Assets/Models/Environment/Nature/stump_squareDetailed.fbx using Guid(a6874d4ad06a62049983bf3dd3fe6654) Importer(815301076,1909f56bfc062723c751e8b465ee728b)  -> (artifact id: 'd0398ca1caa19b374bfdfcea55161f20') in 0.024265 seconds 
========================================================================
Received Import Request.
  Time since last request: 0.000025 seconds.
  path: Assets/Models/Environment/Nature/stump_squareDetailedWide.fbx
  artifactKey: Guid(403d2620f23ce594b9a4b2b26ec971d1) Importer(815301076,1909f56bfc062723c751e8b465ee728b)
Start importing Assets/Models/Environment/Nature/stump_squareDetailedWide.fbx using Guid(403d2620f23ce594b9a4b2b26ec971d1) Importer(815301076,1909f56bfc062723c751e8b465ee728b)  -> (artifact id: '24de9f8712d238d4e2ea0b0188612a81') in 0.031100 seconds 
========================================================================
Received Import Request.
  Time since last request: 0.000023 seconds.
  path: Assets/Models/Environment/Nature/tent_smallOpen.fbx
  artifactKey: Guid(aea6f1dc80f27e74895a1f83bdbb31af) Importer(815301076,1909f56bfc062723c751e8b465ee728b)
Start importing Assets/Models/Environment/Nature/tent_smallOpen.fbx using Guid(aea6f1dc80f27e74895a1f83bdbb31af) Importer(815301076,1909f56bfc062723c751e8b465ee728b)  -> (artifact id: '423e8b51131685c1cdef0180f7cf3b28') in 0.034539 seconds 
========================================================================
Received Import Request.
  Time since last request: 0.000040 seconds.
  path: Assets/Models/Environment/Nature/tree_blocks_dark.fbx
  artifactKey: Guid(e3ce56c6e8b20a342a9061c9d50ef88b) Importer(815301076,1909f56bfc062723c751e8b465ee728b)
Start importing Assets/Models/Environment/Nature/tree_blocks_dark.fbx using Guid(e3ce56c6e8b20a342a9061c9d50ef88b) Importer(815301076,1909f56bfc062723c751e8b465ee728b)  -> (artifact id: '5e4f39b4532a13a64a4f4a34a8d8268b') in 0.029749 seconds 
========================================================================
Received Import Request.
  Time since last request: 0.000049 seconds.
  path: Assets/Models/Environment/Nature/tree_blocks.fbx
  artifactKey: Guid(b782570a261e6064f9d4222088fd0e7a) Importer(815301076,1909f56bfc062723c751e8b465ee728b)
Start importing Assets/Models/Environment/Nature/tree_blocks.fbx using Guid(b782570a261e6064f9d4222088fd0e7a) Importer(815301076,1909f56bfc062723c751e8b465ee728b)  -> (artifact id: 'c90fe3e6fcf078b63b172c6a55455dbb') in 0.039334 seconds 
========================================================================
Received Import Request.
  Time since last request: 0.415115 seconds.
  path: Assets/Models/Environment/Nature/tree_cone_dark.fbx
  artifactKey: Guid(812c7dd650960494ea06858d120165ca) Importer(815301076,1909f56bfc062723c751e8b465ee728b)
Start importing Assets/Models/Environment/Nature/tree_cone_dark.fbx using Guid(812c7dd650960494ea06858d120165ca) Importer(815301076,1909f56bfc062723c751e8b465ee728b)  -> (artifact id: 'ddf1f3b0ff7322547fd63db2a95ee5ba') in 0.030259 seconds 
========================================================================
Received Import Request.
  Time since last request: 0.000051 seconds.
  path: Assets/Models/Environment/Nature/tree_default.fbx
  artifactKey: Guid(12ec4e4fe1d84da45ab9e4586b9299a4) Importer(815301076,1909f56bfc062723c751e8b465ee728b)
Start importing Assets/Models/Environment/Nature/tree_default.fbx using Guid(12ec4e4fe1d84da45ab9e4586b9299a4) Importer(815301076,1909f56bfc062723c751e8b465ee728b)  -> (artifact id: 'f508b0daba3f6a0c87f05b7b206f02ff') in 0.028409 seconds 
========================================================================
Received Import Request.
  Time since last request: 0.000065 seconds.
  path: Assets/Models/Environment/Nature/tree_detailed_dark.fbx
  artifactKey: Guid(0c0ca24e9881aa249aba8521bd21aa4d) Importer(815301076,1909f56bfc062723c751e8b465ee728b)
Start importing Assets/Models/Environment/Nature/tree_detailed_dark.fbx using Guid(0c0ca24e9881aa249aba8521bd21aa4d) Importer(815301076,1909f56bfc062723c751e8b465ee728b)  -> (artifact id: '7d0281c78ea769fb71616a9e8c9ba388') in 0.037962 seconds 
========================================================================
Received Import Request.
  Time since last request: 0.000038 seconds.
  path: Assets/Models/Environment/Nature/tree_cone_fall.fbx
  artifactKey: Guid(af5ec81792ad6bb4183a8ad72d7ecd45) Importer(815301076,1909f56bfc062723c751e8b465ee728b)
Start importing Assets/Models/Environment/Nature/tree_cone_fall.fbx using Guid(af5ec81792ad6bb4183a8ad72d7ecd45) Importer(815301076,1909f56bfc062723c751e8b465ee728b)  -> (artifact id: '7c248fa1a0efff3d40556cccca334a35') in 0.028650 seconds 
========================================================================
Received Import Request.
  Time since last request: 0.000020 seconds.
  path: Assets/Models/Environment/Nature/tree_fat.fbx
  artifactKey: Guid(12ed874d7b36726498ae3c7e5baca4a2) Importer(815301076,1909f56bfc062723c751e8b465ee728b)
Start importing Assets/Models/Environment/Nature/tree_fat.fbx using Guid(12ed874d7b36726498ae3c7e5baca4a2) Importer(815301076,1909f56bfc062723c751e8b465ee728b)  -> (artifact id: '2c70b4c4a89879ab5fe5b5e6053c8415') in 0.029823 seconds 
========================================================================
Received Import Request.
  Time since last request: 0.262841 seconds.
  path: Assets/Models/Environment/Nature/tree_fat_fall.fbx
  artifactKey: Guid(cc61e98e72b054d4d86bb39874f13a6c) Importer(815301076,1909f56bfc062723c751e8b465ee728b)
Start importing Assets/Models/Environment/Nature/tree_fat_fall.fbx using Guid(cc61e98e72b054d4d86bb39874f13a6c) Importer(815301076,1909f56bfc062723c751e8b465ee728b)  -> (artifact id: '2afeecbc96b619a694683b9a2730fab4') in 0.021573 seconds 
========================================================================
Received Import Request.
  Time since last request: 0.000052 seconds.
  path: Assets/Models/Environment/Nature/tree_oak_fall.fbx
  artifactKey: Guid(50a7dc82c0011ff43b4525da8839c1ba) Importer(815301076,1909f56bfc062723c751e8b465ee728b)
Start importing Assets/Models/Environment/Nature/tree_oak_fall.fbx using Guid(50a7dc82c0011ff43b4525da8839c1ba) Importer(815301076,1909f56bfc062723c751e8b465ee728b)  -> (artifact id: 'c08fac817fd20faf9a741318732ca946') in 0.031463 seconds 
========================================================================
Received Import Request.
  Time since last request: 0.260578 seconds.
  path: Assets/Models/Environment/Nature/tree_palmBend.fbx
  artifactKey: Guid(1fb412f71352f4d4ca1d2ba1316416a6) Importer(815301076,1909f56bfc062723c751e8b465ee728b)
Start importing Assets/Models/Environment/Nature/tree_palmBend.fbx using Guid(1fb412f71352f4d4ca1d2ba1316416a6) Importer(815301076,1909f56bfc062723c751e8b465ee728b)  -> (artifact id: '8e03cb25f1104f55ae55301519914a7e') in 0.028191 seconds 
========================================================================
Received Import Request.
  Time since last request: 0.000033 seconds.
  path: Assets/Models/Environment/Nature/tree_palmDetailedTall.fbx
  artifactKey: Guid(6ff32db2d51bd134195e5281406d38b8) Importer(815301076,1909f56bfc062723c751e8b465ee728b)
Start importing Assets/Models/Environment/Nature/tree_palmDetailedTall.fbx using Guid(6ff32db2d51bd134195e5281406d38b8) Importer(815301076,1909f56bfc062723c751e8b465ee728b)  -> (artifact id: 'efde0d46dcfe0abbf5a25285a35c5b85') in 0.047505 seconds 
========================================================================
Received Import Request.
  Time since last request: 0.000073 seconds.
  path: Assets/Models/Environment/Nature/tree_palmShort.fbx
  artifactKey: Guid(32676982abf84194390a4c1116df0ad1) Importer(815301076,1909f56bfc062723c751e8b465ee728b)
Start importing Assets/Models/Environment/Nature/tree_palmShort.fbx using Guid(32676982abf84194390a4c1116df0ad1) Importer(815301076,1909f56bfc062723c751e8b465ee728b)  -> (artifact id: '561598a4bce9b17d5d089d422afbb4b5') in 0.030460 seconds 
========================================================================
Received Import Request.
  Time since last request: 0.090766 seconds.
  path: Assets/Models/Environment/Nature/tree_pineDefaultA.fbx
  artifactKey: Guid(f92dadd69db610d488bd83c511a791e6) Importer(815301076,1909f56bfc062723c751e8b465ee728b)
Start importing Assets/Models/Environment/Nature/tree_pineDefaultA.fbx using Guid(f92dadd69db610d488bd83c511a791e6) Importer(815301076,1909f56bfc062723c751e8b465ee728b)  -> (artifact id: '2d3aeec33b213bf9d2882d4e940c3d8f') in 0.024978 seconds 
========================================================================
Received Import Request.
  Time since last request: 0.000018 seconds.
  path: Assets/Models/Environment/Nature/tree_pineGroundA.fbx
  artifactKey: Guid(7f0b55ace278c494e896497daa0f6ecd) Importer(815301076,1909f56bfc062723c751e8b465ee728b)
Start importing Assets/Models/Environment/Nature/tree_pineGroundA.fbx using Guid(7f0b55ace278c494e896497daa0f6ecd) Importer(815301076,1909f56bfc062723c751e8b465ee728b)  -> (artifact id: '98042a32a292c13c7c1276d806a2aa73') in 0.019467 seconds 
========================================================================
Received Import Request.
  Time since last request: 0.000031 seconds.
  path: Assets/Models/Environment/Nature/tree_pineDefaultB.fbx
  artifactKey: Guid(91eca0c65dd6e924aaeb06b2f61cac27) Importer(815301076,1909f56bfc062723c751e8b465ee728b)
Start importing Assets/Models/Environment/Nature/tree_pineDefaultB.fbx using Guid(91eca0c65dd6e924aaeb06b2f61cac27) Importer(815301076,1909f56bfc062723c751e8b465ee728b)  -> (artifact id: 'fa93c7d53cdec9e0fccab7955d65424d') in 0.025817 seconds 
========================================================================
Received Import Request.
  Time since last request: 4.282984 seconds.
  path: Assets/Models/Environment/Nature/tree_pineRoundC.fbx
  artifactKey: Guid(da187b93a0507414ebf79b7c02134bef) Importer(815301076,1909f56bfc062723c751e8b465ee728b)
Start importing Assets/Models/Environment/Nature/tree_pineRoundC.fbx using Guid(da187b93a0507414ebf79b7c02134bef) Importer(815301076,1909f56bfc062723c751e8b465ee728b)  -> (artifact id: '275abf2b734dc3a3991afc4e1659a4dd') in 0.036931 seconds 
========================================================================
Received Import Request.
  Time since last request: 0.000031 seconds.
  path: Assets/Models/Environment/Nature/tree_pineRoundE.fbx
  artifactKey: Guid(dd27ab476c7628245b169decb1c53688) Importer(815301076,1909f56bfc062723c751e8b465ee728b)
Start importing Assets/Models/Environment/Nature/tree_pineRoundE.fbx using Guid(dd27ab476c7628245b169decb1c53688) Importer(815301076,1909f56bfc062723c751e8b465ee728b)  -> (artifact id: '421db27d266c457553366f1bfd1ff062') in 0.038978 seconds 
========================================================================
Received Import Request.
  Time since last request: 0.000032 seconds.
  path: Assets/Models/Environment/Nature/tree_pineRoundF.fbx
  artifactKey: Guid(284e110ee6d8c5d42af2de78cd18f2d4) Importer(815301076,1909f56bfc062723c751e8b465ee728b)
Start importing Assets/Models/Environment/Nature/tree_pineRoundF.fbx using Guid(284e110ee6d8c5d42af2de78cd18f2d4) Importer(815301076,1909f56bfc062723c751e8b465ee728b)  -> (artifact id: 'd9678477b2375ffb8903bef1c3d9f886') in 0.035161 seconds 
========================================================================
Received Import Request.
  Time since last request: 0.000028 seconds.
  path: Assets/Models/Environment/Nature/tree_pineTallB.fbx
  artifactKey: Guid(6042107caf76c6148bd1d83e7f4622c2) Importer(815301076,1909f56bfc062723c751e8b465ee728b)
Start importing Assets/Models/Environment/Nature/tree_pineTallB.fbx using Guid(6042107caf76c6148bd1d83e7f4622c2) Importer(815301076,1909f56bfc062723c751e8b465ee728b)  -> (artifact id: '4576324ff3d89af44586a3985af0faa5') in 0.031284 seconds 
========================================================================
Received Import Request.
  Time since last request: 0.000045 seconds.
  path: Assets/Models/Environment/Nature/tree_pineTallA.fbx
  artifactKey: Guid(05134d6e641804246a6b75cdbb02ba2b) Importer(815301076,1909f56bfc062723c751e8b465ee728b)
Start importing Assets/Models/Environment/Nature/tree_pineTallA.fbx using Guid(05134d6e641804246a6b75cdbb02ba2b) Importer(815301076,1909f56bfc062723c751e8b465ee728b)  -> (artifact id: '1291c6f2120460fb64ce95e5d5318d64') in 0.030034 seconds 
========================================================================
Received Import Request.
  Time since last request: 0.000024 seconds.
  path: Assets/Models/Environment/Nature/tree_plateau.fbx
  artifactKey: Guid(72f41fdec8031b348916903855f79d91) Importer(815301076,1909f56bfc062723c751e8b465ee728b)
Start importing Assets/Models/Environment/Nature/tree_plateau.fbx using Guid(72f41fdec8031b348916903855f79d91) Importer(815301076,1909f56bfc062723c751e8b465ee728b)  -> (artifact id: '2fee67e0a9ba6fc4ac881f45721caf35') in 0.026905 seconds 
========================================================================
Received Import Request.
  Time since last request: 0.000052 seconds.
  path: Assets/Models/Environment/Nature/tree_pineTallC.fbx
  artifactKey: Guid(75f576ea03215a24395d68bf5b5130c2) Importer(815301076,1909f56bfc062723c751e8b465ee728b)
Start importing Assets/Models/Environment/Nature/tree_pineTallC.fbx using Guid(75f576ea03215a24395d68bf5b5130c2) Importer(815301076,1909f56bfc062723c751e8b465ee728b)  -> (artifact id: 'edc710be2ead4d97aa4b5ab2661708c4') in 0.029334 seconds 
========================================================================
Received Import Request.
  Time since last request: 0.000081 seconds.
  path: Assets/Models/Environment/Nature/tree_plateau_dark.fbx
  artifactKey: Guid(15aab2978c2a8314db7feeabaf4546b6) Importer(815301076,1909f56bfc062723c751e8b465ee728b)
Start importing Assets/Models/Environment/Nature/tree_plateau_dark.fbx using Guid(15aab2978c2a8314db7feeabaf4546b6) Importer(815301076,1909f56bfc062723c751e8b465ee728b)  -> (artifact id: '0cd763a7c49d3d0ecf73da91b6823b22') in 0.029536 seconds 
========================================================================
Received Import Request.
  Time since last request: 0.000039 seconds.
  path: Assets/Models/Environment/Nature/tree_small.fbx
  artifactKey: Guid(2c5d203a06b6850479ee37f1baaae12c) Importer(815301076,1909f56bfc062723c751e8b465ee728b)
Start importing Assets/Models/Environment/Nature/tree_small.fbx using Guid(2c5d203a06b6850479ee37f1baaae12c) Importer(815301076,1909f56bfc062723c751e8b465ee728b)  -> (artifact id: '1d5c4142cbe5ad9a87273510955a3628') in 0.030568 seconds 
========================================================================
Received Import Request.
  Time since last request: 0.000050 seconds.
  path: Assets/Models/Environment/Nature/tree_simple_fall.fbx
  artifactKey: Guid(0b3cd8464e6ed1848bb0b0b71022fa62) Importer(815301076,1909f56bfc062723c751e8b465ee728b)
Start importing Assets/Models/Environment/Nature/tree_simple_fall.fbx using Guid(0b3cd8464e6ed1848bb0b0b71022fa62) Importer(815301076,1909f56bfc062723c751e8b465ee728b)  -> (artifact id: '116d205977bb8a138de93ae5c58864fd') in 0.031206 seconds 
========================================================================
Received Import Request.
  Time since last request: 0.190090 seconds.
  path: Assets/Models/Environment/Nature/tree_tall.fbx
  artifactKey: Guid(224f4abff9db6b245af45df7df216d1f) Importer(815301076,1909f56bfc062723c751e8b465ee728b)
Start importing Assets/Models/Environment/Nature/tree_tall.fbx using Guid(224f4abff9db6b245af45df7df216d1f) Importer(815301076,1909f56bfc062723c751e8b465ee728b)  -> (artifact id: '18cf760a5982e60bcdcc41de6766ab2c') in 0.031433 seconds 
========================================================================
Received Import Request.
  Time since last request: 0.056434 seconds.
  path: Assets/Models/Environment/Nature/tree_thin_fall.fbx
  artifactKey: Guid(b3c7e258955130d4b994bae76c22fb4c) Importer(815301076,1909f56bfc062723c751e8b465ee728b)
Start importing Assets/Models/Environment/Nature/tree_thin_fall.fbx using Guid(b3c7e258955130d4b994bae76c22fb4c) Importer(815301076,1909f56bfc062723c751e8b465ee728b)  -> (artifact id: '635cd58d9db293b7fc0a12f64bb2f9e7') in 0.030368 seconds 
========================================================================
Received Import Request.
  Time since last request: 1043.562728 seconds.
  path: Assets/Models/Environment/Suburbs/driveway_short.fbx
  artifactKey: Guid(d6d0b146d26c0b84aaa5973f1ec9eb2f) Importer(815301076,1909f56bfc062723c751e8b465ee728b)
Start importing Assets/Models/Environment/Suburbs/driveway_short.fbx using Guid(d6d0b146d26c0b84aaa5973f1ec9eb2f) Importer(815301076,1909f56bfc062723c751e8b465ee728b)  -> (artifact id: '1c01d3a3564c78dcb0f64838c4082f90') in 0.036666 seconds 
========================================================================
Received Import Request.
  Time since last request: 0.000039 seconds.
  path: Assets/Models/Environment/Suburbs/house_type11.fbx
  artifactKey: Guid(b11757c6e29d9a247bd3bf1ca7fd84c3) Importer(815301076,1909f56bfc062723c751e8b465ee728b)
Start importing Assets/Models/Environment/Suburbs/house_type11.fbx using Guid(b11757c6e29d9a247bd3bf1ca7fd84c3) Importer(815301076,1909f56bfc062723c751e8b465ee728b)  -> (artifact id: '22b3fc86febeba5da8770536bac114f9') in 0.050734 seconds 
========================================================================
Received Import Request.
  Time since last request: 0.000035 seconds.
  path: Assets/Models/Environment/Suburbs/house_type03.fbx
  artifactKey: Guid(4cf7f98ac0f482c4589e0c5a0548eeb2) Importer(815301076,1909f56bfc062723c751e8b465ee728b)
Start importing Assets/Models/Environment/Suburbs/house_type03.fbx using Guid(4cf7f98ac0f482c4589e0c5a0548eeb2) Importer(815301076,1909f56bfc062723c751e8b465ee728b)  -> (artifact id: 'eaa7a8b70ef164f8c8fad892191c51b8') in 0.049006 seconds 
========================================================================
Received Import Request.
  Time since last request: 0.000025 seconds.
  path: Assets/Models/Environment/Suburbs/house_type06.fbx
  artifactKey: Guid(6a95d3ffeae86a746b1ca69298bace2b) Importer(815301076,1909f56bfc062723c751e8b465ee728b)
Start importing Assets/Models/Environment/Suburbs/house_type06.fbx using Guid(6a95d3ffeae86a746b1ca69298bace2b) Importer(815301076,1909f56bfc062723c751e8b465ee728b)  -> (artifact id: 'd7442c1be18ed0f4747f00a7ceeef37d') in 0.043008 seconds 
========================================================================
Received Import Request.
  Time since last request: 0.000042 seconds.
  path: Assets/Models/Environment/Suburbs/fence_wide.fbx
  artifactKey: Guid(7f89fb55dc094f84cb3d73e090d286a7) Importer(815301076,1909f56bfc062723c751e8b465ee728b)
Start importing Assets/Models/Environment/Suburbs/fence_wide.fbx using Guid(7f89fb55dc094f84cb3d73e090d286a7) Importer(815301076,1909f56bfc062723c751e8b465ee728b)  -> (artifact id: '1c84d265769e6d78f7f5fd4e8729732c') in 0.025898 seconds 
========================================================================
Received Import Request.
  Time since last request: 0.000025 seconds.
  path: Assets/Models/Environment/Suburbs/house_type01.fbx
  artifactKey: Guid(d0bb8d9612ed7b94ebd342fd9cfeeed6) Importer(815301076,1909f56bfc062723c751e8b465ee728b)
Start importing Assets/Models/Environment/Suburbs/house_type01.fbx using Guid(d0bb8d9612ed7b94ebd342fd9cfeeed6) Importer(815301076,1909f56bfc062723c751e8b465ee728b)  -> (artifact id: 'a9ec17b93470ba7ebf86de87a2afbeee') in 0.053547 seconds 
========================================================================
Received Import Request.
  Time since last request: 0.000025 seconds.
  path: Assets/Models/Environment/Suburbs/house_type13.fbx
  artifactKey: Guid(d2ae6950fabb01e48809581b9cdc45af) Importer(815301076,1909f56bfc062723c751e8b465ee728b)
Start importing Assets/Models/Environment/Suburbs/house_type13.fbx using Guid(d2ae6950fabb01e48809581b9cdc45af) Importer(815301076,1909f56bfc062723c751e8b465ee728b)  -> (artifact id: 'bdf1e2b236202b214e0c1b2c4a7b8d0c') in 0.046456 seconds 
========================================================================
Received Import Request.
  Time since last request: 0.000061 seconds.
  path: Assets/Models/Environment/Suburbs/fence_rectangle.fbx
  artifactKey: Guid(07183a18eb7202f4ea08284eef5b41b4) Importer(815301076,1909f56bfc062723c751e8b465ee728b)
Start importing Assets/Models/Environment/Suburbs/fence_rectangle.fbx using Guid(07183a18eb7202f4ea08284eef5b41b4) Importer(815301076,1909f56bfc062723c751e8b465ee728b)  -> (artifact id: '795ef1b991cc13aebcc3492013cf38da') in 0.024125 seconds 
========================================================================
Received Import Request.
  Time since last request: 0.000055 seconds.
  path: Assets/Models/Environment/Suburbs/house_type08.fbx
  artifactKey: Guid(741a0552de62bd74abd94aac9ac7bfdc) Importer(815301076,1909f56bfc062723c751e8b465ee728b)
Start importing Assets/Models/Environment/Suburbs/house_type08.fbx using Guid(741a0552de62bd74abd94aac9ac7bfdc) Importer(815301076,1909f56bfc062723c751e8b465ee728b)  -> (artifact id: 'f50a14082f25b0d231d6bfaf0b561714') in 0.044871 seconds 
========================================================================
Received Import Request.
  Time since last request: 0.000045 seconds.
  path: Assets/Models/Environment/Suburbs/house_type12.fbx
  artifactKey: Guid(8b77bf804d127a54faaaa9c32e90ffa0) Importer(815301076,1909f56bfc062723c751e8b465ee728b)
Start importing Assets/Models/Environment/Suburbs/house_type12.fbx using Guid(8b77bf804d127a54faaaa9c32e90ffa0) Importer(815301076,1909f56bfc062723c751e8b465ee728b)  -> (artifact id: 'ab9c9fccdb444bfa0648c3b76f619c6c') in 0.046253 seconds 
========================================================================
Received Import Request.
  Time since last request: 0.000025 seconds.
  path: Assets/Models/Environment/Suburbs/fence_open.fbx
  artifactKey: Guid(ab65430f5163717449845d062d340817) Importer(815301076,1909f56bfc062723c751e8b465ee728b)
Start importing Assets/Models/Environment/Suburbs/fence_open.fbx using Guid(ab65430f5163717449845d062d340817) Importer(815301076,1909f56bfc062723c751e8b465ee728b)  -> (artifact id: 'c7178060ab5234055e35c537dd80bfc2') in 0.024356 seconds 
========================================================================
Received Import Request.
  Time since last request: 0.000034 seconds.
  path: Assets/Models/Environment/Suburbs/house_type14.fbx
  artifactKey: Guid(8f7b233b80f157349832e215b80254e9) Importer(815301076,1909f56bfc062723c751e8b465ee728b)
Start importing Assets/Models/Environment/Suburbs/house_type14.fbx using Guid(8f7b233b80f157349832e215b80254e9) Importer(815301076,1909f56bfc062723c751e8b465ee728b)  -> (artifact id: 'fc372da4c45a4c4538c2e27f4e875ae0') in 0.042584 seconds 
========================================================================
Received Import Request.
  Time since last request: 0.000028 seconds.
  path: Assets/Models/Environment/Suburbs/house_type02.fbx
  artifactKey: Guid(ee4b4427ec5faa342956a34a0cc5f9e0) Importer(815301076,1909f56bfc062723c751e8b465ee728b)
Start importing Assets/Models/Environment/Suburbs/house_type02.fbx using Guid(ee4b4427ec5faa342956a34a0cc5f9e0) Importer(815301076,1909f56bfc062723c751e8b465ee728b)  -> (artifact id: 'df3f85e4a789677290ef163708be1c14') in 0.048386 seconds 
========================================================================
Received Import Request.
  Time since last request: 6.212406 seconds.
  path: Assets/Models/Environment/Suburbs/house_type20.fbx
  artifactKey: Guid(45ea0a7435a1fd8499692cd8137f7572) Importer(815301076,1909f56bfc062723c751e8b465ee728b)
Start importing Assets/Models/Environment/Suburbs/house_type20.fbx using Guid(45ea0a7435a1fd8499692cd8137f7572) Importer(815301076,1909f56bfc062723c751e8b465ee728b)  -> (artifact id: '2588af541fd5dd13071d8138af81f33e') in 0.046243 seconds 
========================================================================
Received Import Request.
  Time since last request: 0.000028 seconds.
  path: Assets/Models/Environment/Suburbs/tree_small.fbx
  artifactKey: Guid(9586c99a1ff23d443ac3aa9e67f1a262) Importer(815301076,1909f56bfc062723c751e8b465ee728b)
Start importing Assets/Models/Environment/Suburbs/tree_small.fbx using Guid(9586c99a1ff23d443ac3aa9e67f1a262) Importer(815301076,1909f56bfc062723c751e8b465ee728b)  -> (artifact id: 'c724cadfb4a77d932a6d3faf95082c2e') in 0.036198 seconds 
========================================================================
Received Import Request.
  Time since last request: 0.000035 seconds.
  path: Assets/Models/Environment/Suburbs/path_long.fbx
  artifactKey: Guid(9e337d21adcf7e84180bf1ddd9017617) Importer(815301076,1909f56bfc062723c751e8b465ee728b)
Start importing Assets/Models/Environment/Suburbs/path_long.fbx using Guid(9e337d21adcf7e84180bf1ddd9017617) Importer(815301076,1909f56bfc062723c751e8b465ee728b)  -> (artifact id: '1a31424752d7aae9e4bdc9a1519c815e') in 0.037056 seconds 
========================================================================
Received Import Request.
  Time since last request: 0.000035 seconds.
  path: Assets/Models/Environment/Suburbs/path_short.fbx
  artifactKey: Guid(de8d4bed14401bd4296824d469909ff1) Importer(815301076,1909f56bfc062723c751e8b465ee728b)
Start importing Assets/Models/Environment/Suburbs/path_short.fbx using Guid(de8d4bed14401bd4296824d469909ff1) Importer(815301076,1909f56bfc062723c751e8b465ee728b)  -> (artifact id: '34ba014ff8adee8ab76ca275cefbd744') in 0.028768 seconds 
========================================================================
Received Import Request.
  Time since last request: 0.000038 seconds.
  path: Assets/Models/Environment/Suburbs/house_type21.fbx
  artifactKey: Guid(5b27d73760c210e42a2719473d5dc5e6) Importer(815301076,1909f56bfc062723c751e8b465ee728b)
Start importing Assets/Models/Environment/Suburbs/house_type21.fbx using Guid(5b27d73760c210e42a2719473d5dc5e6) Importer(815301076,1909f56bfc062723c751e8b465ee728b)  -> (artifact id: '414b952cf973fd5039cfeeafb9e04165') in 0.049479 seconds 
========================================================================
Received Prepare
Registering precompiled user dll's ...
Registered in 0.004008 seconds.
Begin MonoManager ReloadAssembly
Symbol file LoadedFromMemory doesn't match image C:\Users\chess\Documents\TEC\Semestre5\Graficos\CarTrackSimulation\CarTrackSimulation\Library\PackageCache\com.unity.visualscripting@1.7.8\Editor\VisualScripting.Core\Dependencies\YamlDotNet\Unity.VisualScripting.YamlDotNet.dll
Symbol file LoadedFromMemory doesn't match image C:\Users\chess\Documents\TEC\Semestre5\Graficos\CarTrackSimulation\CarTrackSimulation\Library\PackageCache\com.unity.visualscripting@1.7.8\Editor\VisualScripting.Core\Dependencies\DotNetZip\Unity.VisualScripting.IonicZip.dll
Native extension for WindowsStandalone target not found
Native extension for WebGL target not found
Refreshing native plugins compatible for Editor in 2.62 ms, found 3 plugins.
Preloading 0 native plugins for Editor in 0.00 ms.
Mono: successfully reloaded assembly
- Completed reload, in  1.190 seconds
Domain Reload Profiling:
	ReloadAssembly (1190ms)
		BeginReloadAssembly (212ms)
			ExecutionOrderSort (0ms)
			DisableScriptedObjects (6ms)
			BackupInstance (0ms)
			ReleaseScriptingObjects (0ms)
			CreateAndSetChildDomain (80ms)
		EndReloadAssembly (866ms)
			LoadAssemblies (100ms)
			RebuildTransferFunctionScriptingTraits (0ms)
			SetupTypeCache (303ms)
			ReleaseScriptCaches (2ms)
			RebuildScriptCaches (49ms)
			SetupLoadedEditorAssemblies (377ms)
				LogAssemblyErrors (0ms)
				InitializePlatformSupportModulesInManaged (15ms)
				SetLoadedEditorAssemblies (1ms)
				RefreshPlugins (3ms)
				BeforeProcessingInitializeOnLoad (68ms)
				ProcessInitializeOnLoadAttributes (248ms)
				ProcessInitializeOnLoadMethodAttributes (35ms)
				AfterProcessingInitializeOnLoad (6ms)
				EditorAssembliesLoaded (0ms)
			ExecutionOrderSort2 (0ms)
			AwakeInstancesAfterBackupRestoration (8ms)
Platform modules already initialized, skipping
Refreshing native plugins compatible for Editor in 1.86 ms, found 3 plugins.
Preloading 0 native plugins for Editor in 0.00 ms.
Unloading 3381 Unused Serialized files (Serialized files now loaded: 0)
Unloading 20 unused Assets / (79.7 KB). Loaded Objects now: 3890.
Memory consumption went from 124.4 MB to 124.4 MB.
Total: 4.375700 ms (FindLiveObjects: 0.275100 ms CreateObjectMapping: 0.087700 ms MarkObjects: 3.861300 ms  DeleteObjects: 0.150100 ms)

AssetImportParameters requested are different than current active one (requested -> active):
  custom:video-decoder-ogg-theora: a1e56fd34408186e4bbccfd4996cb3dc -> 
  custom:container-muxer-webm: aa71ff27fc2769a1b78a27578f13a17b -> 
  custom:container-demuxer-webm: 4f35f7cbe854078d1ac9338744f61a02 -> 
  custom:video-encoder-webm-vp8: eb34c28f22e8b96e1ab97ce403110664 -> 
  custom:video-codec-MediaFoundation-h265: 746d11721c4dcdbdad8f713fa42b33f4 -> 
  custom:audio-encoder-webm-vorbis: bf7c407c2cedff20999df2af8eb42d56 -> 
  custom:framework-win-MediaFoundation: 216162199b28c13a410421893ffa2e32 -> 
  custom:container-demuxer-ogg: 62fdf1f143b41e24485cea50d1cbac27 -> 
  custom:video-decoder-webm-vp8: 9c59270c3fd7afecdb556c50c9e8de78 -> 
  custom:audio-decoder-ogg-vorbis: bf7c407c2cedff20999df2af8eb42d56 -> 
========================================================================
Received Import Request.
  Time since last request: 1886.522615 seconds.
  path: Assets/Models/Environment/Characters/astronaut/Astronaut_Backpack.png
  artifactKey: Guid(3f5e0deca10705344a0c0e45ccd72d0e) Importer(815301076,1909f56bfc062723c751e8b465ee728b)
Start importing Assets/Models/Environment/Characters/astronaut/Astronaut_Backpack.png using Guid(3f5e0deca10705344a0c0e45ccd72d0e) Importer(815301076,1909f56bfc062723c751e8b465ee728b)  -> (artifact id: '16a6d5dedf7ab0c478b4d77e60059772') in 0.083692 seconds 
========================================================================
Received Import Request.
  Time since last request: 0.000049 seconds.
  path: Assets/Models/Environment/Characters/astronaut/Astronaut_Backpack_Cyan.png
  artifactKey: Guid(13734884c7f30f946805db3ec32b02be) Importer(815301076,1909f56bfc062723c751e8b465ee728b)
Start importing Assets/Models/Environment/Characters/astronaut/Astronaut_Backpack_Cyan.png using Guid(13734884c7f30f946805db3ec32b02be) Importer(815301076,1909f56bfc062723c751e8b465ee728b)  -> (artifact id: 'db9e142a39e06a01d40ebb0d70994c36') in 0.023041 seconds 
========================================================================
Received Import Request.
  Time since last request: 0.000043 seconds.
  path: Assets/Models/Environment/Characters/astronaut/Astronaut_Orange.png
  artifactKey: Guid(f3845e49d91599541bc72faa51e076db) Importer(815301076,1909f56bfc062723c751e8b465ee728b)
Start importing Assets/Models/Environment/Characters/astronaut/Astronaut_Orange.png using Guid(f3845e49d91599541bc72faa51e076db) Importer(815301076,1909f56bfc062723c751e8b465ee728b)  -> (artifact id: '64669d20cd635656621d84cee552669d') in 0.022349 seconds 
========================================================================
Received Import Request.
  Time since last request: 0.000033 seconds.
  path: Assets/Models/Environment/Characters/astronaut/Astronaut_Backpack_White.png
  artifactKey: Guid(f847eb0c9793b494eb541be49ca6cfda) Importer(815301076,1909f56bfc062723c751e8b465ee728b)
Start importing Assets/Models/Environment/Characters/astronaut/Astronaut_Backpack_White.png using Guid(f847eb0c9793b494eb541be49ca6cfda) Importer(815301076,1909f56bfc062723c751e8b465ee728b)  -> (artifact id: '417369276448c3fdedea45d1119f25e8') in 0.019366 seconds 
========================================================================
Received Import Request.
  Time since last request: 0.000091 seconds.
  path: Assets/Models/Environment/Characters/astronaut/Astronaut_Backpack_Orange.png
  artifactKey: Guid(6fa3a29ed5365114db70670a7f27efac) Importer(815301076,1909f56bfc062723c751e8b465ee728b)
Start importing Assets/Models/Environment/Characters/astronaut/Astronaut_Backpack_Orange.png using Guid(6fa3a29ed5365114db70670a7f27efac) Importer(815301076,1909f56bfc062723c751e8b465ee728b)  -> (artifact id: '8ef50a82dc98a4bbd3fd8b33c873aa74') in 0.019529 seconds 
========================================================================
Received Import Request.
  Time since last request: 0.000048 seconds.
  path: Assets/Models/Environment/Characters/astronaut/Astronaut_White.png
  artifactKey: Guid(f7807b6ff1f1e6645be0b0bcff56797e) Importer(815301076,1909f56bfc062723c751e8b465ee728b)
Start importing Assets/Models/Environment/Characters/astronaut/Astronaut_White.png using Guid(f7807b6ff1f1e6645be0b0bcff56797e) Importer(815301076,1909f56bfc062723c751e8b465ee728b)  -> (artifact id: '46ecc2dec94ad9665ab06821ec5c7e6a') in 0.021565 seconds 
========================================================================
Received Import Request.
  Time since last request: 0.000033 seconds.
  path: Assets/Models/Environment/Characters/astronaut/Astronaut_Purple.png
  artifactKey: Guid(69f11c217d8470e46a760e353fdf7d95) Importer(815301076,1909f56bfc062723c751e8b465ee728b)
Start importing Assets/Models/Environment/Characters/astronaut/Astronaut_Purple.png using Guid(69f11c217d8470e46a760e353fdf7d95) Importer(815301076,1909f56bfc062723c751e8b465ee728b)  -> (artifact id: '315b9cbea371c7d19fc83d4d210f5ad4') in 0.021474 seconds 
========================================================================
Received Import Request.
  Time since last request: 0.000038 seconds.
  path: Assets/Models/Environment/Characters/astronaut/Astronaut_Backpack_Black.png
  artifactKey: Guid(1ee578e3d8816f4458eeed9d4a88345e) Importer(815301076,1909f56bfc062723c751e8b465ee728b)
Start importing Assets/Models/Environment/Characters/astronaut/Astronaut_Backpack_Black.png using Guid(1ee578e3d8816f4458eeed9d4a88345e) Importer(815301076,1909f56bfc062723c751e8b465ee728b)  -> (artifact id: '86e1241b3fe2b3946a3b40e85b343994') in 0.017781 seconds 
========================================================================
Received Import Request.
  Time since last request: 0.000033 seconds.
  path: Assets/Models/Environment/Characters/astronaut/Astronaut_Backpack_Green.png
  artifactKey: Guid(2ab660947bbddb34387d0f9e2b9b8dcf) Importer(815301076,1909f56bfc062723c751e8b465ee728b)
Start importing Assets/Models/Environment/Characters/astronaut/Astronaut_Backpack_Green.png using Guid(2ab660947bbddb34387d0f9e2b9b8dcf) Importer(815301076,1909f56bfc062723c751e8b465ee728b)  -> (artifact id: '6cf96f0faa518acb7474b6a2bf044f1b') in 0.020444 seconds 
========================================================================
Received Import Request.
  Time since last request: 0.000035 seconds.
  path: Assets/Models/Environment/Characters/astronaut/Astronaut_Backpack_Yellow.png
  artifactKey: Guid(00c1498fb1f377a468dff76a6571a3de) Importer(815301076,1909f56bfc062723c751e8b465ee728b)
Start importing Assets/Models/Environment/Characters/astronaut/Astronaut_Backpack_Yellow.png using Guid(00c1498fb1f377a468dff76a6571a3de) Importer(815301076,1909f56bfc062723c751e8b465ee728b)  -> (artifact id: 'b4eb966920ac1d84fa8b7b0585d6e9b2') in 0.020496 seconds 
========================================================================
Received Import Request.
  Time since last request: 0.000042 seconds.
  path: Assets/Models/Environment/Characters/astronaut/Astronaut_Cyan.png
  artifactKey: Guid(ab06207ed73bc244b933cb449da3c439) Importer(815301076,1909f56bfc062723c751e8b465ee728b)
Start importing Assets/Models/Environment/Characters/astronaut/Astronaut_Cyan.png using Guid(ab06207ed73bc244b933cb449da3c439) Importer(815301076,1909f56bfc062723c751e8b465ee728b)  -> (artifact id: '54536fda11920e608e8d940accd4dacf') in 0.015276 seconds 
========================================================================
Received Import Request.
  Time since last request: 0.000081 seconds.
  path: Assets/Models/Environment/Characters/astronaut/Astronaut_Black.png
  artifactKey: Guid(4482cb04cda25d944844a89e837ffb82) Importer(815301076,1909f56bfc062723c751e8b465ee728b)
Start importing Assets/Models/Environment/Characters/astronaut/Astronaut_Black.png using Guid(4482cb04cda25d944844a89e837ffb82) Importer(815301076,1909f56bfc062723c751e8b465ee728b)  -> (artifact id: 'e1275a19b149ca0ebdaf5c59a1b0256b') in 0.013306 seconds 
========================================================================
Received Import Request.
  Time since last request: 0.000051 seconds.
  path: Assets/Models/Environment/Characters/astronaut/Astronaut_Backpack_Brown.png
  artifactKey: Guid(fb5488a4fe8776840b8154c4ac8fe83a) Importer(815301076,1909f56bfc062723c751e8b465ee728b)
Start importing Assets/Models/Environment/Characters/astronaut/Astronaut_Backpack_Brown.png using Guid(fb5488a4fe8776840b8154c4ac8fe83a) Importer(815301076,1909f56bfc062723c751e8b465ee728b)  -> (artifact id: 'b7db472498de9375800c88faa432dc5b') in 0.015868 seconds 
========================================================================
Received Import Request.
  Time since last request: 0.000040 seconds.
  path: Assets/Models/Environment/Characters/astronaut/Astronaut_Brown.png
  artifactKey: Guid(0a403e8dba234d0439fcde529132c4d1) Importer(815301076,1909f56bfc062723c751e8b465ee728b)
Start importing Assets/Models/Environment/Characters/astronaut/Astronaut_Brown.png using Guid(0a403e8dba234d0439fcde529132c4d1) Importer(815301076,1909f56bfc062723c751e8b465ee728b)  -> (artifact id: 'c6f137a9f24d3942cfbfcf305da7bc48') in 0.021109 seconds 
========================================================================
Received Import Request.
  Time since last request: 0.000051 seconds.
  path: Assets/Models/Environment/Characters/astronaut/Astronaut_Backpack_Blue.png
  artifactKey: Guid(eea24ce85cd894449aa8a675a10b5600) Importer(815301076,1909f56bfc062723c751e8b465ee728b)
Start importing Assets/Models/Environment/Characters/astronaut/Astronaut_Backpack_Blue.png using Guid(eea24ce85cd894449aa8a675a10b5600) Importer(815301076,1909f56bfc062723c751e8b465ee728b)  -> (artifact id: 'd97b7ca45e628eca7d5ab8d6f1793e63') in 0.013445 seconds 
========================================================================
Received Import Request.
  Time since last request: 0.000060 seconds.
  path: Assets/Models/Environment/Characters/astronaut/Astronaut_Backpack_Lime.png
  artifactKey: Guid(c82ef6c988a49a64485d3d2f1cb58c5b) Importer(815301076,1909f56bfc062723c751e8b465ee728b)
Start importing Assets/Models/Environment/Characters/astronaut/Astronaut_Backpack_Lime.png using Guid(c82ef6c988a49a64485d3d2f1cb58c5b) Importer(815301076,1909f56bfc062723c751e8b465ee728b)  -> (artifact id: 'd586ab9ab105908830f96446c99d5123') in 0.013795 seconds 
========================================================================
Received Import Request.
  Time since last request: 0.000065 seconds.
  path: Assets/Models/Environment/Characters/astronaut/Astronaut_Backpack_Purple.png
  artifactKey: Guid(e918b4b9be2854b42b82a33addba979c) Importer(815301076,1909f56bfc062723c751e8b465ee728b)
Start importing Assets/Models/Environment/Characters/astronaut/Astronaut_Backpack_Purple.png using Guid(e918b4b9be2854b42b82a33addba979c) Importer(815301076,1909f56bfc062723c751e8b465ee728b)  -> (artifact id: '7cfb0aae08c05ad8b64f28cd106f13ab') in 0.013604 seconds 
========================================================================
Received Import Request.
  Time since last request: 0.000076 seconds.
  path: Assets/Models/Environment/Characters/astronaut/Astronaut_Blue.png
  artifactKey: Guid(c4ab4f8dc4bb1a94d9b0e6ef1b6e3b57) Importer(815301076,1909f56bfc062723c751e8b465ee728b)
Start importing Assets/Models/Environment/Characters/astronaut/Astronaut_Blue.png using Guid(c4ab4f8dc4bb1a94d9b0e6ef1b6e3b57) Importer(815301076,1909f56bfc062723c751e8b465ee728b)  -> (artifact id: '6ffc420ae9d2a6a29a7fdbd3856dce70') in 0.017404 seconds 
========================================================================
Received Import Request.
  Time since last request: 0.000082 seconds.
  path: Assets/Models/Environment/Characters/astronaut/Astronaut_Green.png
  artifactKey: Guid(9a1586a05a69b2e46ab68f72ee03587f) Importer(815301076,1909f56bfc062723c751e8b465ee728b)
Start importing Assets/Models/Environment/Characters/astronaut/Astronaut_Green.png using Guid(9a1586a05a69b2e46ab68f72ee03587f) Importer(815301076,1909f56bfc062723c751e8b465ee728b)  -> (artifact id: '5bbea1ddc8c6a032df22231f829ca0ed') in 0.014717 seconds 
========================================================================
Received Import Request.
  Time since last request: 0.000035 seconds.
  path: Assets/Models/Environment/Characters/astronaut/Astronaut_Backpack_Pink.png
  artifactKey: Guid(d5812a2c263070d47ab1031e441f6f79) Importer(815301076,1909f56bfc062723c751e8b465ee728b)
Start importing Assets/Models/Environment/Characters/astronaut/Astronaut_Backpack_Pink.png using Guid(d5812a2c263070d47ab1031e441f6f79) Importer(815301076,1909f56bfc062723c751e8b465ee728b)  -> (artifact id: '734d50da8efbcf35c1a0228b0f2298d2') in 0.013809 seconds 
========================================================================
Received Import Request.
  Time since last request: 0.000072 seconds.
  path: Assets/Models/Environment/Characters/astronaut/Astronaut_Lime.png
  artifactKey: Guid(c17900aed8e718d4ca859cb672955648) Importer(815301076,1909f56bfc062723c751e8b465ee728b)
Start importing Assets/Models/Environment/Characters/astronaut/Astronaut_Lime.png using Guid(c17900aed8e718d4ca859cb672955648) Importer(815301076,1909f56bfc062723c751e8b465ee728b)  -> (artifact id: '7eef417adaffd4f993bc9fb01137f535') in 0.017697 seconds 
Editor requested this worker to shutdown with reason: Scaling down because of idle timeout
AssetImportWorker is now disconnected from the server
Process exiting
Exiting without the bug reporter. Application will terminate with return code 0