Using pre-set license
Built from '2021.3/release' branch; Version is '2021.3.12f1 (8af3c3e441b1) revision 9106371'; Using compiler version '192829333'; Build Type 'Release'
OS: 'Windows 11  (10.0.22000) 64bit Core' Language: 'en' Physical Memory: 15776 MB
BatchMode: 1, IsHumanControllingUs: 0, StartBugReporterOnCrash: 0, Is64bit: 1, IsPro: 1

COMMAND LINE ARGUMENTS:
C:\Program Files\Unity\Hub\Editor\2021.3.12f1\Editor\Unity.exe
-adb2
-batchMode
-noUpm
-name
AssetImportWorker4
-projectPath
C:/Users/chess/Documents/TEC/Semestre5/Graficos/CarTrackSimulation/CarTrackSimulation
-logFile
Logs/AssetImportWorker4.log
-srvPort
61526
Successfully changed project path to: C:/Users/chess/Documents/TEC/Semestre5/Graficos/CarTrackSimulation/CarTrackSimulation
C:/Users/chess/Documents/TEC/Semestre5/Graficos/CarTrackSimulation/CarTrackSimulation
[UnityMemory] Configuration Parameters - Can be set up in boot.config
    "memorysetup-bucket-allocator-granularity=16"
    "memorysetup-bucket-allocator-bucket-count=8"
    "memorysetup-bucket-allocator-block-size=33554432"
    "memorysetup-bucket-allocator-block-count=8"
    "memorysetup-main-allocator-block-size=16777216"
    "memorysetup-thread-allocator-block-size=16777216"
    "memorysetup-gfx-main-allocator-block-size=16777216"
    "memorysetup-gfx-thread-allocator-block-size=16777216"
    "memorysetup-cache-allocator-block-size=4194304"
    "memorysetup-typetree-allocator-block-size=2097152"
    "memorysetup-profiler-bucket-allocator-granularity=16"
    "memorysetup-profiler-bucket-allocator-bucket-count=8"
    "memorysetup-profiler-bucket-allocator-block-size=33554432"
    "memorysetup-profiler-bucket-allocator-block-count=8"
    "memorysetup-profiler-allocator-block-size=16777216"
    "memorysetup-profiler-editor-allocator-block-size=1048576"
    "memorysetup-temp-allocator-size-main=16777216"
    "memorysetup-job-temp-allocator-block-size=2097152"
    "memorysetup-job-temp-allocator-block-size-background=1048576"
    "memorysetup-job-temp-allocator-reduction-small-platforms=262144"
    "memorysetup-temp-allocator-size-background-worker=32768"
    "memorysetup-temp-allocator-size-job-worker=262144"
    "memorysetup-temp-allocator-size-preload-manager=33554432"
    "memorysetup-temp-allocator-size-nav-mesh-worker=65536"
    "memorysetup-temp-allocator-size-audio-worker=65536"
    "memorysetup-temp-allocator-size-cloud-worker=32768"
    "memorysetup-temp-allocator-size-gi-baking-worker=262144"
    "memorysetup-temp-allocator-size-gfx=262144"
Refreshing native plugins compatible for Editor in 91.66 ms, found 3 plugins.
Preloading 0 native plugins for Editor in 0.00 ms.
Initialize engine version: 2021.3.12f1 (8af3c3e441b1)
[Subsystems] Discovering subsystems at path C:/Program Files/Unity/Hub/Editor/2021.3.12f1/Editor/Data/Resources/UnitySubsystems
[Subsystems] Discovering subsystems at path C:/Users/chess/Documents/TEC/Semestre5/Graficos/CarTrackSimulation/CarTrackSimulation/Assets
GfxDevice: creating device client; threaded=0; jobified=0
Direct3D:
    Version:  Direct3D 11.0 [level 11.1]
    Renderer: NVIDIA GeForce RTX 3070 Laptop GPU (ID=0x249d)
    Vendor:   NVIDIA
    VRAM:     8044 MB
    Driver:   31.0.15.2225
Initialize mono
Mono path[0] = 'C:/Program Files/Unity/Hub/Editor/2021.3.12f1/Editor/Data/Managed'
Mono path[1] = 'C:/Program Files/Unity/Hub/Editor/2021.3.12f1/Editor/Data/MonoBleedingEdge/lib/mono/unityjit-win32'
Mono config path = 'C:/Program Files/Unity/Hub/Editor/2021.3.12f1/Editor/Data/MonoBleedingEdge/etc'
Using monoOptions --debugger-agent=transport=dt_socket,embedding=1,server=y,suspend=n,address=127.0.0.1:56712
Begin MonoManager ReloadAssembly
Registering precompiled unity dll's ...
Register platform support module: C:/Program Files/Unity/Hub/Editor/2021.3.12f1/Editor/Data/PlaybackEngines/WebGLSupport/UnityEditor.WebGL.Extensions.dll
Register platform support module: C:/Program Files/Unity/Hub/Editor/2021.3.12f1/Editor/Data/PlaybackEngines/WindowsStandaloneSupport/UnityEditor.WindowsStandalone.Extensions.dll
Registered in 0.004074 seconds.
Native extension for WindowsStandalone target not found
Native extension for WebGL target not found
Refreshing native plugins compatible for Editor in 69.15 ms, found 3 plugins.
Preloading 0 native plugins for Editor in 0.00 ms.
Mono: successfully reloaded assembly
- Completed reload, in  0.600 seconds
Domain Reload Profiling:
	ReloadAssembly (600ms)
		BeginReloadAssembly (86ms)
			ExecutionOrderSort (0ms)
			DisableScriptedObjects (0ms)
			BackupInstance (0ms)
			ReleaseScriptingObjects (0ms)
			CreateAndSetChildDomain (1ms)
		EndReloadAssembly (410ms)
			LoadAssemblies (84ms)
			RebuildTransferFunctionScriptingTraits (0ms)
			SetupTypeCache (95ms)
			ReleaseScriptCaches (0ms)
			RebuildScriptCaches (26ms)
			SetupLoadedEditorAssemblies (244ms)
				LogAssemblyErrors (0ms)
				InitializePlatformSupportModulesInManaged (7ms)
				SetLoadedEditorAssemblies (0ms)
				RefreshPlugins (69ms)
				BeforeProcessingInitializeOnLoad (1ms)
				ProcessInitializeOnLoadAttributes (124ms)
				ProcessInitializeOnLoadMethodAttributes (41ms)
				AfterProcessingInitializeOnLoad (0ms)
				EditorAssembliesLoaded (0ms)
			ExecutionOrderSort2 (0ms)
			AwakeInstancesAfterBackupRestoration (0ms)
Platform modules already initialized, skipping
Registering precompiled user dll's ...
Registered in 0.004644 seconds.
Begin MonoManager ReloadAssembly
Symbol file LoadedFromMemory doesn't match image C:\Users\chess\Documents\TEC\Semestre5\Graficos\CarTrackSimulation\CarTrackSimulation\Library\PackageCache\com.unity.visualscripting@1.7.8\Editor\VisualScripting.Core\Dependencies\YamlDotNet\Unity.VisualScripting.YamlDotNet.dll
Symbol file LoadedFromMemory doesn't match image C:\Users\chess\Documents\TEC\Semestre5\Graficos\CarTrackSimulation\CarTrackSimulation\Library\PackageCache\com.unity.visualscripting@1.7.8\Editor\VisualScripting.Core\Dependencies\DotNetZip\Unity.VisualScripting.IonicZip.dll
Native extension for WindowsStandalone target not found
Native extension for WebGL target not found
Refreshing native plugins compatible for Editor in 0.73 ms, found 3 plugins.
Preloading 0 native plugins for Editor in 0.00 ms.
Mono: successfully reloaded assembly
- Completed reload, in  0.906 seconds
Domain Reload Profiling:
	ReloadAssembly (907ms)
		BeginReloadAssembly (101ms)
			ExecutionOrderSort (0ms)
			DisableScriptedObjects (5ms)
			BackupInstance (0ms)
			ReleaseScriptingObjects (0ms)
			CreateAndSetChildDomain (23ms)
		EndReloadAssembly (712ms)
			LoadAssemblies (73ms)
			RebuildTransferFunctionScriptingTraits (0ms)
			SetupTypeCache (220ms)
			ReleaseScriptCaches (1ms)
			RebuildScriptCaches (46ms)
			SetupLoadedEditorAssemblies (334ms)
				LogAssemblyErrors (0ms)
				InitializePlatformSupportModulesInManaged (5ms)
				SetLoadedEditorAssemblies (0ms)
				RefreshPlugins (1ms)
				BeforeProcessingInitializeOnLoad (81ms)
				ProcessInitializeOnLoadAttributes (213ms)
				ProcessInitializeOnLoadMethodAttributes (29ms)
				AfterProcessingInitializeOnLoad (5ms)
				EditorAssembliesLoaded (0ms)
			ExecutionOrderSort2 (0ms)
			AwakeInstancesAfterBackupRestoration (6ms)
Platform modules already initialized, skipping
========================================================================
Worker process is ready to serve import requests
Launched and connected shader compiler UnityShaderCompiler.exe after 0.04 seconds
Refreshing native plugins compatible for Editor in 0.76 ms, found 3 plugins.
Preloading 0 native plugins for Editor in 0.00 ms.
Unloading 3386 Unused Serialized files (Serialized files now loaded: 0)
Unloading 27 unused Assets / (113.3 KB). Loaded Objects now: 3843.
Memory consumption went from 117.5 MB to 117.3 MB.
Total: 4.396500 ms (FindLiveObjects: 0.326900 ms CreateObjectMapping: 0.106800 ms MarkObjects: 3.737400 ms  DeleteObjects: 0.223200 ms)

AssetImportParameters requested are different than current active one (requested -> active):
  custom:video-decoder-ogg-theora: a1e56fd34408186e4bbccfd4996cb3dc -> 
  custom:container-muxer-webm: aa71ff27fc2769a1b78a27578f13a17b -> 
  custom:container-demuxer-webm: 4f35f7cbe854078d1ac9338744f61a02 -> 
  custom:video-encoder-webm-vp8: eb34c28f22e8b96e1ab97ce403110664 -> 
  custom:video-codec-MediaFoundation-h265: 746d11721c4dcdbdad8f713fa42b33f4 -> 
  custom:audio-encoder-webm-vorbis: bf7c407c2cedff20999df2af8eb42d56 -> 
  custom:framework-win-MediaFoundation: 216162199b28c13a410421893ffa2e32 -> 
  custom:container-demuxer-ogg: 62fdf1f143b41e24485cea50d1cbac27 -> 
  custom:video-decoder-webm-vp8: 9c59270c3fd7afecdb556c50c9e8de78 -> 
  custom:audio-decoder-ogg-vorbis: bf7c407c2cedff20999df2af8eb42d56 -> 
========================================================================
Received Import Request.
  Time since last request: 40595.818209 seconds.
  path: Assets/Models/Environment/Buildings/low_buildingN.fbx
  artifactKey: Guid(e6d85cdddc6d85e4aa5c180055b9d748) Importer(815301076,1909f56bfc062723c751e8b465ee728b)
Start importing Assets/Models/Environment/Buildings/low_buildingN.fbx using Guid(e6d85cdddc6d85e4aa5c180055b9d748) Importer(815301076,1909f56bfc062723c751e8b465ee728b)  -> (artifact id: '43e56a31d37b06d9fe1e915186da63a9') in 0.200756 seconds 
========================================================================
Received Import Request.
  Time since last request: 0.000035 seconds.
  path: Assets/Models/Environment/Buildings/sign_hospital.fbx
  artifactKey: Guid(0354f0178356fe94ca97061d3e905e3b) Importer(815301076,1909f56bfc062723c751e8b465ee728b)
Start importing Assets/Models/Environment/Buildings/sign_hospital.fbx using Guid(0354f0178356fe94ca97061d3e905e3b) Importer(815301076,1909f56bfc062723c751e8b465ee728b)  -> (artifact id: '4c3688dade4706e46d82ec74ca111b08') in 0.035456 seconds 
========================================================================
Received Import Request.
  Time since last request: 0.000092 seconds.
  path: Assets/Models/Environment/Buildings/roof_side.fbx
  artifactKey: Guid(a5801f5f401addd42b9a9c9b272fd83f) Importer(815301076,1909f56bfc062723c751e8b465ee728b)
Start importing Assets/Models/Environment/Buildings/roof_side.fbx using Guid(a5801f5f401addd42b9a9c9b272fd83f) Importer(815301076,1909f56bfc062723c751e8b465ee728b)  -> (artifact id: '4a0809af37cda99c235c0c1bf1bcc42c') in 0.026753 seconds 
========================================================================
Received Import Request.
  Time since last request: 0.380858 seconds.
  path: Assets/Models/Environment/Buildings/small_buildingA.fbx
  artifactKey: Guid(a623ff2eb60fd404696b6e17f991f539) Importer(815301076,1909f56bfc062723c751e8b465ee728b)
Start importing Assets/Models/Environment/Buildings/small_buildingA.fbx using Guid(a623ff2eb60fd404696b6e17f991f539) Importer(815301076,1909f56bfc062723c751e8b465ee728b)  -> (artifact id: '409e69e62d6c70992b35283a17b65395') in 0.038022 seconds 
========================================================================
Received Import Request.
  Time since last request: 0.000021 seconds.
  path: Assets/Models/Environment/Buildings/small_buildingE.fbx
  artifactKey: Guid(983b6aff3af29974b832be29e1037c6c) Importer(815301076,1909f56bfc062723c751e8b465ee728b)
Start importing Assets/Models/Environment/Buildings/small_buildingE.fbx using Guid(983b6aff3af29974b832be29e1037c6c) Importer(815301076,1909f56bfc062723c751e8b465ee728b)  -> (artifact id: 'e2c01c04745c43f80e287c8071e7a60b') in 0.040921 seconds 
========================================================================
Received Import Request.
  Time since last request: 0.000026 seconds.
  path: Assets/Models/Environment/Buildings/wall_doorB.fbx
  artifactKey: Guid(35bcf7752f8c5e04892bfd49e3514343) Importer(815301076,1909f56bfc062723c751e8b465ee728b)
Start importing Assets/Models/Environment/Buildings/wall_doorB.fbx using Guid(35bcf7752f8c5e04892bfd49e3514343) Importer(815301076,1909f56bfc062723c751e8b465ee728b)  -> (artifact id: '8f8b933026c0e90880f9add75b02e6d4') in 0.040471 seconds 
========================================================================
Received Import Request.
  Time since last request: 0.000034 seconds.
  path: Assets/Models/Environment/Buildings/wall_windowD.fbx
  artifactKey: Guid(e9fa0cb5397746740aa356784c7a449f) Importer(815301076,1909f56bfc062723c751e8b465ee728b)
Start importing Assets/Models/Environment/Buildings/wall_windowD.fbx using Guid(e9fa0cb5397746740aa356784c7a449f) Importer(815301076,1909f56bfc062723c751e8b465ee728b)  -> (artifact id: 'c6bb3ce38bef847ff74efabafe7a312d') in 0.033770 seconds 
========================================================================
Received Import Request.
  Time since last request: 0.000036 seconds.
  path: Assets/Models/Environment/Buildings/wall_windowC.fbx
  artifactKey: Guid(b45d52170db5dbd45bb3e5269e4d0b8d) Importer(815301076,1909f56bfc062723c751e8b465ee728b)
Start importing Assets/Models/Environment/Buildings/wall_windowC.fbx using Guid(b45d52170db5dbd45bb3e5269e4d0b8d) Importer(815301076,1909f56bfc062723c751e8b465ee728b)  -> (artifact id: '30cb57064b3a0a17b8f52d30ddf39cff') in 0.034401 seconds 
========================================================================
Received Import Request.
  Time since last request: 158.619815 seconds.
  path: Assets/Materials
  artifactKey: Guid(fa32da3d6977fdd4aa7fbf01b841889c) Importer(815301076,1909f56bfc062723c751e8b465ee728b)
Start importing Assets/Materials using Guid(fa32da3d6977fdd4aa7fbf01b841889c) Importer(815301076,1909f56bfc062723c751e8b465ee728b)  -> (artifact id: 'b64aada93ce5c2149f24351add3e41dd') in 0.006278 seconds 
========================================================================
Received Import Request.
  Time since last request: 7.739274 seconds.
  path: Assets/Materials/New Material.mat
  artifactKey: Guid(ec3e1d68baf25094ca520589043b19ee) Importer(815301076,1909f56bfc062723c751e8b465ee728b)
Start importing Assets/Materials/New Material.mat using Guid(ec3e1d68baf25094ca520589043b19ee) Importer(815301076,1909f56bfc062723c751e8b465ee728b)  -> (artifact id: 'f3b02ed314d6fd5203243b99efdfc01c') in 0.025021 seconds 
========================================================================
Received Import Request.
  Time since last request: 42.352205 seconds.
  path: Assets/Materials/New Material.mat
  artifactKey: Guid(ec3e1d68baf25094ca520589043b19ee) Importer(815301076,1909f56bfc062723c751e8b465ee728b)
Start importing Assets/Materials/New Material.mat using Guid(ec3e1d68baf25094ca520589043b19ee) Importer(815301076,1909f56bfc062723c751e8b465ee728b)  -> (artifact id: '3b688a663506b5d4a7749c58f424b939') in 0.013650 seconds 
========================================================================
Received Import Request.
  Time since last request: 9.256407 seconds.
  path: Assets/Materials/New Material.mat
  artifactKey: Guid(ec3e1d68baf25094ca520589043b19ee) Importer(815301076,1909f56bfc062723c751e8b465ee728b)
Start importing Assets/Materials/New Material.mat using Guid(ec3e1d68baf25094ca520589043b19ee) Importer(815301076,1909f56bfc062723c751e8b465ee728b)  -> (artifact id: '622ef7e5c6c694c84399ac548c04937f') in 0.013744 seconds 
========================================================================
Received Import Request.
  Time since last request: 77.519091 seconds.
  path: Assets/Prefabs
  artifactKey: Guid(a2e4dd26ef58a174fb08399b787d859a) Importer(815301076,1909f56bfc062723c751e8b465ee728b)
Start importing Assets/Prefabs using Guid(a2e4dd26ef58a174fb08399b787d859a) Importer(815301076,1909f56bfc062723c751e8b465ee728b)  -> (artifact id: '311c22bf9b838d3ef4120eaa987e1fac') in 0.007132 seconds 
========================================================================
Received Import Request.
  Time since last request: 14.755323 seconds.
  path: Assets/Models/Environment/Nature
  artifactKey: Guid(d6ff1e4469744e54498d4faa663f8162) Importer(815301076,1909f56bfc062723c751e8b465ee728b)
Start importing Assets/Models/Environment/Nature using Guid(d6ff1e4469744e54498d4faa663f8162) Importer(815301076,1909f56bfc062723c751e8b465ee728b)  -> (artifact id: '07512d23e972b47a3a675f2ba47fd04d') in 0.007967 seconds 
========================================================================
Received Import Request.
  Time since last request: 21.757831 seconds.
  path: Assets/Models/Environment/Nature/bed.fbx
  artifactKey: Guid(54a5d7c34213e134eaeea158b6ba5b60) Importer(815301076,1909f56bfc062723c751e8b465ee728b)
Start importing Assets/Models/Environment/Nature/bed.fbx using Guid(54a5d7c34213e134eaeea158b6ba5b60) Importer(815301076,1909f56bfc062723c751e8b465ee728b)  -> (artifact id: 'bc8e2a0466c69ed3a6328f6f4a2b5449') in 0.044004 seconds 
========================================================================
Received Import Request.
  Time since last request: 0.000028 seconds.
  path: Assets/Models/Environment/Nature/canoe.fbx
  artifactKey: Guid(e9bffca2c6cbd6f409c81d8c8e269209) Importer(815301076,1909f56bfc062723c751e8b465ee728b)
Start importing Assets/Models/Environment/Nature/canoe.fbx using Guid(e9bffca2c6cbd6f409c81d8c8e269209) Importer(815301076,1909f56bfc062723c751e8b465ee728b)  -> (artifact id: '72dc706be1fc2cb339892b1aa11bb1c0') in 0.041835 seconds 
========================================================================
Received Import Request.
  Time since last request: 0.000027 seconds.
  path: Assets/Models/Environment/Nature/bridge_center_stoneRound.fbx
  artifactKey: Guid(9d081724560376a4889b16a32a4e44ff) Importer(815301076,1909f56bfc062723c751e8b465ee728b)
Start importing Assets/Models/Environment/Nature/bridge_center_stoneRound.fbx using Guid(9d081724560376a4889b16a32a4e44ff) Importer(815301076,1909f56bfc062723c751e8b465ee728b)  -> (artifact id: '5ef4842db08495b71099eb49655de38a') in 0.032848 seconds 
========================================================================
Received Import Request.
  Time since last request: 0.000091 seconds.
  path: Assets/Models/Environment/Nature/cactus_tall.fbx
  artifactKey: Guid(49516a4b1c87d2348984f35a1f3eba0c) Importer(815301076,1909f56bfc062723c751e8b465ee728b)
Start importing Assets/Models/Environment/Nature/cactus_tall.fbx using Guid(49516a4b1c87d2348984f35a1f3eba0c) Importer(815301076,1909f56bfc062723c751e8b465ee728b)  -> (artifact id: 'bdd64dbaf2aa06475d97aa082bfb9e7d') in 0.038625 seconds 
========================================================================
Received Import Request.
  Time since last request: 0.000043 seconds.
  path: Assets/Models/Environment/Nature/bridge_stoneRound.fbx
  artifactKey: Guid(eb9c8b6a9fef860439554037f0fc16b7) Importer(815301076,1909f56bfc062723c751e8b465ee728b)
Start importing Assets/Models/Environment/Nature/bridge_stoneRound.fbx using Guid(eb9c8b6a9fef860439554037f0fc16b7) Importer(815301076,1909f56bfc062723c751e8b465ee728b)  -> (artifact id: '0ef70737da40c19adf427f97f6b90f98') in 0.036901 seconds 
========================================================================
Received Import Request.
  Time since last request: 0.000040 seconds.
  path: Assets/Models/Environment/Nature/bridge_stoneNarrow.fbx
  artifactKey: Guid(b24c0a6247c3e81418e20fadace71383) Importer(815301076,1909f56bfc062723c751e8b465ee728b)
Start importing Assets/Models/Environment/Nature/bridge_stoneNarrow.fbx using Guid(b24c0a6247c3e81418e20fadace71383) Importer(815301076,1909f56bfc062723c751e8b465ee728b)  -> (artifact id: '95fa31dcfe46aebf7e50119fc437fd22') in 0.041822 seconds 
========================================================================
Received Import Request.
  Time since last request: 0.000030 seconds.
  path: Assets/Models/Environment/Nature/bridge_center_stone.fbx
  artifactKey: Guid(5b87737341085714e8c026f8c08cc89a) Importer(815301076,1909f56bfc062723c751e8b465ee728b)
Start importing Assets/Models/Environment/Nature/bridge_center_stone.fbx using Guid(5b87737341085714e8c026f8c08cc89a) Importer(815301076,1909f56bfc062723c751e8b465ee728b)  -> (artifact id: 'b1fcafdb06793f7499359d81cd949022') in 0.033805 seconds 
========================================================================
Received Import Request.
  Time since last request: 0.000030 seconds.
  path: Assets/Models/Environment/Nature/campfire_planks.fbx
  artifactKey: Guid(de5390253dba8534f857fabb1a12f15c) Importer(815301076,1909f56bfc062723c751e8b465ee728b)
Start importing Assets/Models/Environment/Nature/campfire_planks.fbx using Guid(de5390253dba8534f857fabb1a12f15c) Importer(815301076,1909f56bfc062723c751e8b465ee728b)  -> (artifact id: 'f1294555240b6d1fa59df303a5c7a47f') in 0.033374 seconds 
========================================================================
Received Import Request.
  Time since last request: 0.000033 seconds.
  path: Assets/Models/Environment/Nature/bridge_woodNarrow.fbx
  artifactKey: Guid(d257b96cd9ce0cd4d98fb037d06455b3) Importer(815301076,1909f56bfc062723c751e8b465ee728b)
Start importing Assets/Models/Environment/Nature/bridge_woodNarrow.fbx using Guid(d257b96cd9ce0cd4d98fb037d06455b3) Importer(815301076,1909f56bfc062723c751e8b465ee728b)  -> (artifact id: '64e36f5144b04083c1a44b620834d883') in 0.037120 seconds 
========================================================================
Received Import Request.
  Time since last request: 0.000037 seconds.
  path: Assets/Models/Environment/Nature/bridge_stone.fbx
  artifactKey: Guid(64c55984496021e47ba135b50c359a27) Importer(815301076,1909f56bfc062723c751e8b465ee728b)
Start importing Assets/Models/Environment/Nature/bridge_stone.fbx using Guid(64c55984496021e47ba135b50c359a27) Importer(815301076,1909f56bfc062723c751e8b465ee728b)  -> (artifact id: 'c6c1b570c7eb46686e4dc8fdc346eb02') in 0.041208 seconds 
========================================================================
Received Import Request.
  Time since last request: 0.000041 seconds.
  path: Assets/Models/Environment/Nature/canoe_paddle.fbx
  artifactKey: Guid(85086a199a7ea71458c659b67f5c6b3d) Importer(815301076,1909f56bfc062723c751e8b465ee728b)
Start importing Assets/Models/Environment/Nature/canoe_paddle.fbx using Guid(85086a199a7ea71458c659b67f5c6b3d) Importer(815301076,1909f56bfc062723c751e8b465ee728b)  -> (artifact id: 'caed6d5ca1b4092a3fc704aef1f4c3fd') in 0.028380 seconds 
========================================================================
Received Import Request.
  Time since last request: 0.000083 seconds.
  path: Assets/Models/Environment/Nature/bridge_center_woodRound.fbx
  artifactKey: Guid(9918d458ff17f2c4bac924df5ddf0929) Importer(815301076,1909f56bfc062723c751e8b465ee728b)
Start importing Assets/Models/Environment/Nature/bridge_center_woodRound.fbx using Guid(9918d458ff17f2c4bac924df5ddf0929) Importer(815301076,1909f56bfc062723c751e8b465ee728b)  -> (artifact id: '43973b175fd493a69ef27db4dfd1583f') in 0.050353 seconds 
========================================================================
Received Import Request.
  Time since last request: 0.000038 seconds.
  path: Assets/Models/Environment/Nature/campfire_stones.fbx
  artifactKey: Guid(7b64fe89dfaf94944aa25cd10bfbb07a) Importer(815301076,1909f56bfc062723c751e8b465ee728b)
Start importing Assets/Models/Environment/Nature/campfire_stones.fbx using Guid(7b64fe89dfaf94944aa25cd10bfbb07a) Importer(815301076,1909f56bfc062723c751e8b465ee728b)  -> (artifact id: '1fb65393c033d32423d7b185b8fe1ce2') in 0.024640 seconds 
========================================================================
Received Import Request.
  Time since last request: 0.000061 seconds.
  path: Assets/Models/Environment/Nature/bridge_stoneRoundNarrow.fbx
  artifactKey: Guid(ddb0e2b7acd76de47acf278fc9a2ee66) Importer(815301076,1909f56bfc062723c751e8b465ee728b)
Start importing Assets/Models/Environment/Nature/bridge_stoneRoundNarrow.fbx using Guid(ddb0e2b7acd76de47acf278fc9a2ee66) Importer(815301076,1909f56bfc062723c751e8b465ee728b)  -> (artifact id: '1c73024fc311cb6add80d82d850c47dd') in 0.037491 seconds 
========================================================================
Received Import Request.
  Time since last request: 0.502663 seconds.
  path: Assets/Models/Environment/Nature/cliff_block_rock.fbx
  artifactKey: Guid(947b25cee36cdd547bfea0251e895759) Importer(815301076,1909f56bfc062723c751e8b465ee728b)
Start importing Assets/Models/Environment/Nature/cliff_block_rock.fbx using Guid(947b25cee36cdd547bfea0251e895759) Importer(815301076,1909f56bfc062723c751e8b465ee728b)  -> (artifact id: '2170b8637852fd1e31848274765d936d') in 0.024578 seconds 
========================================================================
Received Import Request.
  Time since last request: 0.000057 seconds.
  path: Assets/Models/Environment/Nature/cliff_blockDiagonal_rock.fbx
  artifactKey: Guid(a46b3983bf8fd58459bde0e1c19022c7) Importer(815301076,1909f56bfc062723c751e8b465ee728b)
Start importing Assets/Models/Environment/Nature/cliff_blockDiagonal_rock.fbx using Guid(a46b3983bf8fd58459bde0e1c19022c7) Importer(815301076,1909f56bfc062723c751e8b465ee728b)  -> (artifact id: '1245f2c0e9db74a57a6fbf84c5463bda') in 0.027002 seconds 
========================================================================
Received Import Request.
  Time since last request: 0.000076 seconds.
  path: Assets/Models/Environment/Nature/cliff_blockCave_stone.fbx
  artifactKey: Guid(c50b311a4550aa84d9b48783d0721006) Importer(815301076,1909f56bfc062723c751e8b465ee728b)
Start importing Assets/Models/Environment/Nature/cliff_blockCave_stone.fbx using Guid(c50b311a4550aa84d9b48783d0721006) Importer(815301076,1909f56bfc062723c751e8b465ee728b)  -> (artifact id: '04198a6f419a4893d4e5dbad5ea804b0') in 0.030792 seconds 
========================================================================
Received Import Request.
  Time since last request: 0.394603 seconds.
  path: Assets/Models/Environment/Nature/cliff_blockDiagonal_stone.fbx
  artifactKey: Guid(3f8ca274873d01b4fad74bbe89990d28) Importer(815301076,1909f56bfc062723c751e8b465ee728b)
Start importing Assets/Models/Environment/Nature/cliff_blockDiagonal_stone.fbx using Guid(3f8ca274873d01b4fad74bbe89990d28) Importer(815301076,1909f56bfc062723c751e8b465ee728b)  -> (artifact id: '03a2fdff180b95ca69555276321a8a6f') in 0.029056 seconds 
========================================================================
Received Import Request.
  Time since last request: 0.000030 seconds.
  path: Assets/Models/Environment/Nature/cliff_blockSlopeHalfWalls_stone.fbx
  artifactKey: Guid(fc660641edd0b0a4e9735913821932d4) Importer(815301076,1909f56bfc062723c751e8b465ee728b)
Start importing Assets/Models/Environment/Nature/cliff_blockSlopeHalfWalls_stone.fbx using Guid(fc660641edd0b0a4e9735913821932d4) Importer(815301076,1909f56bfc062723c751e8b465ee728b)  -> (artifact id: 'd9f3f2420decda62f668ea06a6556208') in 0.034636 seconds 
========================================================================
Received Import Request.
  Time since last request: 0.000086 seconds.
  path: Assets/Models/Environment/Nature/cliff_blockQuarter_rock.fbx
  artifactKey: Guid(6f363154c289fd8479eda7ff59994ca6) Importer(815301076,1909f56bfc062723c751e8b465ee728b)
Start importing Assets/Models/Environment/Nature/cliff_blockQuarter_rock.fbx using Guid(6f363154c289fd8479eda7ff59994ca6) Importer(815301076,1909f56bfc062723c751e8b465ee728b)  -> (artifact id: 'b96b39567301cd1abe048ea9dcd4d6a9') in 0.029584 seconds 
========================================================================
Received Import Request.
  Time since last request: 0.000066 seconds.
  path: Assets/Models/Environment/Nature/cliff_blockSlopeHalfWalls_rock.fbx
  artifactKey: Guid(954f4c821dcfd784f9118f5d13276b19) Importer(815301076,1909f56bfc062723c751e8b465ee728b)
Start importing Assets/Models/Environment/Nature/cliff_blockSlopeHalfWalls_rock.fbx using Guid(954f4c821dcfd784f9118f5d13276b19) Importer(815301076,1909f56bfc062723c751e8b465ee728b)  -> (artifact id: 'bb79d55f5084905b6798d5e0d65f680e') in 0.040025 seconds 
========================================================================
Received Import Request.
  Time since last request: 0.000056 seconds.
  path: Assets/Models/Environment/Nature/cliff_blockQuarter_stone.fbx
  artifactKey: Guid(1253e078f7c456045b4c7372782c4f46) Importer(815301076,1909f56bfc062723c751e8b465ee728b)
Start importing Assets/Models/Environment/Nature/cliff_blockQuarter_stone.fbx using Guid(1253e078f7c456045b4c7372782c4f46) Importer(815301076,1909f56bfc062723c751e8b465ee728b)  -> (artifact id: 'f1d79f5f5b3e9e7011fa25168d6b1cfa') in 0.030364 seconds 
========================================================================
Received Import Request.
  Time since last request: 1.981496 seconds.
  path: Assets/Models/Environment/Nature/cliff_blockSlopeWalls_stone.fbx
  artifactKey: Guid(63522a5007e3f894680bcf9fa7894286) Importer(815301076,1909f56bfc062723c751e8b465ee728b)
Start importing Assets/Models/Environment/Nature/cliff_blockSlopeWalls_stone.fbx using Guid(63522a5007e3f894680bcf9fa7894286) Importer(815301076,1909f56bfc062723c751e8b465ee728b)  -> (artifact id: '8189afa1dd59ff4d453b5afe02a6292c') in 0.032138 seconds 
========================================================================
Received Import Request.
  Time since last request: 0.000071 seconds.
  path: Assets/Models/Environment/Nature/cliff_cornerInner_rock.fbx
  artifactKey: Guid(ed52aae43819e814eaeded2f8269ac43) Importer(815301076,1909f56bfc062723c751e8b465ee728b)
Start importing Assets/Models/Environment/Nature/cliff_cornerInner_rock.fbx using Guid(ed52aae43819e814eaeded2f8269ac43) Importer(815301076,1909f56bfc062723c751e8b465ee728b)  -> (artifact id: '667eb638c86b158d485d6c82e7f3a055') in 0.023183 seconds 
========================================================================
Received Import Request.
  Time since last request: 0.000046 seconds.
  path: Assets/Models/Environment/Nature/cliff_cornerInnerTop_rock.fbx
  artifactKey: Guid(51a7a36a08196964cb87b66c57b0f65c) Importer(815301076,1909f56bfc062723c751e8b465ee728b)
Start importing Assets/Models/Environment/Nature/cliff_cornerInnerTop_rock.fbx using Guid(51a7a36a08196964cb87b66c57b0f65c) Importer(815301076,1909f56bfc062723c751e8b465ee728b)  -> (artifact id: 'bd1f3b4d5438f4ebb1d13751b91588b5') in 0.039618 seconds 
========================================================================
Received Import Request.
  Time since last request: 0.000033 seconds.
  path: Assets/Models/Environment/Nature/cliff_cornerInnerLarge_stone.fbx
  artifactKey: Guid(53399f5ce5e83eb4ebfe469c4af0c495) Importer(815301076,1909f56bfc062723c751e8b465ee728b)
Start importing Assets/Models/Environment/Nature/cliff_cornerInnerLarge_stone.fbx using Guid(53399f5ce5e83eb4ebfe469c4af0c495) Importer(815301076,1909f56bfc062723c751e8b465ee728b)  -> (artifact id: 'afc0b1b6a067eb2e71bf297ccc8e89ba') in 0.028591 seconds 
========================================================================
Received Import Request.
  Time since last request: 0.605787 seconds.
  path: Assets/Models/Environment/Nature/cliff_cornerInnerTop_stone.fbx
  artifactKey: Guid(639b478edb0014a40a86470a8381b215) Importer(815301076,1909f56bfc062723c751e8b465ee728b)
Start importing Assets/Models/Environment/Nature/cliff_cornerInnerTop_stone.fbx using Guid(639b478edb0014a40a86470a8381b215) Importer(815301076,1909f56bfc062723c751e8b465ee728b)  -> (artifact id: '732b064c8c8e9bee3f0e4f0a516a42ac') in 0.027494 seconds 
========================================================================
Received Import Request.
  Time since last request: 0.043453 seconds.
  path: Assets/Models/Environment/Nature/cliff_diagonal_rock.fbx
  artifactKey: Guid(96fa4c539b13b814396420a3d39c29f4) Importer(815301076,1909f56bfc062723c751e8b465ee728b)
Start importing Assets/Models/Environment/Nature/cliff_diagonal_rock.fbx using Guid(96fa4c539b13b814396420a3d39c29f4) Importer(815301076,1909f56bfc062723c751e8b465ee728b)  -> (artifact id: '5d0c1d5b79043fa6d1c85bbad205e202') in 0.022917 seconds 
========================================================================
Received Import Request.
  Time since last request: 0.000038 seconds.
  path: Assets/Models/Environment/Nature/cliff_large_rock.fbx
  artifactKey: Guid(f63de3b79ba07e24f94c8c6f786162e4) Importer(815301076,1909f56bfc062723c751e8b465ee728b)
Start importing Assets/Models/Environment/Nature/cliff_large_rock.fbx using Guid(f63de3b79ba07e24f94c8c6f786162e4) Importer(815301076,1909f56bfc062723c751e8b465ee728b)  -> (artifact id: 'd5da24e6f65a3b0bae60b3ecaebbb666') in 0.039330 seconds 
========================================================================
Received Import Request.
  Time since last request: 0.000067 seconds.
  path: Assets/Models/Environment/Nature/cliff_stepsCorner_rock.fbx
  artifactKey: Guid(0b65b66f31d6ee14e9cf09fc8fc5f31c) Importer(815301076,1909f56bfc062723c751e8b465ee728b)
Start importing Assets/Models/Environment/Nature/cliff_stepsCorner_rock.fbx using Guid(0b65b66f31d6ee14e9cf09fc8fc5f31c) Importer(815301076,1909f56bfc062723c751e8b465ee728b)  -> (artifact id: 'bc5a9ea464b588fc7311ed60fa3c2bfb') in 0.037378 seconds 
========================================================================
Received Import Request.
  Time since last request: 0.000090 seconds.
  path: Assets/Models/Environment/Nature/cliff_halfCorner_stone.fbx
  artifactKey: Guid(3d044d5e1b4744b45b0ecff7bccf16b2) Importer(815301076,1909f56bfc062723c751e8b465ee728b)
Start importing Assets/Models/Environment/Nature/cliff_halfCorner_stone.fbx using Guid(3d044d5e1b4744b45b0ecff7bccf16b2) Importer(815301076,1909f56bfc062723c751e8b465ee728b)  -> (artifact id: 'f90a73810f67f28e26008cdb18263343') in 0.030250 seconds 
========================================================================
Received Import Request.
  Time since last request: 0.000037 seconds.
  path: Assets/Models/Environment/Nature/cliff_stepsCorner_stone.fbx
  artifactKey: Guid(47c3352350089844caacd43f39fe367f) Importer(815301076,1909f56bfc062723c751e8b465ee728b)
Start importing Assets/Models/Environment/Nature/cliff_stepsCorner_stone.fbx using Guid(47c3352350089844caacd43f39fe367f) Importer(815301076,1909f56bfc062723c751e8b465ee728b)  -> (artifact id: '01497cff76af79f4ad42c7b3a6aaf454') in 0.033674 seconds 
========================================================================
Received Import Request.
  Time since last request: 0.639664 seconds.
  path: Assets/Models/Environment/Nature/cliff_stepsCornerInner_rock.fbx
  artifactKey: Guid(13a36554e43d6a046a5be4e46b7cd1de) Importer(815301076,1909f56bfc062723c751e8b465ee728b)
Start importing Assets/Models/Environment/Nature/cliff_stepsCornerInner_rock.fbx using Guid(13a36554e43d6a046a5be4e46b7cd1de) Importer(815301076,1909f56bfc062723c751e8b465ee728b)  -> (artifact id: 'ea4ad676599781769961e0a1844773c4') in 0.032926 seconds 
========================================================================
Received Import Request.
  Time since last request: 0.524158 seconds.
  path: Assets/Models/Environment/Nature/cliff_topDiagonal_rock.fbx
  artifactKey: Guid(2c669ef488293e1468f129815f1f7d21) Importer(815301076,1909f56bfc062723c751e8b465ee728b)
Start importing Assets/Models/Environment/Nature/cliff_topDiagonal_rock.fbx using Guid(2c669ef488293e1468f129815f1f7d21) Importer(815301076,1909f56bfc062723c751e8b465ee728b)  -> (artifact id: 'd7863e43dd3f1e34e2cfe3371f6c5d11') in 0.035381 seconds 
========================================================================
Received Import Request.
  Time since last request: 0.000060 seconds.
  path: Assets/Models/Environment/Nature/cliff_waterfallTop_rock.fbx
  artifactKey: Guid(71a75c12992944d468a41a78292f1c11) Importer(815301076,1909f56bfc062723c751e8b465ee728b)
Start importing Assets/Models/Environment/Nature/cliff_waterfallTop_rock.fbx using Guid(71a75c12992944d468a41a78292f1c11) Importer(815301076,1909f56bfc062723c751e8b465ee728b)  -> (artifact id: '03622e1604f0c727c5ec0a4a4ac50390') in 0.056016 seconds 
========================================================================
Received Import Request.
  Time since last request: 0.597007 seconds.
  path: Assets/Models/Environment/Nature/cliff_waterfallTop_stone.fbx
  artifactKey: Guid(bd717e51fb53fad4caf03df53e022d2b) Importer(815301076,1909f56bfc062723c751e8b465ee728b)
Start importing Assets/Models/Environment/Nature/cliff_waterfallTop_stone.fbx using Guid(bd717e51fb53fad4caf03df53e022d2b) Importer(815301076,1909f56bfc062723c751e8b465ee728b)  -> (artifact id: 'f046505cf5b735b3efe3ef4f53db168b') in 0.062025 seconds 
========================================================================
Received Import Request.
  Time since last request: 0.321674 seconds.
  path: Assets/Models/Environment/Nature/crops_bambooStageA.fbx
  artifactKey: Guid(bb2f2519dd6dcd54d91c6effab13207e) Importer(815301076,1909f56bfc062723c751e8b465ee728b)
Start importing Assets/Models/Environment/Nature/crops_bambooStageA.fbx using Guid(bb2f2519dd6dcd54d91c6effab13207e) Importer(815301076,1909f56bfc062723c751e8b465ee728b)  -> (artifact id: 'fcdd109e578294c9c7f874ef7fc9a2c3') in 0.021043 seconds 
========================================================================
Received Import Request.
  Time since last request: 0.000135 seconds.
  path: Assets/Models/Environment/Nature/crops_cornStageC.fbx
  artifactKey: Guid(8cd0b9efe3d1ece47bbe1f62166dcec9) Importer(815301076,1909f56bfc062723c751e8b465ee728b)
Start importing Assets/Models/Environment/Nature/crops_cornStageC.fbx using Guid(8cd0b9efe3d1ece47bbe1f62166dcec9) Importer(815301076,1909f56bfc062723c751e8b465ee728b)  -> (artifact id: 'a9b85472c32f83e0c72c5ff30d86ddb6') in 0.024806 seconds 
========================================================================
Received Import Request.
  Time since last request: 0.039538 seconds.
  path: Assets/Models/Environment/Nature/crops_cornStageD.fbx
  artifactKey: Guid(62eb81bfca821374684a79006721d07a) Importer(815301076,1909f56bfc062723c751e8b465ee728b)
Start importing Assets/Models/Environment/Nature/crops_cornStageD.fbx using Guid(62eb81bfca821374684a79006721d07a) Importer(815301076,1909f56bfc062723c751e8b465ee728b)  -> (artifact id: 'ba4890b414ee7fdba2be1f96b94321e3') in 0.080190 seconds 
========================================================================
Received Import Request.
  Time since last request: 1.576407 seconds.
  path: Assets/Models/Environment/Nature/crops_dirtRowCorner.fbx
  artifactKey: Guid(934b1fbff60108043836606c41c8332e) Importer(815301076,1909f56bfc062723c751e8b465ee728b)
Start importing Assets/Models/Environment/Nature/crops_dirtRowCorner.fbx using Guid(934b1fbff60108043836606c41c8332e) Importer(815301076,1909f56bfc062723c751e8b465ee728b)  -> (artifact id: '7c54cb6e2664e52898a9108b000dda93') in 0.030542 seconds 
========================================================================
Received Import Request.
  Time since last request: 0.000040 seconds.
  path: Assets/Models/Environment/Nature/crops_leafsStageB.fbx
  artifactKey: Guid(2e1ef00b35ced1c4883afa9db32f04e9) Importer(815301076,1909f56bfc062723c751e8b465ee728b)
Start importing Assets/Models/Environment/Nature/crops_leafsStageB.fbx using Guid(2e1ef00b35ced1c4883afa9db32f04e9) Importer(815301076,1909f56bfc062723c751e8b465ee728b)  -> (artifact id: 'cc25da3f6c186a61d381e5e6e1d1e7f2') in 0.024040 seconds 
========================================================================
Received Import Request.
  Time since last request: 0.000042 seconds.
  path: Assets/Models/Environment/Nature/fence_planks.fbx
  artifactKey: Guid(e296f132acd447843932490c7b20fe54) Importer(815301076,1909f56bfc062723c751e8b465ee728b)
Start importing Assets/Models/Environment/Nature/fence_planks.fbx using Guid(e296f132acd447843932490c7b20fe54) Importer(815301076,1909f56bfc062723c751e8b465ee728b)  -> (artifact id: '89ceaa65aff8112230dd198fa8dfc724') in 0.022063 seconds 
========================================================================
Received Import Request.
  Time since last request: 0.000061 seconds.
  path: Assets/Models/Environment/Nature/fence_bendCenter.fbx
  artifactKey: Guid(6935a7daca50f7047ae7d7bc5a419342) Importer(815301076,1909f56bfc062723c751e8b465ee728b)
Start importing Assets/Models/Environment/Nature/fence_bendCenter.fbx using Guid(6935a7daca50f7047ae7d7bc5a419342) Importer(815301076,1909f56bfc062723c751e8b465ee728b)  -> (artifact id: '826a4baab80ccfb889cb9786a77b781d') in 0.040273 seconds 
========================================================================
Received Import Request.
  Time since last request: 0.000027 seconds.
  path: Assets/Models/Environment/Nature/fence_simpleHigh.fbx
  artifactKey: Guid(d552a2335077cc24f8da5a0abf385070) Importer(815301076,1909f56bfc062723c751e8b465ee728b)
Start importing Assets/Models/Environment/Nature/fence_simpleHigh.fbx using Guid(d552a2335077cc24f8da5a0abf385070) Importer(815301076,1909f56bfc062723c751e8b465ee728b)  -> (artifact id: '8cc4f30899cdb94d382063a93b018bac') in 0.026402 seconds 
========================================================================
Received Import Request.
  Time since last request: 0.000032 seconds.
  path: Assets/Models/Environment/Nature/fence_corner.fbx
  artifactKey: Guid(29a8016175a724c408d0a6d0c4fb3b1e) Importer(815301076,1909f56bfc062723c751e8b465ee728b)
Start importing Assets/Models/Environment/Nature/fence_corner.fbx using Guid(29a8016175a724c408d0a6d0c4fb3b1e) Importer(815301076,1909f56bfc062723c751e8b465ee728b)  -> (artifact id: 'c7f161e26864b7163c49ad3edebf60aa') in 0.031718 seconds 
========================================================================
Received Import Request.
  Time since last request: 0.000068 seconds.
  path: Assets/Models/Environment/Nature/crops_leafsStageA.fbx
  artifactKey: Guid(67576395af20fd94898b1b0ed1e7e3cf) Importer(815301076,1909f56bfc062723c751e8b465ee728b)
Start importing Assets/Models/Environment/Nature/crops_leafsStageA.fbx using Guid(67576395af20fd94898b1b0ed1e7e3cf) Importer(815301076,1909f56bfc062723c751e8b465ee728b)  -> (artifact id: '347011f21d3031f544c71110767ce16e') in 0.036071 seconds 
========================================================================
Received Import Request.
  Time since last request: 0.254572 seconds.
  path: Assets/Models/Environment/Nature/flower_purpleB.fbx
  artifactKey: Guid(0db5e0fc627790841b925f8b053164a5) Importer(815301076,1909f56bfc062723c751e8b465ee728b)
Start importing Assets/Models/Environment/Nature/flower_purpleB.fbx using Guid(0db5e0fc627790841b925f8b053164a5) Importer(815301076,1909f56bfc062723c751e8b465ee728b)  -> (artifact id: 'd45779d5f064996a654827d15e46accb') in 0.035289 seconds 
========================================================================
Received Import Request.
  Time since last request: 0.000055 seconds.
  path: Assets/Models/Environment/Nature/flower_redB.fbx
  artifactKey: Guid(343410ca21dd9f643896d9b5265b42fb) Importer(815301076,1909f56bfc062723c751e8b465ee728b)
Start importing Assets/Models/Environment/Nature/flower_redB.fbx using Guid(343410ca21dd9f643896d9b5265b42fb) Importer(815301076,1909f56bfc062723c751e8b465ee728b)  -> (artifact id: 'e8e2c9d905803d38a67996710b7d60d8') in 0.029244 seconds 
========================================================================
Received Import Request.
  Time since last request: 0.000034 seconds.
  path: Assets/Models/Environment/Nature/flower_yellowA.fbx
  artifactKey: Guid(58d75a5ad1983424da377f0194ba52bb) Importer(815301076,1909f56bfc062723c751e8b465ee728b)
Start importing Assets/Models/Environment/Nature/flower_yellowA.fbx using Guid(58d75a5ad1983424da377f0194ba52bb) Importer(815301076,1909f56bfc062723c751e8b465ee728b)  -> (artifact id: '3261a0320e99f6f88fbfda753858bdc4') in 0.030530 seconds 
========================================================================
Received Import Request.
  Time since last request: 0.021418 seconds.
  path: Assets/Models/Environment/Nature/grass_leafs.fbx
  artifactKey: Guid(41e03179b2a58f8489f21a1227ced967) Importer(815301076,1909f56bfc062723c751e8b465ee728b)
Start importing Assets/Models/Environment/Nature/grass_leafs.fbx using Guid(41e03179b2a58f8489f21a1227ced967) Importer(815301076,1909f56bfc062723c751e8b465ee728b)  -> (artifact id: 'ca0694cf0b43885e3d2a0874c094bb50') in 0.024560 seconds 
========================================================================
Received Import Request.
  Time since last request: 0.000029 seconds.
  path: Assets/Models/Environment/Nature/ground_pathBend.fbx
  artifactKey: Guid(27a65cd64ab32d047b35745f58596e36) Importer(815301076,1909f56bfc062723c751e8b465ee728b)
Start importing Assets/Models/Environment/Nature/ground_pathBend.fbx using Guid(27a65cd64ab32d047b35745f58596e36) Importer(815301076,1909f56bfc062723c751e8b465ee728b)  -> (artifact id: 'fa9d062f75bf76fdc46b72e31bdcc1bd') in 0.029900 seconds 
========================================================================
Received Import Request.
  Time since last request: 0.342655 seconds.
  path: Assets/Models/Environment/Nature/ground_pathCorner.fbx
  artifactKey: Guid(f0e829e348e21e9458a82a3ff1da9bfc) Importer(815301076,1909f56bfc062723c751e8b465ee728b)
Start importing Assets/Models/Environment/Nature/ground_pathCorner.fbx using Guid(f0e829e348e21e9458a82a3ff1da9bfc) Importer(815301076,1909f56bfc062723c751e8b465ee728b)  -> (artifact id: 'bb0760c00ade64bb0efe12c08055cc07') in 0.027786 seconds 
========================================================================
Received Import Request.
  Time since last request: 0.020077 seconds.
  path: Assets/Models/Environment/Nature/ground_pathOpen.fbx
  artifactKey: Guid(eedf2dbf1b5a31d4b82076d6b7ebaaa3) Importer(815301076,1909f56bfc062723c751e8b465ee728b)
Start importing Assets/Models/Environment/Nature/ground_pathOpen.fbx using Guid(eedf2dbf1b5a31d4b82076d6b7ebaaa3) Importer(815301076,1909f56bfc062723c751e8b465ee728b)  -> (artifact id: 'f26f32591b2c873a86fc1c8b782f9922') in 0.025880 seconds 
========================================================================
Received Import Request.
  Time since last request: 0.000041 seconds.
  path: Assets/Models/Environment/Nature/ground_pathSideOpen.fbx
  artifactKey: Guid(c43112f6cc93b1a4eb17f627583e3e89) Importer(815301076,1909f56bfc062723c751e8b465ee728b)
Start importing Assets/Models/Environment/Nature/ground_pathSideOpen.fbx using Guid(c43112f6cc93b1a4eb17f627583e3e89) Importer(815301076,1909f56bfc062723c751e8b465ee728b)  -> (artifact id: '5663fe784e55d13ca18d0dc8eb116910') in 0.035935 seconds 
========================================================================
Received Import Request.
  Time since last request: 419.671998 seconds.
  path: Assets/Models/Environment/Oxxo
  artifactKey: Guid(3010d914c0598cc4797a8d82d9dd5c05) Importer(815301076,1909f56bfc062723c751e8b465ee728b)
Start importing Assets/Models/Environment/Oxxo using Guid(3010d914c0598cc4797a8d82d9dd5c05) Importer(815301076,1909f56bfc062723c751e8b465ee728b)  -> (artifact id: 'b0dd6b562df5ed0bc4e9da08829a0aae') in 0.008866 seconds 
========================================================================
Received Import Request.
  Time since last request: 7.838639 seconds.
  path: Assets/Models/Environment/Oxxo/OXXO.glb
  artifactKey: Guid(728f691a41be375489187fb9ea892ca1) Importer(815301076,1909f56bfc062723c751e8b465ee728b)
Start importing Assets/Models/Environment/Oxxo/OXXO.glb using Guid(728f691a41be375489187fb9ea892ca1) Importer(815301076,1909f56bfc062723c751e8b465ee728b)  -> (artifact id: '195a6b32e3b980d56c81c913d52b6441') in 0.010392 seconds 
========================================================================
Received Import Request.
  Time since last request: 226.335616 seconds.
  path: Assets/Models/Environment/Oxxo/mexican-oxxo
  artifactKey: Guid(1d9bc3c17b3f22945a629b06a6451205) Importer(815301076,1909f56bfc062723c751e8b465ee728b)
Start importing Assets/Models/Environment/Oxxo/mexican-oxxo using Guid(1d9bc3c17b3f22945a629b06a6451205) Importer(815301076,1909f56bfc062723c751e8b465ee728b)  -> (artifact id: 'db74f171bfa0883af45b9d2feb65fba3') in 0.007310 seconds 
========================================================================
Received Import Request.
  Time since last request: 0.515371 seconds.
  path: Assets/Models/Environment/Oxxo/mexican-oxxo/source
  artifactKey: Guid(d6ebe67f1ca9db24e915e8c976f4cf9b) Importer(815301076,1909f56bfc062723c751e8b465ee728b)
Start importing Assets/Models/Environment/Oxxo/mexican-oxxo/source using Guid(d6ebe67f1ca9db24e915e8c976f4cf9b) Importer(815301076,1909f56bfc062723c751e8b465ee728b)  -> (artifact id: '0b4edbb0adf53442dc4e7e8158a501bc') in 0.006332 seconds 
========================================================================
Received Import Request.
  Time since last request: 0.946202 seconds.
  path: Assets/Models/Environment/Oxxo/mexican-oxxo/source/Oxxo.zip
  artifactKey: Guid(57de2eec26a483345b7b68a05024d97b) Importer(815301076,1909f56bfc062723c751e8b465ee728b)
Start importing Assets/Models/Environment/Oxxo/mexican-oxxo/source/Oxxo.zip using Guid(57de2eec26a483345b7b68a05024d97b) Importer(815301076,1909f56bfc062723c751e8b465ee728b)  -> (artifact id: 'd54fb7cb2bbf4014481766d367a5bcfb') in 0.011175 seconds 
========================================================================
Received Import Request.
  Time since last request: 24.050472 seconds.
  path: Assets/Models/Environment/Oxxo/mexican-oxxo/source/Oxxo
  artifactKey: Guid(71240b339ad33e54d8751f242c747693) Importer(815301076,1909f56bfc062723c751e8b465ee728b)
Start importing Assets/Models/Environment/Oxxo/mexican-oxxo/source/Oxxo using Guid(71240b339ad33e54d8751f242c747693) Importer(815301076,1909f56bfc062723c751e8b465ee728b)  -> (artifact id: '6fbaff36298b68d193fef09a4e21fbf2') in 0.003126 seconds 
========================================================================
Received Import Request.
  Time since last request: 3.104825 seconds.
  path: Assets/Models/Environment/Oxxo/mexican-oxxo/source/Oxxo/OXXO_MODEL.obj
  artifactKey: Guid(3d3e15e3113872d4baf69047e9995609) Importer(815301076,1909f56bfc062723c751e8b465ee728b)
Start importing Assets/Models/Environment/Oxxo/mexican-oxxo/source/Oxxo/OXXO_MODEL.obj using Guid(3d3e15e3113872d4baf69047e9995609) Importer(815301076,1909f56bfc062723c751e8b465ee728b)  -> (artifact id: '4875cdec64e764955871ce63e84d9187') in 0.045226 seconds 
========================================================================
Received Import Request.
  Time since last request: 235.704772 seconds.
  path: Assets/Materials/New Material.mat
  artifactKey: Guid(ec3e1d68baf25094ca520589043b19ee) Importer(815301076,1909f56bfc062723c751e8b465ee728b)
Start importing Assets/Materials/New Material.mat using Guid(ec3e1d68baf25094ca520589043b19ee) Importer(815301076,1909f56bfc062723c751e8b465ee728b)  -> (artifact id: '605689f04a8802ac0fc22cd569ccc830') in 0.014306 seconds 
========================================================================
Received Import Request.
  Time since last request: 4.318586 seconds.
  path: Assets/Materials/Ground.mat
  artifactKey: Guid(ec3e1d68baf25094ca520589043b19ee) Importer(815301076,1909f56bfc062723c751e8b465ee728b)
Start importing Assets/Materials/Ground.mat using Guid(ec3e1d68baf25094ca520589043b19ee) Importer(815301076,1909f56bfc062723c751e8b465ee728b)  -> (artifact id: '0c95690bda772dfe236226c89478d78d') in 0.014524 seconds 
========================================================================
Received Import Request.
  Time since last request: 7.412032 seconds.
  path: Assets/Materials/Grass.mat
  artifactKey: Guid(8aaf086d5452cc74bb1b326789acf3ef) Importer(815301076,1909f56bfc062723c751e8b465ee728b)
Start importing Assets/Materials/Grass.mat using Guid(8aaf086d5452cc74bb1b326789acf3ef) Importer(815301076,1909f56bfc062723c751e8b465ee728b)  -> (artifact id: '2ac7874c82feba0f3d00eae5b2019994') in 0.012908 seconds 
========================================================================
Received Import Request.
  Time since last request: 19.176875 seconds.
  path: Assets/Materials/Grass.mat
  artifactKey: Guid(8aaf086d5452cc74bb1b326789acf3ef) Importer(815301076,1909f56bfc062723c751e8b465ee728b)
Start importing Assets/Materials/Grass.mat using Guid(8aaf086d5452cc74bb1b326789acf3ef) Importer(815301076,1909f56bfc062723c751e8b465ee728b)  -> (artifact id: '56675209e4e8caac78137309ab3b7d0b') in 0.015740 seconds 
========================================================================
Received Import Request.
  Time since last request: 369.415491 seconds.
  path: Assets/Models/Environment/tienda-oxxo
  artifactKey: Guid(4c39039f2d745184c8901ed7e7fc9908) Importer(815301076,1909f56bfc062723c751e8b465ee728b)
Start importing Assets/Models/Environment/tienda-oxxo using Guid(4c39039f2d745184c8901ed7e7fc9908) Importer(815301076,1909f56bfc062723c751e8b465ee728b)  -> (artifact id: '9ebbbbffbb58fa2c09070ef47df91aa0') in 0.006170 seconds 
========================================================================
Received Import Request.
  Time since last request: 1.136956 seconds.
  path: Assets/Models/Environment/tienda-oxxo/source
  artifactKey: Guid(bab949acb729d454084e97c7e1bddcf8) Importer(815301076,1909f56bfc062723c751e8b465ee728b)
Start importing Assets/Models/Environment/tienda-oxxo/source using Guid(bab949acb729d454084e97c7e1bddcf8) Importer(815301076,1909f56bfc062723c751e8b465ee728b)  -> (artifact id: 'e2f0e278a05b282dca8d3fb7cc87f543') in 0.002131 seconds 
========================================================================
Received Import Request.
  Time since last request: 9.766785 seconds.
  path: Assets/Models/Environment/tienda-oxxo/source/mx_oxxo.zip
  artifactKey: Guid(5c07c70eac3d1cd418131dab9c91bf71) Importer(815301076,1909f56bfc062723c751e8b465ee728b)
Start importing Assets/Models/Environment/tienda-oxxo/source/mx_oxxo.zip using Guid(5c07c70eac3d1cd418131dab9c91bf71) Importer(815301076,1909f56bfc062723c751e8b465ee728b)  -> (artifact id: '9764c7590f86f695d6a815cfc2072030') in 0.006680 seconds 
========================================================================
Received Import Request.
  Time since last request: 33.610253 seconds.
  path: Assets/Models/Environment/tienda-oxxo/source/mx_oxxo
  artifactKey: Guid(4758572d6b05f39428550c55bbaf1731) Importer(815301076,1909f56bfc062723c751e8b465ee728b)
Start importing Assets/Models/Environment/tienda-oxxo/source/mx_oxxo using Guid(4758572d6b05f39428550c55bbaf1731) Importer(815301076,1909f56bfc062723c751e8b465ee728b)  -> (artifact id: '45c1598404fb8205bf0cc9f1f073daf7') in 0.002205 seconds 
========================================================================
Received Import Request.
  Time since last request: 5.345409 seconds.
  path: Assets/Models/Environment/tienda-oxxo/source/mx_oxxo/mx_oxxo.FBX
  artifactKey: Guid(722ca09cb976c2d42ab6101da21466f6) Importer(815301076,1909f56bfc062723c751e8b465ee728b)
Start importing Assets/Models/Environment/tienda-oxxo/source/mx_oxxo/mx_oxxo.FBX using Guid(722ca09cb976c2d42ab6101da21466f6) Importer(815301076,1909f56bfc062723c751e8b465ee728b)  -> (artifact id: '911542633ddc3f7451edbc135524e6d3') in 0.056881 seconds 
========================================================================
Received Import Request.
  Time since last request: 203.004258 seconds.
  path: Assets/Materials/Grass.mat
  artifactKey: Guid(8aaf086d5452cc74bb1b326789acf3ef) Importer(815301076,1909f56bfc062723c751e8b465ee728b)
Start importing Assets/Materials/Grass.mat using Guid(8aaf086d5452cc74bb1b326789acf3ef) Importer(815301076,1909f56bfc062723c751e8b465ee728b)  -> (artifact id: '4c4c3836e0ba99c5e9f909b3fe9b98a0') in 0.017685 seconds 
========================================================================
Received Import Request.
  Time since last request: 187.860982 seconds.
  path: Assets/Materials/Oxxo.mat
  artifactKey: Guid(77e1174bc4d8f4247a56b131dbc6ddfd) Importer(815301076,1909f56bfc062723c751e8b465ee728b)
Start importing Assets/Materials/Oxxo.mat using Guid(77e1174bc4d8f4247a56b131dbc6ddfd) Importer(815301076,1909f56bfc062723c751e8b465ee728b)  -> (artifact id: '875d99a0452618501ecbd3710021aba3') in 0.016656 seconds 
========================================================================
Received Import Request.
  Time since last request: 59.066390 seconds.
  path: Assets/Materials/oxxo_d.png
  artifactKey: Guid(86d98a223d2918845968b89bfaf1762b) Importer(815301076,1909f56bfc062723c751e8b465ee728b)
Start importing Assets/Materials/oxxo_d.png using Guid(86d98a223d2918845968b89bfaf1762b) Importer(815301076,1909f56bfc062723c751e8b465ee728b)  -> (artifact id: '3221a95a86781772c13afffa62845f4f') in 0.034350 seconds 
========================================================================
Received Import Request.
  Time since last request: 16.860386 seconds.
  path: Assets/Materials/mx_oxxo_s.png
  artifactKey: Guid(352169316b7c553439b24048af4a9c77) Importer(815301076,1909f56bfc062723c751e8b465ee728b)
Start importing Assets/Materials/mx_oxxo_s.png using Guid(352169316b7c553439b24048af4a9c77) Importer(815301076,1909f56bfc062723c751e8b465ee728b)  -> (artifact id: '0e0aac6fa5dab8444f91ec1265ecaa97') in 0.020345 seconds 
========================================================================
Received Import Request.
  Time since last request: 71.444164 seconds.
  path: Assets/Models/Environment/tienda-oxxo/source/mx_oxxo/mx_oxxo_ad 1.fbx
  artifactKey: Guid(31cccbea983c734418fcac820f07b6c3) Importer(815301076,1909f56bfc062723c751e8b465ee728b)
Start importing Assets/Models/Environment/tienda-oxxo/source/mx_oxxo/mx_oxxo_ad 1.fbx using Guid(31cccbea983c734418fcac820f07b6c3) Importer(815301076,1909f56bfc062723c751e8b465ee728b)  -> (artifact id: '394bfde1441d1687d4ca8411cb604e62') in 0.020279 seconds 
========================================================================
Received Import Request.
  Time since last request: 250.039351 seconds.
  path: Assets/Models/Environment/Nature/ground_pathStraight.fbx
  artifactKey: Guid(b0f91aff88fbcd94db115aa46dd48d66) Importer(815301076,1909f56bfc062723c751e8b465ee728b)
Start importing Assets/Models/Environment/Nature/ground_pathStraight.fbx using Guid(b0f91aff88fbcd94db115aa46dd48d66) Importer(815301076,1909f56bfc062723c751e8b465ee728b)  -> (artifact id: 'c9142c89a79259ad1e12ed7c2b8518bf') in 0.062317 seconds 
========================================================================
Received Import Request.
  Time since last request: 0.000033 seconds.
  path: Assets/Models/Environment/Nature/ground_riverBendBank.fbx
  artifactKey: Guid(8c48e7fc5fb653c4a834a2f4de1d9975) Importer(815301076,1909f56bfc062723c751e8b465ee728b)
Start importing Assets/Models/Environment/Nature/ground_riverBendBank.fbx using Guid(8c48e7fc5fb653c4a834a2f4de1d9975) Importer(815301076,1909f56bfc062723c751e8b465ee728b)  -> (artifact id: 'b670d994d1b48f4056727cf57628c1ff') in 0.050662 seconds 
========================================================================
Received Import Request.
  Time since last request: 0.091022 seconds.
  path: Assets/Models/Environment/Nature/ground_riverCornerSmall.fbx
  artifactKey: Guid(06866068ecaa37d429c1c4328236fac8) Importer(815301076,1909f56bfc062723c751e8b465ee728b)
Start importing Assets/Models/Environment/Nature/ground_riverCornerSmall.fbx using Guid(06866068ecaa37d429c1c4328236fac8) Importer(815301076,1909f56bfc062723c751e8b465ee728b)  -> (artifact id: '0acc405e24eb02662158de0a7a188bf0') in 0.051857 seconds 
========================================================================
Received Import Request.
  Time since last request: 0.000062 seconds.
  path: Assets/Models/Environment/Nature/ground_riverOpen.fbx
  artifactKey: Guid(ff864dd834787fe40a1bc53a437e92a1) Importer(815301076,1909f56bfc062723c751e8b465ee728b)
Start importing Assets/Models/Environment/Nature/ground_riverOpen.fbx using Guid(ff864dd834787fe40a1bc53a437e92a1) Importer(815301076,1909f56bfc062723c751e8b465ee728b)  -> (artifact id: '5fa74dfd4a954b8fa154d37ee090d5a1') in 0.030726 seconds 
========================================================================
Received Import Request.
  Time since last request: 0.000042 seconds.
  path: Assets/Models/Environment/Nature/ground_riverEndClosed.fbx
  artifactKey: Guid(2fddd59819502e74a917ce211beaa219) Importer(815301076,1909f56bfc062723c751e8b465ee728b)
Start importing Assets/Models/Environment/Nature/ground_riverEndClosed.fbx using Guid(2fddd59819502e74a917ce211beaa219) Importer(815301076,1909f56bfc062723c751e8b465ee728b)  -> (artifact id: 'd5e8b71397f3418d0d1800b487d7898f') in 0.044999 seconds 
========================================================================
Received Import Request.
  Time since last request: 6.324380 seconds.
  path: Assets/Models/Environment/Nature/ground_riverRocks.fbx
  artifactKey: Guid(0141500b89f05ad449c21d3c74d882a8) Importer(815301076,1909f56bfc062723c751e8b465ee728b)
Start importing Assets/Models/Environment/Nature/ground_riverRocks.fbx using Guid(0141500b89f05ad449c21d3c74d882a8) Importer(815301076,1909f56bfc062723c751e8b465ee728b)  -> (artifact id: 'be2a54bce5ea8e9a11ac30128d8a114d') in 0.050063 seconds 
========================================================================
Received Import Request.
  Time since last request: 0.000033 seconds.
  path: Assets/Models/Environment/Nature/ground_riverStraight.fbx
  artifactKey: Guid(23409355220e6664eb364a46c3589d08) Importer(815301076,1909f56bfc062723c751e8b465ee728b)
Start importing Assets/Models/Environment/Nature/ground_riverStraight.fbx using Guid(23409355220e6664eb364a46c3589d08) Importer(815301076,1909f56bfc062723c751e8b465ee728b)  -> (artifact id: '70dd1b23ce474343d041ea47fd9de262') in 0.048530 seconds 
========================================================================
Received Import Request.
  Time since last request: 0.458933 seconds.
  path: Assets/Models/Environment/Nature/ground_riverTile.fbx
  artifactKey: Guid(3e61ac7ff07e09a4284013ba65dc960a) Importer(815301076,1909f56bfc062723c751e8b465ee728b)
Start importing Assets/Models/Environment/Nature/ground_riverTile.fbx using Guid(3e61ac7ff07e09a4284013ba65dc960a) Importer(815301076,1909f56bfc062723c751e8b465ee728b)  -> (artifact id: '8a09514175878e27c11ff789ef663d35') in 0.037687 seconds 
========================================================================
Received Import Request.
  Time since last request: 0.974959 seconds.
  path: Assets/Models/Environment/Nature/log_large.fbx
  artifactKey: Guid(ab53e46146432e64a8f3467b60f3d036) Importer(815301076,1909f56bfc062723c751e8b465ee728b)
Start importing Assets/Models/Environment/Nature/log_large.fbx using Guid(ab53e46146432e64a8f3467b60f3d036) Importer(815301076,1909f56bfc062723c751e8b465ee728b)  -> (artifact id: 'fdb530245cbfe2e06cd5fca3f0f53dab') in 0.023839 seconds 
========================================================================
Received Import Request.
  Time since last request: 0.000053 seconds.
  path: Assets/Models/Environment/Nature/mushroom_redGroup.fbx
  artifactKey: Guid(b662dffdb2a5cbb4c85a4b07537d196e) Importer(815301076,1909f56bfc062723c751e8b465ee728b)
Start importing Assets/Models/Environment/Nature/mushroom_redGroup.fbx using Guid(b662dffdb2a5cbb4c85a4b07537d196e) Importer(815301076,1909f56bfc062723c751e8b465ee728b)  -> (artifact id: 'a0ff6e06cedb22056e988ac5f296cebb') in 0.029892 seconds 
========================================================================
Received Import Request.
  Time since last request: 0.000038 seconds.
  path: Assets/Models/Environment/Nature/mushroom_redTall.fbx
  artifactKey: Guid(ba8a77836be3d8d47bb6960d84944de6) Importer(815301076,1909f56bfc062723c751e8b465ee728b)
Start importing Assets/Models/Environment/Nature/mushroom_redTall.fbx using Guid(ba8a77836be3d8d47bb6960d84944de6) Importer(815301076,1909f56bfc062723c751e8b465ee728b)  -> (artifact id: 'f162727aa7a5de5161ce0d12686691a8') in 0.028674 seconds 
========================================================================
Received Import Request.
  Time since last request: 0.000022 seconds.
  path: Assets/Models/Environment/Nature/path_stone.fbx
  artifactKey: Guid(bd71c3c5cf5394142a00f82e2b4ac7ab) Importer(815301076,1909f56bfc062723c751e8b465ee728b)
Start importing Assets/Models/Environment/Nature/path_stone.fbx using Guid(bd71c3c5cf5394142a00f82e2b4ac7ab) Importer(815301076,1909f56bfc062723c751e8b465ee728b)  -> (artifact id: 'e95f61781dde6700e7106baa8bd1b498') in 0.032145 seconds 
========================================================================
Received Import Request.
  Time since last request: 688.519718 seconds.
  path: Assets/Models/Environment/Nature/path_stoneCircle.fbx
  artifactKey: Guid(9366ffda56cb57a44831b42e862e9774) Importer(815301076,1909f56bfc062723c751e8b465ee728b)
Start importing Assets/Models/Environment/Nature/path_stoneCircle.fbx using Guid(9366ffda56cb57a44831b42e862e9774) Importer(815301076,1909f56bfc062723c751e8b465ee728b)  -> (artifact id: 'aa6f15aaeef1ba2ae00521e857fcb9cb') in 0.030881 seconds 
========================================================================
Received Import Request.
  Time since last request: 0.000048 seconds.
  path: Assets/Models/Environment/Nature/path_woodEnd.fbx
  artifactKey: Guid(a4eff0d312c9541459e0d472cf6dc47f) Importer(815301076,1909f56bfc062723c751e8b465ee728b)
Start importing Assets/Models/Environment/Nature/path_woodEnd.fbx using Guid(a4eff0d312c9541459e0d472cf6dc47f) Importer(815301076,1909f56bfc062723c751e8b465ee728b)  -> (artifact id: 'f1b5f573bbb8c4a56d18abb659f38a27') in 0.038441 seconds 
========================================================================
Received Import Request.
  Time since last request: 0.000046 seconds.
  path: Assets/Models/Environment/Nature/plant_bush.fbx
  artifactKey: Guid(7dbad4e4e53d80144bbb69a5b0e3e808) Importer(815301076,1909f56bfc062723c751e8b465ee728b)
Start importing Assets/Models/Environment/Nature/plant_bush.fbx using Guid(7dbad4e4e53d80144bbb69a5b0e3e808) Importer(815301076,1909f56bfc062723c751e8b465ee728b)  -> (artifact id: 'd5f375cc7547fab0e2310313e9a290fd') in 0.029390 seconds 
========================================================================
Received Import Request.
  Time since last request: 0.000073 seconds.
  path: Assets/Models/Environment/Nature/plant_bushLarge.fbx
  artifactKey: Guid(d1907fcdc93b96146a9343fcf5cb1e8b) Importer(815301076,1909f56bfc062723c751e8b465ee728b)
Start importing Assets/Models/Environment/Nature/plant_bushLarge.fbx using Guid(d1907fcdc93b96146a9343fcf5cb1e8b) Importer(815301076,1909f56bfc062723c751e8b465ee728b)  -> (artifact id: 'fdcf7139d4679867f2b46f3d7e6020f2') in 0.032055 seconds 
========================================================================
Received Import Request.
  Time since last request: 0.000067 seconds.
  path: Assets/Models/Environment/Nature/plant_bushLargeTriangle.fbx
  artifactKey: Guid(a02e24a8bd5e6dc4081243f61e513db0) Importer(815301076,1909f56bfc062723c751e8b465ee728b)
Start importing Assets/Models/Environment/Nature/plant_bushLargeTriangle.fbx using Guid(a02e24a8bd5e6dc4081243f61e513db0) Importer(815301076,1909f56bfc062723c751e8b465ee728b)  -> (artifact id: '3d18f03c4b9386517d81830b35085afe') in 0.028252 seconds 
Editor requested this worker to shutdown with reason: Scaling down because of idle timeout
AssetImportWorker is now disconnected from the server
Process exiting
Exiting without the bug reporter. Application will terminate with return code 0