Using pre-set license
Built from '2021.3/release' branch; Version is '2021.3.12f1 (8af3c3e441b1) revision 9106371'; Using compiler version '192829333'; Build Type 'Release'
OS: 'Windows 11  (10.0.22000) 64bit Core' Language: 'en' Physical Memory: 15776 MB
BatchMode: 1, IsHumanControllingUs: 0, StartBugReporterOnCrash: 0, Is64bit: 1, IsPro: 1

COMMAND LINE ARGUMENTS:
C:\Program Files\Unity\Hub\Editor\2021.3.12f1\Editor\Unity.exe
-adb2
-batchMode
-noUpm
-name
AssetImportWorker3
-projectPath
C:/Users/chess/Documents/TEC/Semestre5/Graficos/CarTrackSimulation/CarTrackSimulation
-logFile
Logs/AssetImportWorker3.log
-srvPort
61526
Successfully changed project path to: C:/Users/chess/Documents/TEC/Semestre5/Graficos/CarTrackSimulation/CarTrackSimulation
C:/Users/chess/Documents/TEC/Semestre5/Graficos/CarTrackSimulation/CarTrackSimulation
[UnityMemory] Configuration Parameters - Can be set up in boot.config
    "memorysetup-bucket-allocator-granularity=16"
    "memorysetup-bucket-allocator-bucket-count=8"
    "memorysetup-bucket-allocator-block-size=33554432"
    "memorysetup-bucket-allocator-block-count=8"
    "memorysetup-main-allocator-block-size=16777216"
    "memorysetup-thread-allocator-block-size=16777216"
    "memorysetup-gfx-main-allocator-block-size=16777216"
    "memorysetup-gfx-thread-allocator-block-size=16777216"
    "memorysetup-cache-allocator-block-size=4194304"
    "memorysetup-typetree-allocator-block-size=2097152"
    "memorysetup-profiler-bucket-allocator-granularity=16"
    "memorysetup-profiler-bucket-allocator-bucket-count=8"
    "memorysetup-profiler-bucket-allocator-block-size=33554432"
    "memorysetup-profiler-bucket-allocator-block-count=8"
    "memorysetup-profiler-allocator-block-size=16777216"
    "memorysetup-profiler-editor-allocator-block-size=1048576"
    "memorysetup-temp-allocator-size-main=16777216"
    "memorysetup-job-temp-allocator-block-size=2097152"
    "memorysetup-job-temp-allocator-block-size-background=1048576"
    "memorysetup-job-temp-allocator-reduction-small-platforms=262144"
    "memorysetup-temp-allocator-size-background-worker=32768"
    "memorysetup-temp-allocator-size-job-worker=262144"
    "memorysetup-temp-allocator-size-preload-manager=33554432"
    "memorysetup-temp-allocator-size-nav-mesh-worker=65536"
    "memorysetup-temp-allocator-size-audio-worker=65536"
    "memorysetup-temp-allocator-size-cloud-worker=32768"
    "memorysetup-temp-allocator-size-gi-baking-worker=262144"
    "memorysetup-temp-allocator-size-gfx=262144"
Refreshing native plugins compatible for Editor in 69.30 ms, found 3 plugins.
Preloading 0 native plugins for Editor in 0.00 ms.
Initialize engine version: 2021.3.12f1 (8af3c3e441b1)
[Subsystems] Discovering subsystems at path C:/Program Files/Unity/Hub/Editor/2021.3.12f1/Editor/Data/Resources/UnitySubsystems
[Subsystems] Discovering subsystems at path C:/Users/chess/Documents/TEC/Semestre5/Graficos/CarTrackSimulation/CarTrackSimulation/Assets
GfxDevice: creating device client; threaded=0; jobified=0
Direct3D:
    Version:  Direct3D 11.0 [level 11.1]
    Renderer: NVIDIA GeForce RTX 3070 Laptop GPU (ID=0x249d)
    Vendor:   NVIDIA
    VRAM:     8044 MB
    Driver:   31.0.15.2225
Initialize mono
Mono path[0] = 'C:/Program Files/Unity/Hub/Editor/2021.3.12f1/Editor/Data/Managed'
Mono path[1] = 'C:/Program Files/Unity/Hub/Editor/2021.3.12f1/Editor/Data/MonoBleedingEdge/lib/mono/unityjit-win32'
Mono config path = 'C:/Program Files/Unity/Hub/Editor/2021.3.12f1/Editor/Data/MonoBleedingEdge/etc'
Using monoOptions --debugger-agent=transport=dt_socket,embedding=1,server=y,suspend=n,address=127.0.0.1:56960
Begin MonoManager ReloadAssembly
Registering precompiled unity dll's ...
Register platform support module: C:/Program Files/Unity/Hub/Editor/2021.3.12f1/Editor/Data/PlaybackEngines/WebGLSupport/UnityEditor.WebGL.Extensions.dll
Register platform support module: C:/Program Files/Unity/Hub/Editor/2021.3.12f1/Editor/Data/PlaybackEngines/WindowsStandaloneSupport/UnityEditor.WindowsStandalone.Extensions.dll
Registered in 0.004319 seconds.
Native extension for WindowsStandalone target not found
Native extension for WebGL target not found
Refreshing native plugins compatible for Editor in 65.93 ms, found 3 plugins.
Preloading 0 native plugins for Editor in 0.00 ms.
Mono: successfully reloaded assembly
- Completed reload, in  0.536 seconds
Domain Reload Profiling:
	ReloadAssembly (536ms)
		BeginReloadAssembly (61ms)
			ExecutionOrderSort (0ms)
			DisableScriptedObjects (0ms)
			BackupInstance (0ms)
			ReleaseScriptingObjects (0ms)
			CreateAndSetChildDomain (1ms)
		EndReloadAssembly (387ms)
			LoadAssemblies (60ms)
			RebuildTransferFunctionScriptingTraits (0ms)
			SetupTypeCache (86ms)
			ReleaseScriptCaches (0ms)
			RebuildScriptCaches (25ms)
			SetupLoadedEditorAssemblies (233ms)
				LogAssemblyErrors (0ms)
				InitializePlatformSupportModulesInManaged (8ms)
				SetLoadedEditorAssemblies (0ms)
				RefreshPlugins (66ms)
				BeforeProcessingInitializeOnLoad (2ms)
				ProcessInitializeOnLoadAttributes (118ms)
				ProcessInitializeOnLoadMethodAttributes (40ms)
				AfterProcessingInitializeOnLoad (0ms)
				EditorAssembliesLoaded (0ms)
			ExecutionOrderSort2 (0ms)
			AwakeInstancesAfterBackupRestoration (0ms)
Platform modules already initialized, skipping
Registering precompiled user dll's ...
Registered in 0.004528 seconds.
Begin MonoManager ReloadAssembly
Symbol file LoadedFromMemory doesn't match image C:\Users\chess\Documents\TEC\Semestre5\Graficos\CarTrackSimulation\CarTrackSimulation\Library\PackageCache\com.unity.visualscripting@1.7.8\Editor\VisualScripting.Core\Dependencies\YamlDotNet\Unity.VisualScripting.YamlDotNet.dll
Symbol file LoadedFromMemory doesn't match image C:\Users\chess\Documents\TEC\Semestre5\Graficos\CarTrackSimulation\CarTrackSimulation\Library\PackageCache\com.unity.visualscripting@1.7.8\Editor\VisualScripting.Core\Dependencies\DotNetZip\Unity.VisualScripting.IonicZip.dll
Native extension for WindowsStandalone target not found
Native extension for WebGL target not found
Refreshing native plugins compatible for Editor in 0.65 ms, found 3 plugins.
Preloading 0 native plugins for Editor in 0.00 ms.
Mono: successfully reloaded assembly
- Completed reload, in  0.913 seconds
Domain Reload Profiling:
	ReloadAssembly (914ms)
		BeginReloadAssembly (93ms)
			ExecutionOrderSort (0ms)
			DisableScriptedObjects (5ms)
			BackupInstance (0ms)
			ReleaseScriptingObjects (0ms)
			CreateAndSetChildDomain (20ms)
		EndReloadAssembly (721ms)
			LoadAssemblies (71ms)
			RebuildTransferFunctionScriptingTraits (0ms)
			SetupTypeCache (204ms)
			ReleaseScriptCaches (1ms)
			RebuildScriptCaches (44ms)
			SetupLoadedEditorAssemblies (359ms)
				LogAssemblyErrors (0ms)
				InitializePlatformSupportModulesInManaged (5ms)
				SetLoadedEditorAssemblies (0ms)
				RefreshPlugins (1ms)
				BeforeProcessingInitializeOnLoad (71ms)
				ProcessInitializeOnLoadAttributes (243ms)
				ProcessInitializeOnLoadMethodAttributes (34ms)
				AfterProcessingInitializeOnLoad (5ms)
				EditorAssembliesLoaded (0ms)
			ExecutionOrderSort2 (0ms)
			AwakeInstancesAfterBackupRestoration (8ms)
Platform modules already initialized, skipping
========================================================================
Worker process is ready to serve import requests
Launched and connected shader compiler UnityShaderCompiler.exe after 0.05 seconds
Refreshing native plugins compatible for Editor in 0.62 ms, found 3 plugins.
Preloading 0 native plugins for Editor in 0.00 ms.
Unloading 3386 Unused Serialized files (Serialized files now loaded: 0)
Unloading 27 unused Assets / (113.3 KB). Loaded Objects now: 3843.
Memory consumption went from 117.5 MB to 117.3 MB.
Total: 3.162400 ms (FindLiveObjects: 0.261500 ms CreateObjectMapping: 0.135000 ms MarkObjects: 2.632900 ms  DeleteObjects: 0.131800 ms)

AssetImportParameters requested are different than current active one (requested -> active):
  custom:video-decoder-ogg-theora: a1e56fd34408186e4bbccfd4996cb3dc -> 
  custom:container-muxer-webm: aa71ff27fc2769a1b78a27578f13a17b -> 
  custom:container-demuxer-webm: 4f35f7cbe854078d1ac9338744f61a02 -> 
  custom:video-encoder-webm-vp8: eb34c28f22e8b96e1ab97ce403110664 -> 
  custom:video-codec-MediaFoundation-h265: 746d11721c4dcdbdad8f713fa42b33f4 -> 
  custom:audio-encoder-webm-vorbis: bf7c407c2cedff20999df2af8eb42d56 -> 
  custom:framework-win-MediaFoundation: 216162199b28c13a410421893ffa2e32 -> 
  custom:container-demuxer-ogg: 62fdf1f143b41e24485cea50d1cbac27 -> 
  custom:video-decoder-webm-vp8: 9c59270c3fd7afecdb556c50c9e8de78 -> 
  custom:audio-decoder-ogg-vorbis: bf7c407c2cedff20999df2af8eb42d56 -> 
========================================================================
Received Import Request.
  Time since last request: 40573.885898 seconds.
  path: Assets/Models/Environment/Buildings/detail_awningWide.fbx
  artifactKey: Guid(db938f46bd1f33948956360f66f2366d) Importer(815301076,1909f56bfc062723c751e8b465ee728b)
Start importing Assets/Models/Environment/Buildings/detail_awningWide.fbx using Guid(db938f46bd1f33948956360f66f2366d) Importer(815301076,1909f56bfc062723c751e8b465ee728b)  -> (artifact id: 'b7fe2baf4e3fdfb31e1c704ec5d2c4d8') in 0.221460 seconds 
========================================================================
Received Import Request.
  Time since last request: 0.000044 seconds.
  path: Assets/Models/Environment/Buildings/large_buildingC.fbx
  artifactKey: Guid(eea17f7a79b03864492c7ea2c93ad5c8) Importer(815301076,1909f56bfc062723c751e8b465ee728b)
Start importing Assets/Models/Environment/Buildings/large_buildingC.fbx using Guid(eea17f7a79b03864492c7ea2c93ad5c8) Importer(815301076,1909f56bfc062723c751e8b465ee728b)  -> (artifact id: 'bbd4bf10441b3ad848fa9cea67813fbb') in 0.045989 seconds 
========================================================================
Received Import Request.
  Time since last request: 0.000043 seconds.
  path: Assets/Models/Environment/Buildings/low_buildingJ.fbx
  artifactKey: Guid(92dbc7bdb1f88794da6cca703b786a01) Importer(815301076,1909f56bfc062723c751e8b465ee728b)
Start importing Assets/Models/Environment/Buildings/low_buildingJ.fbx using Guid(92dbc7bdb1f88794da6cca703b786a01) Importer(815301076,1909f56bfc062723c751e8b465ee728b)  -> (artifact id: '913412d6ecbef6d35d99eb7cbf4d557e') in 0.029409 seconds 
========================================================================
Received Import Request.
  Time since last request: 0.000038 seconds.
  path: Assets/Models/Environment/Buildings/low_buildingF.fbx
  artifactKey: Guid(a451a008b1ad0744a86f036e4a7c97f2) Importer(815301076,1909f56bfc062723c751e8b465ee728b)
Start importing Assets/Models/Environment/Buildings/low_buildingF.fbx using Guid(a451a008b1ad0744a86f036e4a7c97f2) Importer(815301076,1909f56bfc062723c751e8b465ee728b)  -> (artifact id: '8fc4c6ac82a846dcf13e04442723cd6b') in 0.029754 seconds 
========================================================================
Received Import Request.
  Time since last request: 0.000063 seconds.
  path: Assets/Models/Environment/Buildings/low_buildingE.fbx
  artifactKey: Guid(873971da5a4b9b544a333c628c7b782a) Importer(815301076,1909f56bfc062723c751e8b465ee728b)
Start importing Assets/Models/Environment/Buildings/low_buildingE.fbx using Guid(873971da5a4b9b544a333c628c7b782a) Importer(815301076,1909f56bfc062723c751e8b465ee728b)  -> (artifact id: '29aab2bcf2ffbf0bda665fbb66ae0ff2') in 0.032147 seconds 
========================================================================
Received Import Request.
  Time since last request: 0.000068 seconds.
  path: Assets/Models/Environment/Buildings/low_buildingM.fbx
  artifactKey: Guid(a56df6f4d86e02f46ac8e9acf56509fc) Importer(815301076,1909f56bfc062723c751e8b465ee728b)
Start importing Assets/Models/Environment/Buildings/low_buildingM.fbx using Guid(a56df6f4d86e02f46ac8e9acf56509fc) Importer(815301076,1909f56bfc062723c751e8b465ee728b)  -> (artifact id: '5398f255257f9ae76cdcf139a3471a2c') in 0.030074 seconds 
========================================================================
Received Import Request.
  Time since last request: 0.000032 seconds.
  path: Assets/Models/Environment/Buildings/low_buildingB.fbx
  artifactKey: Guid(377f3f6a3d122f344ba9c0e8eb928bb5) Importer(815301076,1909f56bfc062723c751e8b465ee728b)
Start importing Assets/Models/Environment/Buildings/low_buildingB.fbx using Guid(377f3f6a3d122f344ba9c0e8eb928bb5) Importer(815301076,1909f56bfc062723c751e8b465ee728b)  -> (artifact id: 'fcfd48435e1402e3c66cc511f7d03ce7') in 0.032617 seconds 
========================================================================
Received Import Request.
  Time since last request: 0.000044 seconds.
  path: Assets/Models/Environment/Buildings/low_buildingC.fbx
  artifactKey: Guid(fbb7184d940180e429d844b688049eb8) Importer(815301076,1909f56bfc062723c751e8b465ee728b)
Start importing Assets/Models/Environment/Buildings/low_buildingC.fbx using Guid(fbb7184d940180e429d844b688049eb8) Importer(815301076,1909f56bfc062723c751e8b465ee728b)  -> (artifact id: 'ce563498bfc16e92b7660dbc48f70d2b') in 0.028645 seconds 
========================================================================
Received Import Request.
  Time since last request: 0.000049 seconds.
  path: Assets/Models/Environment/Buildings/large_buildingA.fbx
  artifactKey: Guid(4fe0453432c0484459a1434ba8b7873e) Importer(815301076,1909f56bfc062723c751e8b465ee728b)
Start importing Assets/Models/Environment/Buildings/large_buildingA.fbx using Guid(4fe0453432c0484459a1434ba8b7873e) Importer(815301076,1909f56bfc062723c751e8b465ee728b)  -> (artifact id: '2891b4c074e9b085ba890addf8fb641b') in 0.039549 seconds 
========================================================================
Received Import Request.
  Time since last request: 0.000048 seconds.
  path: Assets/Models/Environment/Buildings/low_buildingK.fbx
  artifactKey: Guid(a96a332e55e5e294ba9e1b14eafd7625) Importer(815301076,1909f56bfc062723c751e8b465ee728b)
Start importing Assets/Models/Environment/Buildings/low_buildingK.fbx using Guid(a96a332e55e5e294ba9e1b14eafd7625) Importer(815301076,1909f56bfc062723c751e8b465ee728b)  -> (artifact id: '5209948a73e193f8e7fe84cab4901243') in 0.039474 seconds 
========================================================================
Received Import Request.
  Time since last request: 0.000038 seconds.
  path: Assets/Models/Environment/Buildings/low_buildingG.fbx
  artifactKey: Guid(beed5dd352609744c98c14475acbee68) Importer(815301076,1909f56bfc062723c751e8b465ee728b)
Start importing Assets/Models/Environment/Buildings/low_buildingG.fbx using Guid(beed5dd352609744c98c14475acbee68) Importer(815301076,1909f56bfc062723c751e8b465ee728b)  -> (artifact id: '2302396a44f59164292f97654e957f1e') in 0.032435 seconds 
========================================================================
Received Import Request.
  Time since last request: 0.000030 seconds.
  path: Assets/Models/Environment/Buildings/detail_overhang.fbx
  artifactKey: Guid(81e53a2115486db45a5fa9f892ad331e) Importer(815301076,1909f56bfc062723c751e8b465ee728b)
Start importing Assets/Models/Environment/Buildings/detail_overhang.fbx using Guid(81e53a2115486db45a5fa9f892ad331e) Importer(815301076,1909f56bfc062723c751e8b465ee728b)  -> (artifact id: '133d6b0d1c280ac44cb9394b749e648b') in 0.032132 seconds 
========================================================================
Received Import Request.
  Time since last request: 21.264735 seconds.
  path: Assets/Models/Environment/Buildings/low_wideB.fbx
  artifactKey: Guid(0f565d34ff500eb40a84877e60a7717c) Importer(815301076,1909f56bfc062723c751e8b465ee728b)
Start importing Assets/Models/Environment/Buildings/low_wideB.fbx using Guid(0f565d34ff500eb40a84877e60a7717c) Importer(815301076,1909f56bfc062723c751e8b465ee728b)  -> (artifact id: 'cf5c75894c40b9c444b74ed86e4dcc33') in 0.029789 seconds 
========================================================================
Received Import Request.
  Time since last request: 0.000069 seconds.
  path: Assets/Models/Environment/Buildings/roof_center.fbx
  artifactKey: Guid(363390c433f6fcc4085b582dafb82105) Importer(815301076,1909f56bfc062723c751e8b465ee728b)
Start importing Assets/Models/Environment/Buildings/roof_center.fbx using Guid(363390c433f6fcc4085b582dafb82105) Importer(815301076,1909f56bfc062723c751e8b465ee728b)  -> (artifact id: '6b84cec75de78913cccea1cfc53503bb') in 0.026398 seconds 
========================================================================
Received Import Request.
  Time since last request: 0.000048 seconds.
  path: Assets/Models/Environment/Buildings/skyscraperA.fbx
  artifactKey: Guid(0c3d39eed7c4d6441a859bd18e1ba272) Importer(815301076,1909f56bfc062723c751e8b465ee728b)
Start importing Assets/Models/Environment/Buildings/skyscraperA.fbx using Guid(0c3d39eed7c4d6441a859bd18e1ba272) Importer(815301076,1909f56bfc062723c751e8b465ee728b)  -> (artifact id: 'ccfcb6400a7f244afe4289a872e0d583') in 0.062508 seconds 
========================================================================
Received Import Request.
  Time since last request: 0.000052 seconds.
  path: Assets/Models/Environment/Buildings/skyscraperE.fbx
  artifactKey: Guid(7dc41687ea0597a48914197c0e11850a) Importer(815301076,1909f56bfc062723c751e8b465ee728b)
Start importing Assets/Models/Environment/Buildings/skyscraperE.fbx using Guid(7dc41687ea0597a48914197c0e11850a) Importer(815301076,1909f56bfc062723c751e8b465ee728b)  -> (artifact id: 'b4872b11422d913e243eb5ddd41db18f') in 0.052867 seconds 
========================================================================
Received Import Request.
  Time since last request: 0.000068 seconds.
  path: Assets/Models/Environment/Buildings/skyscraperC.fbx
  artifactKey: Guid(ab1eccb26c44bb3459e65b805ad11139) Importer(815301076,1909f56bfc062723c751e8b465ee728b)
Start importing Assets/Models/Environment/Buildings/skyscraperC.fbx using Guid(ab1eccb26c44bb3459e65b805ad11139) Importer(815301076,1909f56bfc062723c751e8b465ee728b)  -> (artifact id: 'ebf93d17398a8d8bcbc4b348452783a8') in 0.057392 seconds 
========================================================================
Received Import Request.
  Time since last request: 0.000031 seconds.
  path: Assets/Models/Environment/Buildings/roof_corner.fbx
  artifactKey: Guid(87fd0ba2fd9c5114bac9756d0ae1b925) Importer(815301076,1909f56bfc062723c751e8b465ee728b)
Start importing Assets/Models/Environment/Buildings/roof_corner.fbx using Guid(87fd0ba2fd9c5114bac9756d0ae1b925) Importer(815301076,1909f56bfc062723c751e8b465ee728b)  -> (artifact id: 'ecba7dccd77d45a33a02dc937a792f5e') in 0.026418 seconds 
========================================================================
Received Import Request.
  Time since last request: 0.372938 seconds.
  path: Assets/Models/Environment/Buildings/small_buildingC.fbx
  artifactKey: Guid(92313ac4df7a92444bb66e5b6425e69d) Importer(815301076,1909f56bfc062723c751e8b465ee728b)
Start importing Assets/Models/Environment/Buildings/small_buildingC.fbx using Guid(92313ac4df7a92444bb66e5b6425e69d) Importer(815301076,1909f56bfc062723c751e8b465ee728b)  -> (artifact id: '07b65fbef3b4794f0fa4c8790a12e4d6') in 0.037241 seconds 
========================================================================
Received Import Request.
  Time since last request: 0.000025 seconds.
  path: Assets/Models/Environment/Buildings/wall_solid.fbx
  artifactKey: Guid(9bdc0cbf6e17a804b8ffcbe5b86cced7) Importer(815301076,1909f56bfc062723c751e8b465ee728b)
Start importing Assets/Models/Environment/Buildings/wall_solid.fbx using Guid(9bdc0cbf6e17a804b8ffcbe5b86cced7) Importer(815301076,1909f56bfc062723c751e8b465ee728b)  -> (artifact id: '13bba840c97e8468100be6c984c81726') in 0.033320 seconds 
========================================================================
Received Import Request.
  Time since last request: 0.000052 seconds.
  path: Assets/Models/Environment/Buildings/wall_doorA.fbx
  artifactKey: Guid(93e050088eaec954fb7855900fb29e76) Importer(815301076,1909f56bfc062723c751e8b465ee728b)
Start importing Assets/Models/Environment/Buildings/wall_doorA.fbx using Guid(93e050088eaec954fb7855900fb29e76) Importer(815301076,1909f56bfc062723c751e8b465ee728b)  -> (artifact id: '888728be9e54a3d10e577beb7a620bf9') in 0.038553 seconds 
========================================================================
Received Import Request.
  Time since last request: 0.000093 seconds.
  path: Assets/Models/Environment/Buildings/wall_windowE.fbx
  artifactKey: Guid(ab2559a1b31e94542a81d29f4fa817b5) Importer(815301076,1909f56bfc062723c751e8b465ee728b)
Start importing Assets/Models/Environment/Buildings/wall_windowE.fbx using Guid(ab2559a1b31e94542a81d29f4fa817b5) Importer(815301076,1909f56bfc062723c751e8b465ee728b)  -> (artifact id: '110af0a6567867c1722f454fc95b4e11') in 0.038151 seconds 
========================================================================
Received Import Request.
  Time since last request: 0.000039 seconds.
  path: Assets/Models/Environment/Buildings/wall_windowA.fbx
  artifactKey: Guid(b723f29482cf7fd4088d663924e1d94b) Importer(815301076,1909f56bfc062723c751e8b465ee728b)
Start importing Assets/Models/Environment/Buildings/wall_windowA.fbx using Guid(b723f29482cf7fd4088d663924e1d94b) Importer(815301076,1909f56bfc062723c751e8b465ee728b)  -> (artifact id: 'c65382c6e69022e08479918aed2c0a34') in 0.033588 seconds 
Editor requested this worker to shutdown with reason: Scaling down because of idle timeout
AssetImportWorker is now disconnected from the server
Process exiting
Exiting without the bug reporter. Application will terminate with return code 0