Using pre-set license
Built from '2021.3/release' branch; Version is '2021.3.12f1 (8af3c3e441b1) revision 9106371'; Using compiler version '192829333'; Build Type 'Release'
OS: 'Windows 11  (10.0.22000) 64bit Core' Language: 'en' Physical Memory: 15776 MB
BatchMode: 1, IsHumanControllingUs: 0, StartBugReporterOnCrash: 0, Is64bit: 1, IsPro: 1

COMMAND LINE ARGUMENTS:
C:\Program Files\Unity\Hub\Editor\2021.3.12f1\Editor\Unity.exe
-adb2
-batchMode
-noUpm
-name
AssetImportWorker10
-projectPath
C:/Users/chess/Documents/TEC/Semestre5/Graficos/CarTrackSimulation/CarTrackSimulation
-logFile
Logs/AssetImportWorker10.log
-srvPort
61526
Successfully changed project path to: C:/Users/chess/Documents/TEC/Semestre5/Graficos/CarTrackSimulation/CarTrackSimulation
C:/Users/chess/Documents/TEC/Semestre5/Graficos/CarTrackSimulation/CarTrackSimulation
[UnityMemory] Configuration Parameters - Can be set up in boot.config
    "memorysetup-bucket-allocator-granularity=16"
    "memorysetup-bucket-allocator-bucket-count=8"
    "memorysetup-bucket-allocator-block-size=33554432"
    "memorysetup-bucket-allocator-block-count=8"
    "memorysetup-main-allocator-block-size=16777216"
    "memorysetup-thread-allocator-block-size=16777216"
    "memorysetup-gfx-main-allocator-block-size=16777216"
    "memorysetup-gfx-thread-allocator-block-size=16777216"
    "memorysetup-cache-allocator-block-size=4194304"
    "memorysetup-typetree-allocator-block-size=2097152"
    "memorysetup-profiler-bucket-allocator-granularity=16"
    "memorysetup-profiler-bucket-allocator-bucket-count=8"
    "memorysetup-profiler-bucket-allocator-block-size=33554432"
    "memorysetup-profiler-bucket-allocator-block-count=8"
    "memorysetup-profiler-allocator-block-size=16777216"
    "memorysetup-profiler-editor-allocator-block-size=1048576"
    "memorysetup-temp-allocator-size-main=16777216"
    "memorysetup-job-temp-allocator-block-size=2097152"
    "memorysetup-job-temp-allocator-block-size-background=1048576"
    "memorysetup-job-temp-allocator-reduction-small-platforms=262144"
    "memorysetup-temp-allocator-size-background-worker=32768"
    "memorysetup-temp-allocator-size-job-worker=262144"
    "memorysetup-temp-allocator-size-preload-manager=33554432"
    "memorysetup-temp-allocator-size-nav-mesh-worker=65536"
    "memorysetup-temp-allocator-size-audio-worker=65536"
    "memorysetup-temp-allocator-size-cloud-worker=32768"
    "memorysetup-temp-allocator-size-gi-baking-worker=262144"
    "memorysetup-temp-allocator-size-gfx=262144"
Refreshing native plugins compatible for Editor in 97.34 ms, found 3 plugins.
Preloading 0 native plugins for Editor in 0.00 ms.
Initialize engine version: 2021.3.12f1 (8af3c3e441b1)
[Subsystems] Discovering subsystems at path C:/Program Files/Unity/Hub/Editor/2021.3.12f1/Editor/Data/Resources/UnitySubsystems
[Subsystems] Discovering subsystems at path C:/Users/chess/Documents/TEC/Semestre5/Graficos/CarTrackSimulation/CarTrackSimulation/Assets
GfxDevice: creating device client; threaded=0; jobified=0
Direct3D:
    Version:  Direct3D 11.0 [level 11.1]
    Renderer: NVIDIA GeForce RTX 3070 Laptop GPU (ID=0x249d)
    Vendor:   NVIDIA
    VRAM:     8044 MB
    Driver:   31.0.15.2225
Initialize mono
Mono path[0] = 'C:/Program Files/Unity/Hub/Editor/2021.3.12f1/Editor/Data/Managed'
Mono path[1] = 'C:/Program Files/Unity/Hub/Editor/2021.3.12f1/Editor/Data/MonoBleedingEdge/lib/mono/unityjit-win32'
Mono config path = 'C:/Program Files/Unity/Hub/Editor/2021.3.12f1/Editor/Data/MonoBleedingEdge/etc'
Using monoOptions --debugger-agent=transport=dt_socket,embedding=1,server=y,suspend=n,address=127.0.0.1:56840
Begin MonoManager ReloadAssembly
Registering precompiled unity dll's ...
Register platform support module: C:/Program Files/Unity/Hub/Editor/2021.3.12f1/Editor/Data/PlaybackEngines/WebGLSupport/UnityEditor.WebGL.Extensions.dll
Register platform support module: C:/Program Files/Unity/Hub/Editor/2021.3.12f1/Editor/Data/PlaybackEngines/WindowsStandaloneSupport/UnityEditor.WindowsStandalone.Extensions.dll
Registered in 0.004099 seconds.
Native extension for WindowsStandalone target not found
Native extension for WebGL target not found
Refreshing native plugins compatible for Editor in 75.27 ms, found 3 plugins.
Preloading 0 native plugins for Editor in 0.00 ms.
Mono: successfully reloaded assembly
- Completed reload, in  0.617 seconds
Domain Reload Profiling:
	ReloadAssembly (617ms)
		BeginReloadAssembly (60ms)
			ExecutionOrderSort (0ms)
			DisableScriptedObjects (0ms)
			BackupInstance (0ms)
			ReleaseScriptingObjects (0ms)
			CreateAndSetChildDomain (1ms)
		EndReloadAssembly (459ms)
			LoadAssemblies (58ms)
			RebuildTransferFunctionScriptingTraits (0ms)
			SetupTypeCache (112ms)
			ReleaseScriptCaches (0ms)
			RebuildScriptCaches (38ms)
			SetupLoadedEditorAssemblies (250ms)
				LogAssemblyErrors (0ms)
				InitializePlatformSupportModulesInManaged (10ms)
				SetLoadedEditorAssemblies (0ms)
				RefreshPlugins (75ms)
				BeforeProcessingInitializeOnLoad (1ms)
				ProcessInitializeOnLoadAttributes (123ms)
				ProcessInitializeOnLoadMethodAttributes (40ms)
				AfterProcessingInitializeOnLoad (0ms)
				EditorAssembliesLoaded (0ms)
			ExecutionOrderSort2 (0ms)
			AwakeInstancesAfterBackupRestoration (0ms)
Platform modules already initialized, skipping
Registering precompiled user dll's ...
Registered in 0.004716 seconds.
Begin MonoManager ReloadAssembly
Symbol file LoadedFromMemory doesn't match image C:\Users\chess\Documents\TEC\Semestre5\Graficos\CarTrackSimulation\CarTrackSimulation\Library\PackageCache\com.unity.visualscripting@1.7.8\Editor\VisualScripting.Core\Dependencies\YamlDotNet\Unity.VisualScripting.YamlDotNet.dll
Symbol file LoadedFromMemory doesn't match image C:\Users\chess\Documents\TEC\Semestre5\Graficos\CarTrackSimulation\CarTrackSimulation\Library\PackageCache\com.unity.visualscripting@1.7.8\Editor\VisualScripting.Core\Dependencies\DotNetZip\Unity.VisualScripting.IonicZip.dll
Native extension for WindowsStandalone target not found
Native extension for WebGL target not found
Refreshing native plugins compatible for Editor in 0.73 ms, found 3 plugins.
Preloading 0 native plugins for Editor in 0.00 ms.
Mono: successfully reloaded assembly
- Completed reload, in  0.945 seconds
Domain Reload Profiling:
	ReloadAssembly (946ms)
		BeginReloadAssembly (97ms)
			ExecutionOrderSort (0ms)
			DisableScriptedObjects (5ms)
			BackupInstance (0ms)
			ReleaseScriptingObjects (0ms)
			CreateAndSetChildDomain (22ms)
		EndReloadAssembly (752ms)
			LoadAssemblies (73ms)
			RebuildTransferFunctionScriptingTraits (0ms)
			SetupTypeCache (262ms)
			ReleaseScriptCaches (1ms)
			RebuildScriptCaches (46ms)
			SetupLoadedEditorAssemblies (326ms)
				LogAssemblyErrors (0ms)
				InitializePlatformSupportModulesInManaged (6ms)
				SetLoadedEditorAssemblies (0ms)
				RefreshPlugins (1ms)
				BeforeProcessingInitializeOnLoad (74ms)
				ProcessInitializeOnLoadAttributes (211ms)
				ProcessInitializeOnLoadMethodAttributes (29ms)
				AfterProcessingInitializeOnLoad (5ms)
				EditorAssembliesLoaded (0ms)
			ExecutionOrderSort2 (0ms)
			AwakeInstancesAfterBackupRestoration (7ms)
Platform modules already initialized, skipping
========================================================================
Worker process is ready to serve import requests
Launched and connected shader compiler UnityShaderCompiler.exe after 0.04 seconds
Refreshing native plugins compatible for Editor in 1.28 ms, found 3 plugins.
Preloading 0 native plugins for Editor in 0.00 ms.
Unloading 3386 Unused Serialized files (Serialized files now loaded: 0)
Unloading 27 unused Assets / (113.3 KB). Loaded Objects now: 3843.
Memory consumption went from 117.5 MB to 117.4 MB.
Total: 3.161300 ms (FindLiveObjects: 0.241300 ms CreateObjectMapping: 0.203300 ms MarkObjects: 2.608300 ms  DeleteObjects: 0.107500 ms)

AssetImportParameters requested are different than current active one (requested -> active):
  custom:video-decoder-ogg-theora: a1e56fd34408186e4bbccfd4996cb3dc -> 
  custom:container-muxer-webm: aa71ff27fc2769a1b78a27578f13a17b -> 
  custom:container-demuxer-webm: 4f35f7cbe854078d1ac9338744f61a02 -> 
  custom:video-encoder-webm-vp8: eb34c28f22e8b96e1ab97ce403110664 -> 
  custom:video-codec-MediaFoundation-h265: 746d11721c4dcdbdad8f713fa42b33f4 -> 
  custom:audio-encoder-webm-vorbis: bf7c407c2cedff20999df2af8eb42d56 -> 
  custom:framework-win-MediaFoundation: 216162199b28c13a410421893ffa2e32 -> 
  custom:container-demuxer-ogg: 62fdf1f143b41e24485cea50d1cbac27 -> 
  custom:video-decoder-webm-vp8: 9c59270c3fd7afecdb556c50c9e8de78 -> 
  custom:audio-decoder-ogg-vorbis: bf7c407c2cedff20999df2af8eb42d56 -> 
========================================================================
Received Import Request.
  Time since last request: 44115.741563 seconds.
  path: Assets/Models/Environment/Nature/tree_pineRoundA.fbx
  artifactKey: Guid(1c0a3ee30ea71f4408d160f0f25665af) Importer(815301076,1909f56bfc062723c751e8b465ee728b)
Start importing Assets/Models/Environment/Nature/tree_pineRoundA.fbx using Guid(1c0a3ee30ea71f4408d160f0f25665af) Importer(815301076,1909f56bfc062723c751e8b465ee728b)  -> (artifact id: '6e4b7cc4a5a004ad7ec24a15a726333f') in 0.217250 seconds 
========================================================================
Received Import Request.
  Time since last request: 0.000084 seconds.
  path: Assets/Models/Environment/Nature/tree_pineTallD_detailed.fbx
  artifactKey: Guid(3934bcd302568614198f7f8ec74503bc) Importer(815301076,1909f56bfc062723c751e8b465ee728b)
Start importing Assets/Models/Environment/Nature/tree_pineTallD_detailed.fbx using Guid(3934bcd302568614198f7f8ec74503bc) Importer(815301076,1909f56bfc062723c751e8b465ee728b)  -> (artifact id: '5518a68be9d1639fb6fb1a83fa770c3c') in 0.027216 seconds 
========================================================================
Received Import Request.
  Time since last request: 0.000042 seconds.
  path: Assets/Models/Environment/Nature/tree_pineSmallB.fbx
  artifactKey: Guid(a4c226be86bfecf43b8e4898c0361a6c) Importer(815301076,1909f56bfc062723c751e8b465ee728b)
Start importing Assets/Models/Environment/Nature/tree_pineSmallB.fbx using Guid(a4c226be86bfecf43b8e4898c0361a6c) Importer(815301076,1909f56bfc062723c751e8b465ee728b)  -> (artifact id: '54164eb1b3b0f9744e8fc5b05b08b3d0') in 0.029912 seconds 
========================================================================
Received Import Request.
  Time since last request: 0.000024 seconds.
  path: Assets/Models/Environment/Nature/tree_pineSmallC.fbx
  artifactKey: Guid(900c9ca38331504419ad30160d403f7f) Importer(815301076,1909f56bfc062723c751e8b465ee728b)
Start importing Assets/Models/Environment/Nature/tree_pineSmallC.fbx using Guid(900c9ca38331504419ad30160d403f7f) Importer(815301076,1909f56bfc062723c751e8b465ee728b)  -> (artifact id: 'a58552c4b51e2da055ab7655d6ec68ab') in 0.029739 seconds 
========================================================================
Received Import Request.
  Time since last request: 0.000055 seconds.
  path: Assets/Models/Environment/Nature/tree_plateau_fall.fbx
  artifactKey: Guid(d5e4cf367e85c5442b1ae871fff16113) Importer(815301076,1909f56bfc062723c751e8b465ee728b)
Start importing Assets/Models/Environment/Nature/tree_plateau_fall.fbx using Guid(d5e4cf367e85c5442b1ae871fff16113) Importer(815301076,1909f56bfc062723c751e8b465ee728b)  -> (artifact id: 'ab4979dd48b77c45df42c7afe8b8b4cb') in 0.038648 seconds 
========================================================================
Received Import Request.
  Time since last request: 0.199368 seconds.
  path: Assets/Models/Environment/Nature/tree_small_dark.fbx
  artifactKey: Guid(ca1a4201379c6274fa327c82c2bc2eda) Importer(815301076,1909f56bfc062723c751e8b465ee728b)
Start importing Assets/Models/Environment/Nature/tree_small_dark.fbx using Guid(ca1a4201379c6274fa327c82c2bc2eda) Importer(815301076,1909f56bfc062723c751e8b465ee728b)  -> (artifact id: '2892238ecf6455630f77dc23b2e392d1') in 0.023935 seconds 
========================================================================
Received Import Request.
  Time since last request: 0.000037 seconds.
  path: Assets/Models/Environment/Nature/tree_tall_fall.fbx
  artifactKey: Guid(3a5e397984265e84bbc200e427dbe9ee) Importer(815301076,1909f56bfc062723c751e8b465ee728b)
Start importing Assets/Models/Environment/Nature/tree_tall_fall.fbx using Guid(3a5e397984265e84bbc200e427dbe9ee) Importer(815301076,1909f56bfc062723c751e8b465ee728b)  -> (artifact id: 'fb651a67c4c617d65f93eb54a122105f') in 0.026064 seconds 
========================================================================
Received Import Request.
  Time since last request: 0.030948 seconds.
  path: Assets/Models/Environment/Nature/tree_thin.fbx
  artifactKey: Guid(3c0f52dd32aeb394fa60d10c8503a95a) Importer(815301076,1909f56bfc062723c751e8b465ee728b)
Start importing Assets/Models/Environment/Nature/tree_thin.fbx using Guid(3c0f52dd32aeb394fa60d10c8503a95a) Importer(815301076,1909f56bfc062723c751e8b465ee728b)  -> (artifact id: 'f617b3edce0001b56d9f6f45ba494302') in 0.029633 seconds 
========================================================================
Received Import Request.
  Time since last request: 1035.461185 seconds.
  path: Assets/Models/Environment/Suburbs
  artifactKey: Guid(8612c6737dc44854f9a9ad3083a345d0) Importer(815301076,1909f56bfc062723c751e8b465ee728b)
Start importing Assets/Models/Environment/Suburbs using Guid(8612c6737dc44854f9a9ad3083a345d0) Importer(815301076,1909f56bfc062723c751e8b465ee728b)  -> (artifact id: '191ffb1df4185298410291f7d30ae27b') in 0.008089 seconds 
========================================================================
Received Import Request.
  Time since last request: 8.089193 seconds.
  path: Assets/Models/Environment/Suburbs/driveway_long.fbx
  artifactKey: Guid(4ef804c01436a9e40b306c4b08b87a53) Importer(815301076,1909f56bfc062723c751e8b465ee728b)
Start importing Assets/Models/Environment/Suburbs/driveway_long.fbx using Guid(4ef804c01436a9e40b306c4b08b87a53) Importer(815301076,1909f56bfc062723c751e8b465ee728b)  -> (artifact id: '43e4426940d2faa42fb374225c324025') in 0.032082 seconds 
========================================================================
Received Import Request.
  Time since last request: 0.000040 seconds.
  path: Assets/Models/Environment/Suburbs/house_type05.fbx
  artifactKey: Guid(d7c4e821855cbcf4c8bc4cbc735f0e65) Importer(815301076,1909f56bfc062723c751e8b465ee728b)
Start importing Assets/Models/Environment/Suburbs/house_type05.fbx using Guid(d7c4e821855cbcf4c8bc4cbc735f0e65) Importer(815301076,1909f56bfc062723c751e8b465ee728b)  -> (artifact id: 'ba812e7078cd9d2e8f433c2aebe272b4') in 0.052466 seconds 
========================================================================
Received Import Request.
  Time since last request: 0.000033 seconds.
  path: Assets/Models/Environment/Suburbs/fence_short.fbx
  artifactKey: Guid(0b8f43abf85043f47b4266afec00d960) Importer(815301076,1909f56bfc062723c751e8b465ee728b)
Start importing Assets/Models/Environment/Suburbs/fence_short.fbx using Guid(0b8f43abf85043f47b4266afec00d960) Importer(815301076,1909f56bfc062723c751e8b465ee728b)  -> (artifact id: '0676c91193cc9547647c4e204847c3d9') in 0.030641 seconds 
========================================================================
Received Import Request.
  Time since last request: 0.000057 seconds.
  path: Assets/Models/Environment/Suburbs/house_type10.fbx
  artifactKey: Guid(35b90e394025f3d43819bb06521588f4) Importer(815301076,1909f56bfc062723c751e8b465ee728b)
Start importing Assets/Models/Environment/Suburbs/house_type10.fbx using Guid(35b90e394025f3d43819bb06521588f4) Importer(815301076,1909f56bfc062723c751e8b465ee728b)  -> (artifact id: '4917beb9daaea543f5c14f13b3858823') in 0.044703 seconds 
========================================================================
Received Import Request.
  Time since last request: 0.000057 seconds.
  path: Assets/Models/Environment/Suburbs/fence_small.fbx
  artifactKey: Guid(54d13dab849a935469919debbd93f8a9) Importer(815301076,1909f56bfc062723c751e8b465ee728b)
Start importing Assets/Models/Environment/Suburbs/fence_small.fbx using Guid(54d13dab849a935469919debbd93f8a9) Importer(815301076,1909f56bfc062723c751e8b465ee728b)  -> (artifact id: 'a5263a73588fcc9b011cc4d97748ed64') in 0.029749 seconds 
========================================================================
Received Import Request.
  Time since last request: 0.000062 seconds.
  path: Assets/Models/Environment/Suburbs/house_type07.fbx
  artifactKey: Guid(7772be5092945084c8f768bd000ad883) Importer(815301076,1909f56bfc062723c751e8b465ee728b)
Start importing Assets/Models/Environment/Suburbs/house_type07.fbx using Guid(7772be5092945084c8f768bd000ad883) Importer(815301076,1909f56bfc062723c751e8b465ee728b)  -> (artifact id: 'f1478b7e1b389e73e266b57489bb8506') in 0.050717 seconds 
========================================================================
Received Import Request.
  Time since last request: 0.000044 seconds.
  path: Assets/Models/Environment/Suburbs/house_type09.fbx
  artifactKey: Guid(d95a7c3bb9ad1f947aab57725564c500) Importer(815301076,1909f56bfc062723c751e8b465ee728b)
Start importing Assets/Models/Environment/Suburbs/house_type09.fbx using Guid(d95a7c3bb9ad1f947aab57725564c500) Importer(815301076,1909f56bfc062723c751e8b465ee728b)  -> (artifact id: '3cb11df9f40e392074d4545286183cbe') in 0.047362 seconds 
========================================================================
Received Import Request.
  Time since last request: 0.000032 seconds.
  path: Assets/Models/Environment/Suburbs/house_type04.fbx
  artifactKey: Guid(ece304847c717e74eb63bf7cb2bd8241) Importer(815301076,1909f56bfc062723c751e8b465ee728b)
Start importing Assets/Models/Environment/Suburbs/house_type04.fbx using Guid(ece304847c717e74eb63bf7cb2bd8241) Importer(815301076,1909f56bfc062723c751e8b465ee728b)  -> (artifact id: '0404d5aaa14737e5604372b82d2e8e14') in 0.042337 seconds 
========================================================================
Received Import Request.
  Time since last request: 0.000063 seconds.
  path: Assets/Models/Environment/Suburbs/fence_large.fbx
  artifactKey: Guid(3e9a40d2676d19844bda8a230220cde0) Importer(815301076,1909f56bfc062723c751e8b465ee728b)
Start importing Assets/Models/Environment/Suburbs/fence_large.fbx using Guid(3e9a40d2676d19844bda8a230220cde0) Importer(815301076,1909f56bfc062723c751e8b465ee728b)  -> (artifact id: '6317240b4d8f1b5fe0e16e346930aa3e') in 0.025274 seconds 
========================================================================
Received Import Request.
  Time since last request: 0.000041 seconds.
  path: Assets/Models/Environment/Suburbs/house_type15.fbx
  artifactKey: Guid(8afdc780fa3e14b4fb0ccacb2a4c4bd4) Importer(815301076,1909f56bfc062723c751e8b465ee728b)
Start importing Assets/Models/Environment/Suburbs/house_type15.fbx using Guid(8afdc780fa3e14b4fb0ccacb2a4c4bd4) Importer(815301076,1909f56bfc062723c751e8b465ee728b)  -> (artifact id: '7f2d15319665a3d472ab94480991d885') in 0.048089 seconds 
========================================================================
Received Import Request.
  Time since last request: 0.000044 seconds.
  path: Assets/Models/Environment/Suburbs/fence_medium.fbx
  artifactKey: Guid(b32e3e1a2f4f7054daa3bdfb07133203) Importer(815301076,1909f56bfc062723c751e8b465ee728b)
Start importing Assets/Models/Environment/Suburbs/fence_medium.fbx using Guid(b32e3e1a2f4f7054daa3bdfb07133203) Importer(815301076,1909f56bfc062723c751e8b465ee728b)  -> (artifact id: '7a42f8e69093b400cce063b2ea381c76') in 0.030426 seconds 
========================================================================
Received Import Request.
  Time since last request: 0.000041 seconds.
  path: Assets/Models/Environment/Suburbs/house_type16.fbx
  artifactKey: Guid(ae281cb05b43afb40a683f12713bd9d3) Importer(815301076,1909f56bfc062723c751e8b465ee728b)
Start importing Assets/Models/Environment/Suburbs/house_type16.fbx using Guid(ae281cb05b43afb40a683f12713bd9d3) Importer(815301076,1909f56bfc062723c751e8b465ee728b)  -> (artifact id: '8bf56600931a688e84ed5ebd4cca59a4') in 0.043290 seconds 
========================================================================
Received Import Request.
  Time since last request: 0.000033 seconds.
  path: Assets/Models/Environment/Suburbs/house_type17.fbx
  artifactKey: Guid(e40f69db158c5ca46bb0f1782ce0a9fa) Importer(815301076,1909f56bfc062723c751e8b465ee728b)
Start importing Assets/Models/Environment/Suburbs/house_type17.fbx using Guid(e40f69db158c5ca46bb0f1782ce0a9fa) Importer(815301076,1909f56bfc062723c751e8b465ee728b)  -> (artifact id: '678531c51ae11e8000ef713dd17f2411') in 0.045638 seconds 
========================================================================
Received Import Request.
  Time since last request: 6.215746 seconds.
  path: Assets/Models/Environment/Suburbs/house_type19.fbx
  artifactKey: Guid(d75cb1fdc69d6cd4491386191adf0df1) Importer(815301076,1909f56bfc062723c751e8b465ee728b)
Start importing Assets/Models/Environment/Suburbs/house_type19.fbx using Guid(d75cb1fdc69d6cd4491386191adf0df1) Importer(815301076,1909f56bfc062723c751e8b465ee728b)  -> (artifact id: '25f24e6c746dba85cf20785791e32b0d') in 0.046895 seconds 
========================================================================
Received Import Request.
  Time since last request: 0.000025 seconds.
  path: Assets/Models/Environment/Suburbs/tree_large.fbx
  artifactKey: Guid(748d7897f699ca84a8a94e67af30c0ef) Importer(815301076,1909f56bfc062723c751e8b465ee728b)
Start importing Assets/Models/Environment/Suburbs/tree_large.fbx using Guid(748d7897f699ca84a8a94e67af30c0ef) Importer(815301076,1909f56bfc062723c751e8b465ee728b)  -> (artifact id: '2d9496c4dfd7475eab6af9419cd37caf') in 0.036334 seconds 
========================================================================
Received Import Request.
  Time since last request: 0.000026 seconds.
  path: Assets/Models/Environment/Suburbs/path_tilesShort.fbx
  artifactKey: Guid(c78ca9eb8dc51f143bf4d0c66de3c9f4) Importer(815301076,1909f56bfc062723c751e8b465ee728b)
Start importing Assets/Models/Environment/Suburbs/path_tilesShort.fbx using Guid(c78ca9eb8dc51f143bf4d0c66de3c9f4) Importer(815301076,1909f56bfc062723c751e8b465ee728b)  -> (artifact id: '92ba58646bb0c3f701af7ad14d194c11') in 0.034969 seconds 
========================================================================
Received Import Request.
  Time since last request: 0.000028 seconds.
  path: Assets/Models/Environment/Suburbs/path_tilesLong.fbx
  artifactKey: Guid(43c700ac96b16ca4aa6c1d3131a9dcb6) Importer(815301076,1909f56bfc062723c751e8b465ee728b)
Start importing Assets/Models/Environment/Suburbs/path_tilesLong.fbx using Guid(43c700ac96b16ca4aa6c1d3131a9dcb6) Importer(815301076,1909f56bfc062723c751e8b465ee728b)  -> (artifact id: '1860a778c359be9c1d5a3799177d82a6') in 0.030776 seconds 
Editor requested this worker to shutdown with reason: Scaling down because of idle timeout
AssetImportWorker is now disconnected from the server
Process exiting
Exiting without the bug reporter. Application will terminate with return code 0