Using pre-set license
Built from '2021.3/release' branch; Version is '2021.3.12f1 (8af3c3e441b1) revision 9106371'; Using compiler version '192829333'; Build Type 'Release'
OS: 'Windows 11  (10.0.22000) 64bit Core' Language: 'en' Physical Memory: 15776 MB
BatchMode: 1, IsHumanControllingUs: 0, StartBugReporterOnCrash: 0, Is64bit: 1, IsPro: 1

COMMAND LINE ARGUMENTS:
C:\Program Files\Unity\Hub\Editor\2021.3.12f1\Editor\Unity.exe
-adb2
-batchMode
-noUpm
-name
AssetImportWorker7
-projectPath
C:/Users/chess/Documents/TEC/Semestre5/Graficos/CarTrackSimulation/CarTrackSimulation
-logFile
Logs/AssetImportWorker7.log
-srvPort
61526
Successfully changed project path to: C:/Users/chess/Documents/TEC/Semestre5/Graficos/CarTrackSimulation/CarTrackSimulation
C:/Users/chess/Documents/TEC/Semestre5/Graficos/CarTrackSimulation/CarTrackSimulation
[UnityMemory] Configuration Parameters - Can be set up in boot.config
    "memorysetup-bucket-allocator-granularity=16"
    "memorysetup-bucket-allocator-bucket-count=8"
    "memorysetup-bucket-allocator-block-size=33554432"
    "memorysetup-bucket-allocator-block-count=8"
    "memorysetup-main-allocator-block-size=16777216"
    "memorysetup-thread-allocator-block-size=16777216"
    "memorysetup-gfx-main-allocator-block-size=16777216"
    "memorysetup-gfx-thread-allocator-block-size=16777216"
    "memorysetup-cache-allocator-block-size=4194304"
    "memorysetup-typetree-allocator-block-size=2097152"
    "memorysetup-profiler-bucket-allocator-granularity=16"
    "memorysetup-profiler-bucket-allocator-bucket-count=8"
    "memorysetup-profiler-bucket-allocator-block-size=33554432"
    "memorysetup-profiler-bucket-allocator-block-count=8"
    "memorysetup-profiler-allocator-block-size=16777216"
    "memorysetup-profiler-editor-allocator-block-size=1048576"
    "memorysetup-temp-allocator-size-main=16777216"
    "memorysetup-job-temp-allocator-block-size=2097152"
    "memorysetup-job-temp-allocator-block-size-background=1048576"
    "memorysetup-job-temp-allocator-reduction-small-platforms=262144"
    "memorysetup-temp-allocator-size-background-worker=32768"
    "memorysetup-temp-allocator-size-job-worker=262144"
    "memorysetup-temp-allocator-size-preload-manager=33554432"
    "memorysetup-temp-allocator-size-nav-mesh-worker=65536"
    "memorysetup-temp-allocator-size-audio-worker=65536"
    "memorysetup-temp-allocator-size-cloud-worker=32768"
    "memorysetup-temp-allocator-size-gi-baking-worker=262144"
    "memorysetup-temp-allocator-size-gfx=262144"
Refreshing native plugins compatible for Editor in 91.39 ms, found 3 plugins.
Preloading 0 native plugins for Editor in 0.00 ms.
Initialize engine version: 2021.3.12f1 (8af3c3e441b1)
[Subsystems] Discovering subsystems at path C:/Program Files/Unity/Hub/Editor/2021.3.12f1/Editor/Data/Resources/UnitySubsystems
[Subsystems] Discovering subsystems at path C:/Users/chess/Documents/TEC/Semestre5/Graficos/CarTrackSimulation/CarTrackSimulation/Assets
GfxDevice: creating device client; threaded=0; jobified=0
Direct3D:
    Version:  Direct3D 11.0 [level 11.1]
    Renderer: NVIDIA GeForce RTX 3070 Laptop GPU (ID=0x249d)
    Vendor:   NVIDIA
    VRAM:     8044 MB
    Driver:   31.0.15.2225
Initialize mono
Mono path[0] = 'C:/Program Files/Unity/Hub/Editor/2021.3.12f1/Editor/Data/Managed'
Mono path[1] = 'C:/Program Files/Unity/Hub/Editor/2021.3.12f1/Editor/Data/MonoBleedingEdge/lib/mono/unityjit-win32'
Mono config path = 'C:/Program Files/Unity/Hub/Editor/2021.3.12f1/Editor/Data/MonoBleedingEdge/etc'
Using monoOptions --debugger-agent=transport=dt_socket,embedding=1,server=y,suspend=n,address=127.0.0.1:56468
Begin MonoManager ReloadAssembly
Registering precompiled unity dll's ...
Register platform support module: C:/Program Files/Unity/Hub/Editor/2021.3.12f1/Editor/Data/PlaybackEngines/WebGLSupport/UnityEditor.WebGL.Extensions.dll
Register platform support module: C:/Program Files/Unity/Hub/Editor/2021.3.12f1/Editor/Data/PlaybackEngines/WindowsStandaloneSupport/UnityEditor.WindowsStandalone.Extensions.dll
Registered in 0.004102 seconds.
Native extension for WindowsStandalone target not found
Native extension for WebGL target not found
Refreshing native plugins compatible for Editor in 69.88 ms, found 3 plugins.
Preloading 0 native plugins for Editor in 0.00 ms.
Mono: successfully reloaded assembly
- Completed reload, in  0.566 seconds
Domain Reload Profiling:
	ReloadAssembly (567ms)
		BeginReloadAssembly (66ms)
			ExecutionOrderSort (0ms)
			DisableScriptedObjects (0ms)
			BackupInstance (0ms)
			ReleaseScriptingObjects (0ms)
			CreateAndSetChildDomain (1ms)
		EndReloadAssembly (411ms)
			LoadAssemblies (65ms)
			RebuildTransferFunctionScriptingTraits (0ms)
			SetupTypeCache (89ms)
			ReleaseScriptCaches (0ms)
			RebuildScriptCaches (24ms)
			SetupLoadedEditorAssemblies (254ms)
				LogAssemblyErrors (0ms)
				InitializePlatformSupportModulesInManaged (8ms)
				SetLoadedEditorAssemblies (0ms)
				RefreshPlugins (70ms)
				BeforeProcessingInitializeOnLoad (1ms)
				ProcessInitializeOnLoadAttributes (128ms)
				ProcessInitializeOnLoadMethodAttributes (45ms)
				AfterProcessingInitializeOnLoad (0ms)
				EditorAssembliesLoaded (0ms)
			ExecutionOrderSort2 (0ms)
			AwakeInstancesAfterBackupRestoration (0ms)
Platform modules already initialized, skipping
Registering precompiled user dll's ...
Registered in 0.004910 seconds.
Begin MonoManager ReloadAssembly
Symbol file LoadedFromMemory doesn't match image C:\Users\chess\Documents\TEC\Semestre5\Graficos\CarTrackSimulation\CarTrackSimulation\Library\PackageCache\com.unity.visualscripting@1.7.8\Editor\VisualScripting.Core\Dependencies\YamlDotNet\Unity.VisualScripting.YamlDotNet.dll
Symbol file LoadedFromMemory doesn't match image C:\Users\chess\Documents\TEC\Semestre5\Graficos\CarTrackSimulation\CarTrackSimulation\Library\PackageCache\com.unity.visualscripting@1.7.8\Editor\VisualScripting.Core\Dependencies\DotNetZip\Unity.VisualScripting.IonicZip.dll
Native extension for WindowsStandalone target not found
Native extension for WebGL target not found
Refreshing native plugins compatible for Editor in 1.14 ms, found 3 plugins.
Preloading 0 native plugins for Editor in 0.00 ms.
Mono: successfully reloaded assembly
- Completed reload, in  0.899 seconds
Domain Reload Profiling:
	ReloadAssembly (900ms)
		BeginReloadAssembly (99ms)
			ExecutionOrderSort (0ms)
			DisableScriptedObjects (5ms)
			BackupInstance (0ms)
			ReleaseScriptingObjects (0ms)
			CreateAndSetChildDomain (23ms)
		EndReloadAssembly (702ms)
			LoadAssemblies (72ms)
			RebuildTransferFunctionScriptingTraits (0ms)
			SetupTypeCache (220ms)
			ReleaseScriptCaches (1ms)
			RebuildScriptCaches (50ms)
			SetupLoadedEditorAssemblies (327ms)
				LogAssemblyErrors (0ms)
				InitializePlatformSupportModulesInManaged (5ms)
				SetLoadedEditorAssemblies (0ms)
				RefreshPlugins (1ms)
				BeforeProcessingInitializeOnLoad (76ms)
				ProcessInitializeOnLoadAttributes (213ms)
				ProcessInitializeOnLoadMethodAttributes (27ms)
				AfterProcessingInitializeOnLoad (5ms)
				EditorAssembliesLoaded (0ms)
			ExecutionOrderSort2 (0ms)
			AwakeInstancesAfterBackupRestoration (6ms)
Platform modules already initialized, skipping
========================================================================
Worker process is ready to serve import requests
Launched and connected shader compiler UnityShaderCompiler.exe after 0.04 seconds
Refreshing native plugins compatible for Editor in 0.85 ms, found 3 plugins.
Preloading 0 native plugins for Editor in 0.00 ms.
Unloading 3386 Unused Serialized files (Serialized files now loaded: 0)
Unloading 27 unused Assets / (113.3 KB). Loaded Objects now: 3843.
Memory consumption went from 117.5 MB to 117.4 MB.
Total: 5.502800 ms (FindLiveObjects: 0.423900 ms CreateObjectMapping: 0.214100 ms MarkObjects: 4.519500 ms  DeleteObjects: 0.343900 ms)

AssetImportParameters requested are different than current active one (requested -> active):
  custom:video-decoder-ogg-theora: a1e56fd34408186e4bbccfd4996cb3dc -> 
  custom:container-muxer-webm: aa71ff27fc2769a1b78a27578f13a17b -> 
  custom:container-demuxer-webm: 4f35f7cbe854078d1ac9338744f61a02 -> 
  custom:video-encoder-webm-vp8: eb34c28f22e8b96e1ab97ce403110664 -> 
  custom:video-codec-MediaFoundation-h265: 746d11721c4dcdbdad8f713fa42b33f4 -> 
  custom:audio-encoder-webm-vorbis: bf7c407c2cedff20999df2af8eb42d56 -> 
  custom:framework-win-MediaFoundation: 216162199b28c13a410421893ffa2e32 -> 
  custom:container-demuxer-ogg: 62fdf1f143b41e24485cea50d1cbac27 -> 
  custom:video-decoder-webm-vp8: 9c59270c3fd7afecdb556c50c9e8de78 -> 
  custom:audio-decoder-ogg-vorbis: bf7c407c2cedff20999df2af8eb42d56 -> 
========================================================================
Received Import Request.
  Time since last request: 43918.923562 seconds.
  path: Assets/Models/Environment/Nature/plant_bushTriangle.fbx
  artifactKey: Guid(c6ce4ab0695625a41a21b34c91733f12) Importer(815301076,1909f56bfc062723c751e8b465ee728b)
Start importing Assets/Models/Environment/Nature/plant_bushTriangle.fbx using Guid(c6ce4ab0695625a41a21b34c91733f12) Importer(815301076,1909f56bfc062723c751e8b465ee728b)  -> (artifact id: 'e577d6a2b5ce232332b8ceed8af62a04') in 0.168473 seconds 
========================================================================
Received Import Request.
  Time since last request: 0.000042 seconds.
  path: Assets/Models/Environment/Nature/pot_large.fbx
  artifactKey: Guid(284c1f07460aa094b8bed958db4f87c4) Importer(815301076,1909f56bfc062723c751e8b465ee728b)
Start importing Assets/Models/Environment/Nature/pot_large.fbx using Guid(284c1f07460aa094b8bed958db4f87c4) Importer(815301076,1909f56bfc062723c751e8b465ee728b)  -> (artifact id: '06c30ddf19906006dddda1a55a637b97') in 0.030903 seconds 
========================================================================
Received Import Request.
  Time since last request: 0.000033 seconds.
  path: Assets/Models/Environment/Nature/plant_flatTall.fbx
  artifactKey: Guid(ff1b32691189de04fac2f8ebccf28fd7) Importer(815301076,1909f56bfc062723c751e8b465ee728b)
Start importing Assets/Models/Environment/Nature/plant_flatTall.fbx using Guid(ff1b32691189de04fac2f8ebccf28fd7) Importer(815301076,1909f56bfc062723c751e8b465ee728b)  -> (artifact id: '084e9cb2691a8d9f534a21a6ddcd16b7') in 0.027235 seconds 
========================================================================
Received Import Request.
  Time since last request: 0.344275 seconds.
  path: Assets/Models/Environment/Nature/rock_largeC.fbx
  artifactKey: Guid(5ae3b0ff4c9c20947a5a8bf10892e85b) Importer(815301076,1909f56bfc062723c751e8b465ee728b)
Start importing Assets/Models/Environment/Nature/rock_largeC.fbx using Guid(5ae3b0ff4c9c20947a5a8bf10892e85b) Importer(815301076,1909f56bfc062723c751e8b465ee728b)  -> (artifact id: 'e406a5fa4ccd36265d097923fb530c0a') in 0.027114 seconds 
========================================================================
Received Import Request.
  Time since last request: 0.000045 seconds.
  path: Assets/Models/Environment/Nature/rock_largeD.fbx
  artifactKey: Guid(bb260cb79a7af754499d4e137cf6f6b7) Importer(815301076,1909f56bfc062723c751e8b465ee728b)
Start importing Assets/Models/Environment/Nature/rock_largeD.fbx using Guid(bb260cb79a7af754499d4e137cf6f6b7) Importer(815301076,1909f56bfc062723c751e8b465ee728b)  -> (artifact id: '5280d9ebea75a54378e733253c678cff') in 0.037396 seconds 
========================================================================
Received Import Request.
  Time since last request: 0.000035 seconds.
  path: Assets/Models/Environment/Nature/rock_largeE.fbx
  artifactKey: Guid(b09cb2abeb4eb1146886d693e92c025f) Importer(815301076,1909f56bfc062723c751e8b465ee728b)
Start importing Assets/Models/Environment/Nature/rock_largeE.fbx using Guid(b09cb2abeb4eb1146886d693e92c025f) Importer(815301076,1909f56bfc062723c751e8b465ee728b)  -> (artifact id: 'dbec069c64b518c2557e0540aacb8ab8') in 0.025906 seconds 
========================================================================
Received Import Request.
  Time since last request: 0.614824 seconds.
  path: Assets/Models/Environment/Nature/rock_smallB.fbx
  artifactKey: Guid(71063ca4586fa0d4a9889865f92f9539) Importer(815301076,1909f56bfc062723c751e8b465ee728b)
Start importing Assets/Models/Environment/Nature/rock_smallB.fbx using Guid(71063ca4586fa0d4a9889865f92f9539) Importer(815301076,1909f56bfc062723c751e8b465ee728b)  -> (artifact id: '6bf29ea873ee329d072a2f62f8fb94fd') in 0.022422 seconds 
========================================================================
Received Import Request.
  Time since last request: 0.000095 seconds.
  path: Assets/Models/Environment/Nature/rock_smallD.fbx
  artifactKey: Guid(6a98a14b251c1f0489f292d2268e51fb) Importer(815301076,1909f56bfc062723c751e8b465ee728b)
Start importing Assets/Models/Environment/Nature/rock_smallD.fbx using Guid(6a98a14b251c1f0489f292d2268e51fb) Importer(815301076,1909f56bfc062723c751e8b465ee728b)  -> (artifact id: '8cb6a4e842100772eb50e67dd97999d7') in 0.024863 seconds 
========================================================================
Received Import Request.
  Time since last request: 0.000041 seconds.
  path: Assets/Models/Environment/Nature/rock_smallC.fbx
  artifactKey: Guid(85acb7734c9380549bf5b6116d1b9abe) Importer(815301076,1909f56bfc062723c751e8b465ee728b)
Start importing Assets/Models/Environment/Nature/rock_smallC.fbx using Guid(85acb7734c9380549bf5b6116d1b9abe) Importer(815301076,1909f56bfc062723c751e8b465ee728b)  -> (artifact id: '8704830095221759286f4283a608c030') in 0.030088 seconds 
========================================================================
Received Import Request.
  Time since last request: 0.645360 seconds.
  path: Assets/Models/Environment/Nature/rock_smallFlatA.fbx
  artifactKey: Guid(209c8ba0c1592e34aa358f5340ecbbfd) Importer(815301076,1909f56bfc062723c751e8b465ee728b)
Start importing Assets/Models/Environment/Nature/rock_smallFlatA.fbx using Guid(209c8ba0c1592e34aa358f5340ecbbfd) Importer(815301076,1909f56bfc062723c751e8b465ee728b)  -> (artifact id: 'd380871ae2ff3a4970d4cd5a0da89c34') in 0.030567 seconds 
========================================================================
Received Import Request.
  Time since last request: 0.000033 seconds.
  path: Assets/Models/Environment/Nature/rock_smallI.fbx
  artifactKey: Guid(67e9919d68e521c438335abe4845fcd3) Importer(815301076,1909f56bfc062723c751e8b465ee728b)
Start importing Assets/Models/Environment/Nature/rock_smallI.fbx using Guid(67e9919d68e521c438335abe4845fcd3) Importer(815301076,1909f56bfc062723c751e8b465ee728b)  -> (artifact id: '548906a6e7cdabd2175ae4645844ce15') in 0.032577 seconds 
========================================================================
Received Import Request.
  Time since last request: 0.000056 seconds.
  path: Assets/Models/Environment/Nature/rock_tallA.fbx
  artifactKey: Guid(a63e722599d2fa54aa286209419514f7) Importer(815301076,1909f56bfc062723c751e8b465ee728b)
Start importing Assets/Models/Environment/Nature/rock_tallA.fbx using Guid(a63e722599d2fa54aa286209419514f7) Importer(815301076,1909f56bfc062723c751e8b465ee728b)  -> (artifact id: '64f5f2490fe33041af348c2de904df16') in 0.032610 seconds 
========================================================================
Received Import Request.
  Time since last request: 0.000027 seconds.
  path: Assets/Models/Environment/Nature/rock_smallG.fbx
  artifactKey: Guid(ba522e47c88c7ba4d86a26f1e0a29e88) Importer(815301076,1909f56bfc062723c751e8b465ee728b)
Start importing Assets/Models/Environment/Nature/rock_smallG.fbx using Guid(ba522e47c88c7ba4d86a26f1e0a29e88) Importer(815301076,1909f56bfc062723c751e8b465ee728b)  -> (artifact id: '7c19a121302b3ad3899455e0c4c30121') in 0.027572 seconds 
========================================================================
Received Import Request.
  Time since last request: 0.000038 seconds.
  path: Assets/Models/Environment/Nature/rock_tallF.fbx
  artifactKey: Guid(9a3506551fa807d4789b29d089fc9141) Importer(815301076,1909f56bfc062723c751e8b465ee728b)
Start importing Assets/Models/Environment/Nature/rock_tallF.fbx using Guid(9a3506551fa807d4789b29d089fc9141) Importer(815301076,1909f56bfc062723c751e8b465ee728b)  -> (artifact id: '195c83a4c4a29d3e8cdd6d989295c63c') in 0.035138 seconds 
========================================================================
Received Import Request.
  Time since last request: 0.000031 seconds.
  path: Assets/Models/Environment/Nature/rock_smallFlatB.fbx
  artifactKey: Guid(72dac5d596c8f154cbdb5952a40f7ab3) Importer(815301076,1909f56bfc062723c751e8b465ee728b)
Start importing Assets/Models/Environment/Nature/rock_smallFlatB.fbx using Guid(72dac5d596c8f154cbdb5952a40f7ab3) Importer(815301076,1909f56bfc062723c751e8b465ee728b)  -> (artifact id: '3028fb690d1c25778d49dfd31135179f') in 0.028275 seconds 
========================================================================
Received Import Request.
  Time since last request: 0.000041 seconds.
  path: Assets/Models/Environment/Nature/rock_tallH.fbx
  artifactKey: Guid(12934c977860c794aad4004a381e6cd1) Importer(815301076,1909f56bfc062723c751e8b465ee728b)
Start importing Assets/Models/Environment/Nature/rock_tallH.fbx using Guid(12934c977860c794aad4004a381e6cd1) Importer(815301076,1909f56bfc062723c751e8b465ee728b)  -> (artifact id: 'ef7e6ac7983d779e6169af185369a337') in 0.036777 seconds 
========================================================================
Received Import Request.
  Time since last request: 0.000035 seconds.
  path: Assets/Models/Environment/Nature/rock_tallJ.fbx
  artifactKey: Guid(1d9d8ed4338461049b8c02c7846177e4) Importer(815301076,1909f56bfc062723c751e8b465ee728b)
Start importing Assets/Models/Environment/Nature/rock_tallJ.fbx using Guid(1d9d8ed4338461049b8c02c7846177e4) Importer(815301076,1909f56bfc062723c751e8b465ee728b)  -> (artifact id: '48682eda3a13b0c419a40a3bdd652391') in 0.031852 seconds 
========================================================================
Received Import Request.
  Time since last request: 0.000023 seconds.
  path: Assets/Models/Environment/Nature/rock_tallG.fbx
  artifactKey: Guid(0c3b76b38d9c3474183297a30c2a252e) Importer(815301076,1909f56bfc062723c751e8b465ee728b)
Start importing Assets/Models/Environment/Nature/rock_tallG.fbx using Guid(0c3b76b38d9c3474183297a30c2a252e) Importer(815301076,1909f56bfc062723c751e8b465ee728b)  -> (artifact id: 'd32d64f942cace71f4fcadd92694413a') in 0.041793 seconds 
========================================================================
Received Import Request.
  Time since last request: 0.000056 seconds.
  path: Assets/Models/Environment/Nature/rock_tallC.fbx
  artifactKey: Guid(64ba2bc70572c8d44b0a13d7b8051885) Importer(815301076,1909f56bfc062723c751e8b465ee728b)
Start importing Assets/Models/Environment/Nature/rock_tallC.fbx using Guid(64ba2bc70572c8d44b0a13d7b8051885) Importer(815301076,1909f56bfc062723c751e8b465ee728b)  -> (artifact id: 'ba0d89072af7da8d8dca8ce3213784cc') in 0.032804 seconds 
========================================================================
Received Import Request.
  Time since last request: 0.177146 seconds.
  path: Assets/Models/Environment/Nature/statue_column.fbx
  artifactKey: Guid(0f8bf5e2833a13d49ab8835784a7adfa) Importer(815301076,1909f56bfc062723c751e8b465ee728b)
Start importing Assets/Models/Environment/Nature/statue_column.fbx using Guid(0f8bf5e2833a13d49ab8835784a7adfa) Importer(815301076,1909f56bfc062723c751e8b465ee728b)  -> (artifact id: '129e0d276289275cc0e50005d852b933') in 0.028884 seconds 
========================================================================
Received Import Request.
  Time since last request: 0.000021 seconds.
  path: Assets/Models/Environment/Nature/statue_head.fbx
  artifactKey: Guid(b3684988cf67115469a7f41afbd64387) Importer(815301076,1909f56bfc062723c751e8b465ee728b)
Start importing Assets/Models/Environment/Nature/statue_head.fbx using Guid(b3684988cf67115469a7f41afbd64387) Importer(815301076,1909f56bfc062723c751e8b465ee728b)  -> (artifact id: 'bca8e259f43517bf76fc6f35d3a7b654') in 0.035264 seconds 
========================================================================
Received Import Request.
  Time since last request: 0.370970 seconds.
  path: Assets/Models/Environment/Nature/stone_largeA.fbx
  artifactKey: Guid(24178a9891fc49c4aad0a934816ccdb8) Importer(815301076,1909f56bfc062723c751e8b465ee728b)
Start importing Assets/Models/Environment/Nature/stone_largeA.fbx using Guid(24178a9891fc49c4aad0a934816ccdb8) Importer(815301076,1909f56bfc062723c751e8b465ee728b)  -> (artifact id: '2f6828c489f6426548e987ce84f4c3bc') in 0.021438 seconds 
========================================================================
Received Import Request.
  Time since last request: 0.000038 seconds.
  path: Assets/Models/Environment/Nature/stone_largeC.fbx
  artifactKey: Guid(2fcd7b858ab8f2246a6d8e4cb4342d8d) Importer(815301076,1909f56bfc062723c751e8b465ee728b)
Start importing Assets/Models/Environment/Nature/stone_largeC.fbx using Guid(2fcd7b858ab8f2246a6d8e4cb4342d8d) Importer(815301076,1909f56bfc062723c751e8b465ee728b)  -> (artifact id: '20b700ee3d20aa94b602d28f36b66077') in 0.027538 seconds 
========================================================================
Received Import Request.
  Time since last request: 0.000050 seconds.
  path: Assets/Models/Environment/Nature/stone_smallC.fbx
  artifactKey: Guid(4070176273634dd4faa9833e6933c5e9) Importer(815301076,1909f56bfc062723c751e8b465ee728b)
Start importing Assets/Models/Environment/Nature/stone_smallC.fbx using Guid(4070176273634dd4faa9833e6933c5e9) Importer(815301076,1909f56bfc062723c751e8b465ee728b)  -> (artifact id: 'ef1948644f8c559060eccfbebb573927') in 0.029886 seconds 
========================================================================
Received Import Request.
  Time since last request: 0.000041 seconds.
  path: Assets/Models/Environment/Nature/stone_smallFlatB.fbx
  artifactKey: Guid(d29ec0393bc1bf443a3ae7ec295fc303) Importer(815301076,1909f56bfc062723c751e8b465ee728b)
Start importing Assets/Models/Environment/Nature/stone_smallFlatB.fbx using Guid(d29ec0393bc1bf443a3ae7ec295fc303) Importer(815301076,1909f56bfc062723c751e8b465ee728b)  -> (artifact id: 'a66d89d489656aacaf9c79153a67aea9') in 0.027418 seconds 
========================================================================
Received Import Request.
  Time since last request: 0.000033 seconds.
  path: Assets/Models/Environment/Nature/stone_smallD.fbx
  artifactKey: Guid(cf33c1abc6b11e14f9408b06e841668e) Importer(815301076,1909f56bfc062723c751e8b465ee728b)
Start importing Assets/Models/Environment/Nature/stone_smallD.fbx using Guid(cf33c1abc6b11e14f9408b06e841668e) Importer(815301076,1909f56bfc062723c751e8b465ee728b)  -> (artifact id: '3356d2a2026049bdf1d22f36b121c7e0') in 0.025103 seconds 
========================================================================
Received Import Request.
  Time since last request: 0.000058 seconds.
  path: Assets/Models/Environment/Nature/stone_smallF.fbx
  artifactKey: Guid(cfb42f1fe0591eb4880e9f40b570284a) Importer(815301076,1909f56bfc062723c751e8b465ee728b)
Start importing Assets/Models/Environment/Nature/stone_smallF.fbx using Guid(cfb42f1fe0591eb4880e9f40b570284a) Importer(815301076,1909f56bfc062723c751e8b465ee728b)  -> (artifact id: 'cc24bc41160727f1d6af6b486edecd36') in 0.029510 seconds 
========================================================================
Received Import Request.
  Time since last request: 0.000053 seconds.
  path: Assets/Models/Environment/Nature/stone_largeB.fbx
  artifactKey: Guid(0a41582c28d38de44b27d4e97b788aeb) Importer(815301076,1909f56bfc062723c751e8b465ee728b)
Start importing Assets/Models/Environment/Nature/stone_largeB.fbx using Guid(0a41582c28d38de44b27d4e97b788aeb) Importer(815301076,1909f56bfc062723c751e8b465ee728b)  -> (artifact id: '0e92ed17b4060f49e495c9a5c1a5da6c') in 0.032155 seconds 
========================================================================
Received Import Request.
  Time since last request: 87.373277 seconds.
  path: Assets/Models/Environment/Nature/stone_smallG.fbx
  artifactKey: Guid(853b5d9376bd6bf43bc22ea656325636) Importer(815301076,1909f56bfc062723c751e8b465ee728b)
Start importing Assets/Models/Environment/Nature/stone_smallG.fbx using Guid(853b5d9376bd6bf43bc22ea656325636) Importer(815301076,1909f56bfc062723c751e8b465ee728b)  -> (artifact id: 'a8ad9d9ec1cb508b4e9689c2fbbfd4bd') in 0.039393 seconds 
========================================================================
Received Import Request.
  Time since last request: 0.000034 seconds.
  path: Assets/Models/Environment/Nature/stone_smallI.fbx
  artifactKey: Guid(7d7456beb324bf549a60ceec03e0f88e) Importer(815301076,1909f56bfc062723c751e8b465ee728b)
Start importing Assets/Models/Environment/Nature/stone_smallI.fbx using Guid(7d7456beb324bf549a60ceec03e0f88e) Importer(815301076,1909f56bfc062723c751e8b465ee728b)  -> (artifact id: '5d99cf4b55ce6ab8aabf1b337820c0df') in 0.032285 seconds 
Editor requested this worker to shutdown with reason: Scaling down because of idle timeout
AssetImportWorker is now disconnected from the server
Process exiting
Exiting without the bug reporter. Application will terminate with return code 0